Building DAG of jobs...
Using shell: /usr/bin/bash
Provided cores: 1 (use --cores to define parallelism)
Rules claiming more threads will be scaled down.
Conda environments: ignored
Job stats:
job                    count    min threads    max threads
-------------------  -------  -------------  -------------
createNotebook             1              1              1
extractSequencesTSS        1              1              1
total                      2              1              1

Select jobs to execute...

[Wed Oct 26 10:30:49 2022]
rule extractSequencesTSS:
    input: TSS_LUZ7_t10/LUZ7_enriched_t10_peaks.plus.bed
    output: TSS_LUZ7_t10/TSS_seq_LUZ7_enriched_t10.plus.fa.out
    jobid: 1
    reason: Missing output files: TSS_LUZ7_t10/TSS_seq_LUZ7_enriched_t10.plus.fa.out; Updated input files: TSS_LUZ7_t10/LUZ7_enriched_t10_peaks.plus.bed
    wildcards: phage=LUZ7, ident=t10, cond=enriched, sign=plus
    resources: tmpdir=/tmp

[Wed Oct 26 10:30:49 2022]
Finished job 1.
1 of 2 steps (50%) done
Removing temporary output TSS_LUZ7_t10/LUZ7_enriched_t10_peaks.plus.bed.
Select jobs to execute...

[Wed Oct 26 10:30:49 2022]
rule createNotebook:
    input: TSS_LUZ7_t10/TSS_seq_LUZ7_enriched_t10.plus.fa.out
    output: TSS_LUZ7_t10/structural_properties/LUZ7_t10_curvature.plus.png, TSS_LUZ7_t10/structural_properties/LUZ7_t10_curvature.plus.csv, TSS_LUZ7_t10/structural_properties/LUZ7_t10_stability.plus.png, TSS_LUZ7_t10/structural_properties/LUZ7_t10_stability.plus.csv
    log: logs/notebooks/LUZ7_t10.plus.ipynb
    jobid: 0
    reason: Input files updated by another job: TSS_LUZ7_t10/TSS_seq_LUZ7_enriched_t10.plus.fa.out
    wildcards: phage=LUZ7, ident=t10, sign=plus
    resources: tmpdir=/tmp

[Wed Oct 26 10:30:59 2022]
Finished job 0.
2 of 2 steps (100%) done
Complete log: .snakemake/log/2022-10-26T103048.630840.snakemake.log
