Building DAG of jobs...
Using shell: /usr/bin/bash
Provided cores: 1 (use --cores to define parallelism)
Rules claiming more threads will be scaled down.
Conda environments: ignored
Job stats:
job                      count    min threads    max threads
---------------------  -------  -------------  -------------
PosEffRatios                 1              1              1
addTotalReadsToCounts        1              1              1
clusterReads                 1              1              1
combineCovAndPeaks           1              1              1
createGenomecov              1              1              1
getGenomeFile                1              1              1
termseqPeakCalling           1              1              1
total                        7              1              1

Select jobs to execute...

[Fri Oct 14 12:58:45 2022]
rule getGenomeFile:
    input: LUZ7.fasta.fai
    output: LUZ7_genome.txt
    jobid: 13
    reason: Missing output files: LUZ7_genome.txt
    wildcards: phage=LUZ7
    resources: tmpdir=/tmp

[Fri Oct 14 12:58:45 2022]
Finished job 13.
1 of 7 steps (14%) done
Select jobs to execute...

[Fri Oct 14 12:58:45 2022]
rule createGenomecov:
    input: BAM_files_LUZ7/LUZ7_enriched_t5.sorted.bam
    output: LUZ7_peak_calling/LUZ7_enriched_t5.3end.plus.bedgraph
    jobid: 5
    reason: Missing output files: LUZ7_peak_calling/LUZ7_enriched_t5.3end.plus.bedgraph
    wildcards: phage=LUZ7, prefix=LUZ7_enriched_t5, num=3, sign=plus
    resources: tmpdir=/tmp

[Fri Oct 14 12:58:51 2022]
Finished job 5.
2 of 7 steps (29%) done
Select jobs to execute...

[Fri Oct 14 12:58:51 2022]
rule termseqPeakCalling:
    input: LUZ7_peak_calling/LUZ7_enriched_t5.3end.plus.bedgraph
    output: LUZ7_peak_calling/LUZ7_enriched_t5.3end.plus.peaks
    jobid: 4
    reason: Missing output files: LUZ7_peak_calling/LUZ7_enriched_t5.3end.plus.peaks; Input files updated by another job: LUZ7_peak_calling/LUZ7_enriched_t5.3end.plus.bedgraph
    wildcards: phage=LUZ7, prefix=LUZ7_enriched_t5, num=3, sign=plus
    resources: tmpdir=/tmp

[Fri Oct 14 12:59:00 2022]
Finished job 4.
3 of 7 steps (43%) done
Select jobs to execute...

[Fri Oct 14 12:59:00 2022]
rule combineCovAndPeaks:
    input: LUZ7_peak_calling/LUZ7_enriched_t5.3end.plus.peaks, LUZ7_peak_calling/LUZ7_enriched_t5.3end.plus.bedgraph
    output: LUZ7_peak_calling/LUZ7_enriched_t5.3end.plus.peaks.oracle.narrowPeak.counts
    jobid: 3
    reason: Missing output files: LUZ7_peak_calling/LUZ7_enriched_t5.3end.plus.peaks.oracle.narrowPeak.counts; Input files updated by another job: LUZ7_peak_calling/LUZ7_enriched_t5.3end.plus.peaks, LUZ7_peak_calling/LUZ7_enriched_t5.3end.plus.bedgraph
    wildcards: phage=LUZ7, prefix=LUZ7_enriched_t5, num=3, sign=plus
    resources: tmpdir=/tmp

[Fri Oct 14 12:59:00 2022]
Finished job 3.
4 of 7 steps (57%) done
Select jobs to execute...

[Fri Oct 14 12:59:00 2022]
rule addTotalReadsToCounts:
    input: LUZ7_peak_calling/LUZ7_enriched_t5.3end.plus.peaks.oracle.narrowPeak.counts, BAM_files_LUZ7/LUZ7_enriched_t5.sorted.bam
    output: LUZ7_peak_calling/LUZ7_enriched_t5.3end.plus.peaks.oracle.narrowPeak.counts.withTR
    jobid: 2
    reason: Missing output files: LUZ7_peak_calling/LUZ7_enriched_t5.3end.plus.peaks.oracle.narrowPeak.counts.withTR; Input files updated by another job: LUZ7_peak_calling/LUZ7_enriched_t5.3end.plus.peaks.oracle.narrowPeak.counts
    wildcards: phage=LUZ7, prefix=LUZ7_enriched_t5, num=3, sign=plus
    resources: tmpdir=/tmp

[Fri Oct 14 12:59:04 2022]
Finished job 2.
5 of 7 steps (71%) done
Select jobs to execute...

[Fri Oct 14 12:59:04 2022]
rule clusterReads:
    input: LUZ7_peak_calling/LUZ7_enriched_t5.3end.plus.peaks.oracle.narrowPeak.counts.withTR
    output: LUZ7_peak_calling/LUZ7_enriched_t5.3end.plus.peaks.oracle.narrowPeak.counts.clustered.csv
    jobid: 1
    reason: Missing output files: LUZ7_peak_calling/LUZ7_enriched_t5.3end.plus.peaks.oracle.narrowPeak.counts.clustered.csv; Input files updated by another job: LUZ7_peak_calling/LUZ7_enriched_t5.3end.plus.peaks.oracle.narrowPeak.counts.withTR
    wildcards: phage=LUZ7, prefix=LUZ7_enriched_t5, num=3, sign=plus
    resources: tmpdir=/tmp

[Fri Oct 14 12:59:06 2022]
Finished job 1.
6 of 7 steps (86%) done
Select jobs to execute...

[Fri Oct 14 12:59:06 2022]
rule PosEffRatios:
    input: LUZ7_peak_calling/LUZ7_enriched_t5.3end.plus.peaks.oracle.narrowPeak.counts.clustered.csv, LUZ7_genome.txt, BAM_files_LUZ7/LUZ7_enriched_t5.sorted.bam
    output: LUZ7_t5_test.txt
    jobid: 0
    reason: Missing output files: LUZ7_t5_test.txt; Input files updated by another job: LUZ7_peak_calling/LUZ7_enriched_t5.3end.plus.peaks.oracle.narrowPeak.counts.clustered.csv, LUZ7_genome.txt
    wildcards: phage=LUZ7, ident=t5
    resources: tmpdir=/tmp

RuleException in rule PosEffRatios in line 8 of /mnt/c/Users/danis/Desktop/Thesis/pipeline_snakemake/workflow/rules/annotateTTS.smk:
IndexError: list index out of range, when formatting the following:

        bedFile=$(bedtools bamtobed -i {input[3]} | sort -k1,1 -k2,2n)
        posBedFile=$(grep -w "+" <(echo "$bedFile"))

        sort -t ',' -k14 -n -u {input[1]} | awk -F ',' 'NR>1 {{print $2, $15}}' | while read -r chr peak;
        do
            echo "$15"
        done
        
