Building DAG of jobs...
Using shell: /usr/bin/bash
Provided cores: 1 (use --cores to define parallelism)
Rules claiming more threads will be scaled down.
Conda environments: ignored
Job stats:
job               count    min threads    max threads
--------------  -------  -------------  -------------
createNotebook        1              1              1
total                 1              1              1

Select jobs to execute...

[Thu Nov  3 16:28:06 2022]
rule createNotebook:
    input: TSS_LUZ7_t20/TSS_seq_LUZ7_enriched_t20.plus.fa.out
    output: TSS_LUZ7_t20/structural_properties/LUZ7_t20_curvature.plus.png, TSS_LUZ7_t20/structural_properties/LUZ7_t20_curvature.plus.csv, TSS_LUZ7_t20/structural_properties/LUZ7_t20_stability.plus.png, TSS_LUZ7_t20/structural_properties/LUZ7_t20_stability.plus.csv, TSS_LUZ7_t20/structural_properties/LUZ7_t20_bendability.plus.png, TSS_LUZ7_t20/structural_properties/LUZ7_t20_bendability.plus.csv
    log: logs/notebooks/LUZ7_t20.plus.ipynb
    jobid: 0
    reason: Updated input files: TSS_LUZ7_t20/TSS_seq_LUZ7_enriched_t20.plus.fa.out
    wildcards: phage=LUZ7, ident=t20, sign=plus
    resources: tmpdir=/tmp

[Thu Nov  3 16:28:16 2022]
Finished job 0.
1 of 1 steps (100%) done
Complete log: .snakemake/log/2022-11-03T162806.403608.snakemake.log
