Building DAG of jobs...
Using shell: /usr/bin/bash
Provided cores: 1 (use --cores to define parallelism)
Rules claiming more threads will be scaled down.
Job stats:
job                   count    min threads    max threads
------------------  -------  -------------  -------------
all                       1              1              1
termseqPeakCalling        2              1              1
total                     3              1              1

Select jobs to execute...

[Sun Oct  2 00:11:57 2022]
rule termseqPeakCalling:
    input: LUZ7_peak_calling/t5_enriched-LUZ7.5.plus.bedgraph
    output: LUZ7_peak_calling/t5_enriched-LUZ7.5.plus.peaks
    jobid: 1
    reason: Missing output files: LUZ7_peak_calling/t5_enriched-LUZ7.5.plus.peaks
    wildcards: phage=LUZ7, prefix=t5_enriched-LUZ7, num=5, sign=plus
    resources: tmpdir=/tmp

[Sun Oct  2 00:11:57 2022]
Error in rule termseqPeakCalling:
    jobid: 1
    output: LUZ7_peak_calling/t5_enriched-LUZ7.5.plus.peaks
    shell:
        
        termseq_peaks LUZ7_peak_calling/t5_enriched-LUZ7.5.plus.bedgraph LUZ7_peak_calling/t5_enriched-LUZ7.5.plus.bedgraph --peaks LUZ7_peak_calling/t5_enriched-LUZ7.5.plus.peaks --strand + -t 0.05
        
        (one of the commands exited with non-zero exit code; note that snakemake uses bash strict mode!)

Shutting down, this might take some time.
Exiting because a job execution failed. Look above for error message
Complete log: .snakemake/log/2022-10-02T001156.896353.snakemake.log
