Building DAG of jobs...
Using shell: /usr/bin/bash
Provided cores: 1 (use --cores to define parallelism)
Rules claiming more threads will be scaled down.
Conda environments: ignored
Job stats:
job                                   count    min threads    max threads
----------------------------------  -------  -------------  -------------
PosPeaksToBedFile                         1              1              1
createNotebook                            1              1              1
extractSequencesTSS                       1              1              1
getAllOverlappingPeaks                    1              1              1
getInformationFromOverlappingPeaks        1              1              1
getOverlappingPeaksWithError              4              1              1
getPeaks                                  1              1              1
splitOverlappingPeaks                     1              1              1
total                                    11              1              1

Select jobs to execute...

[Sun Nov  6 17:38:27 2022]
rule getPeaks:
    input: LUZ7_peak_calling/LUZ7_enriched_t20.5end.plus.peaks.oracle.narrowPeak.counts.clustered.csv, LUZ7_peak_calling/LUZ7_control_t20.5end.plus.peaks.oracle.narrowPeak.counts.clustered.csv
    output: LUZ7_t20_enrichedPeaks.plus.csv, LUZ7_t20_controlPeaks.plus.csv
    jobid: 16
    reason: Missing output files: LUZ7_t20_controlPeaks.plus.csv, LUZ7_t20_enrichedPeaks.plus.csv
    wildcards: phage=LUZ7, ident=t20, sign=plus
    resources: tmpdir=/tmp

[Sun Nov  6 17:38:27 2022]
Finished job 16.
1 of 11 steps (9%) done
Select jobs to execute...

[Sun Nov  6 17:38:27 2022]
rule splitOverlappingPeaks:
    input: LUZ7_t20_enrichedPeaks.plus.csv, LUZ7_t20_controlPeaks.plus.csv
    output: LUZ7_t20_overlapping_peaks.plus.csv, LUZ7_t20_remainingPeaks.plus.csv
    jobid: 15
    reason: Missing output files: LUZ7_t20_remainingPeaks.plus.csv, LUZ7_t20_overlapping_peaks.plus.csv; Input files updated by another job: LUZ7_t20_controlPeaks.plus.csv, LUZ7_t20_enrichedPeaks.plus.csv
    wildcards: phage=LUZ7, ident=t20, sign=plus
    resources: tmpdir=/tmp

[Sun Nov  6 17:38:27 2022]
Finished job 15.
2 of 11 steps (18%) done
Removing temporary output LUZ7_t20_controlPeaks.plus.csv.
Select jobs to execute...

[Sun Nov  6 17:38:27 2022]
rule getOverlappingPeaksWithError:
    input: LUZ7_t20_remainingPeaks.plus.csv, LUZ7_t20_enrichedPeaks.plus.csv
    output: LUZ7_t20_overlapping_peaks_lower_2.plus.csv
    jobid: 20
    reason: Missing output files: LUZ7_t20_overlapping_peaks_lower_2.plus.csv; Input files updated by another job: LUZ7_t20_remainingPeaks.plus.csv, LUZ7_t20_enrichedPeaks.plus.csv
    wildcards: phage=LUZ7, ident=t20, symb=lower, error=2, sign=plus
    resources: tmpdir=/tmp

[Sun Nov  6 17:38:27 2022]
Finished job 20.
3 of 11 steps (27%) done
Select jobs to execute...

[Sun Nov  6 17:38:27 2022]
rule getOverlappingPeaksWithError:
    input: LUZ7_t20_remainingPeaks.plus.csv, LUZ7_t20_enrichedPeaks.plus.csv
    output: LUZ7_t20_overlapping_peaks_lower_1.plus.csv
    jobid: 19
    reason: Missing output files: LUZ7_t20_overlapping_peaks_lower_1.plus.csv; Input files updated by another job: LUZ7_t20_remainingPeaks.plus.csv, LUZ7_t20_enrichedPeaks.plus.csv
    wildcards: phage=LUZ7, ident=t20, symb=lower, error=1, sign=plus
    resources: tmpdir=/tmp

[Sun Nov  6 17:38:28 2022]
Finished job 19.
4 of 11 steps (36%) done
Select jobs to execute...

[Sun Nov  6 17:38:28 2022]
rule getOverlappingPeaksWithError:
    input: LUZ7_t20_remainingPeaks.plus.csv, LUZ7_t20_enrichedPeaks.plus.csv
    output: LUZ7_t20_overlapping_peaks_higher_1.plus.csv
    jobid: 17
    reason: Missing output files: LUZ7_t20_overlapping_peaks_higher_1.plus.csv; Input files updated by another job: LUZ7_t20_remainingPeaks.plus.csv, LUZ7_t20_enrichedPeaks.plus.csv
    wildcards: phage=LUZ7, ident=t20, symb=higher, error=1, sign=plus
    resources: tmpdir=/tmp

[Sun Nov  6 17:38:28 2022]
Finished job 17.
5 of 11 steps (45%) done
Select jobs to execute...

[Sun Nov  6 17:38:28 2022]
rule getOverlappingPeaksWithError:
    input: LUZ7_t20_remainingPeaks.plus.csv, LUZ7_t20_enrichedPeaks.plus.csv
    output: LUZ7_t20_overlapping_peaks_higher_2.plus.csv
    jobid: 18
    reason: Missing output files: LUZ7_t20_overlapping_peaks_higher_2.plus.csv; Input files updated by another job: LUZ7_t20_remainingPeaks.plus.csv, LUZ7_t20_enrichedPeaks.plus.csv
    wildcards: phage=LUZ7, ident=t20, symb=higher, error=2, sign=plus
    resources: tmpdir=/tmp

[Sun Nov  6 17:38:28 2022]
Finished job 18.
6 of 11 steps (55%) done
Removing temporary output LUZ7_t20_remainingPeaks.plus.csv.
Removing temporary output LUZ7_t20_enrichedPeaks.plus.csv.
Select jobs to execute...

[Sun Nov  6 17:38:28 2022]
rule getAllOverlappingPeaks:
    input: LUZ7_t20_overlapping_peaks.plus.csv, LUZ7_t20_overlapping_peaks_higher_1.plus.csv, LUZ7_t20_overlapping_peaks_higher_2.plus.csv, LUZ7_t20_overlapping_peaks_lower_1.plus.csv, LUZ7_t20_overlapping_peaks_lower_2.plus.csv
    output: LUZ7_t20_all_overlapping_peaks.plus.csv
    jobid: 14
    reason: Missing output files: LUZ7_t20_all_overlapping_peaks.plus.csv; Input files updated by another job: LUZ7_t20_overlapping_peaks_higher_1.plus.csv, LUZ7_t20_overlapping_peaks.plus.csv, LUZ7_t20_overlapping_peaks_higher_2.plus.csv, LUZ7_t20_overlapping_peaks_lower_2.plus.csv, LUZ7_t20_overlapping_peaks_lower_1.plus.csv
    wildcards: phage=LUZ7, ident=t20, sign=plus
    resources: tmpdir=/tmp

[Sun Nov  6 17:38:28 2022]
Finished job 14.
7 of 11 steps (64%) done
Removing temporary output LUZ7_t20_overlapping_peaks.plus.csv.
Removing temporary output LUZ7_t20_overlapping_peaks_higher_1.plus.csv.
Removing temporary output LUZ7_t20_overlapping_peaks_higher_2.plus.csv.
Removing temporary output LUZ7_t20_overlapping_peaks_lower_1.plus.csv.
Removing temporary output LUZ7_t20_overlapping_peaks_lower_2.plus.csv.
Select jobs to execute...

[Sun Nov  6 17:38:28 2022]
rule getInformationFromOverlappingPeaks:
    input: LUZ7_peak_calling/LUZ7_enriched_t20.5end.plus.peaks.oracle.narrowPeak.counts.clustered.csv, LUZ7_peak_calling/LUZ7_control_t20.5end.plus.peaks.oracle.narrowPeak.counts.clustered.csv, LUZ7_t20_all_overlapping_peaks.plus.csv
    output: TSS_LUZ7_t20/enr_ratios_LUZ7_t20.plus.csv
    jobid: 3
    reason: Missing output files: TSS_LUZ7_t20/enr_ratios_LUZ7_t20.plus.csv; Input files updated by another job: LUZ7_t20_all_overlapping_peaks.plus.csv
    wildcards: phage=LUZ7, ident=t20, sign=plus
    resources: tmpdir=/tmp

[Sun Nov  6 17:38:31 2022]
Finished job 3.
8 of 11 steps (73%) done
Removing temporary output LUZ7_t20_all_overlapping_peaks.plus.csv.
Select jobs to execute...

[Sun Nov  6 17:38:31 2022]
rule PosPeaksToBedFile:
    input: TSS_LUZ7_t20/enr_ratios_LUZ7_t20.plus.csv
    output: TSS_LUZ7_t20/LUZ7_enriched_t20_peaks.plus.bed, TSS_LUZ7_t20/LUZ7_control_t20_peaks.plus.bed
    jobid: 2
    reason: Missing output files: TSS_LUZ7_t20/LUZ7_enriched_t20_peaks.plus.bed; Input files updated by another job: TSS_LUZ7_t20/enr_ratios_LUZ7_t20.plus.csv
    wildcards: phage=LUZ7, ident=t20
    resources: tmpdir=/tmp

[Sun Nov  6 17:38:31 2022]
Finished job 2.
9 of 11 steps (82%) done
Removing temporary output TSS_LUZ7_t20/LUZ7_control_t20_peaks.plus.bed.
Select jobs to execute...

[Sun Nov  6 17:38:31 2022]
rule extractSequencesTSS:
    input: TSS_LUZ7_t20/LUZ7_enriched_t20_peaks.plus.bed
    output: TSS_LUZ7_t20/TSS_seq_LUZ7_enriched_t20.plus.fa.out
    jobid: 1
    reason: Missing output files: TSS_LUZ7_t20/TSS_seq_LUZ7_enriched_t20.plus.fa.out; Input files updated by another job: TSS_LUZ7_t20/LUZ7_enriched_t20_peaks.plus.bed
    wildcards: phage=LUZ7, ident=t20, cond=enriched, sign=plus
    resources: tmpdir=/tmp

[Sun Nov  6 17:38:31 2022]
Finished job 1.
10 of 11 steps (91%) done
Removing temporary output TSS_LUZ7_t20/LUZ7_enriched_t20_peaks.plus.bed.
Select jobs to execute...

[Sun Nov  6 17:38:31 2022]
rule createNotebook:
    input: TSS_LUZ7_t20/TSS_seq_LUZ7_enriched_t20.plus.fa.out
    output: TSS_LUZ7_t20/structural_properties/LUZ7_t20_curvature.plus.png, TSS_LUZ7_t20/structural_properties/LUZ7_t20_curvature.plus.csv, TSS_LUZ7_t20/structural_properties/LUZ7_t20_stability.plus.png, TSS_LUZ7_t20/structural_properties/LUZ7_t20_stability.plus.csv, TSS_LUZ7_t20/structural_properties/LUZ7_t20_bendability.plus.png, TSS_LUZ7_t20/structural_properties/LUZ7_t20_bendability.plus.csv
    log: logs/notebooks/LUZ7_t20.plus.ipynb
    jobid: 0
    reason: Missing output files: TSS_LUZ7_t20/structural_properties/LUZ7_t20_curvature.plus.png; Input files updated by another job: TSS_LUZ7_t20/TSS_seq_LUZ7_enriched_t20.plus.fa.out
    wildcards: phage=LUZ7, ident=t20, sign=plus
    resources: tmpdir=/tmp

[Sun Nov  6 17:38:46 2022]
Finished job 0.
11 of 11 steps (100%) done
Complete log: .snakemake/log/2022-11-06T173826.902581.snakemake.log
