Building DAG of jobs...
Using shell: /usr/bin/bash
Provided cores: 1 (use --cores to define parallelism)
Rules claiming more threads will be scaled down.
Job stats:
job                count    min threads    max threads
---------------  -------  -------------  -------------
all                    1              1              1
createGenomecov        1              1              1
total                  2              1              1

Select jobs to execute...

[Sat Oct  1 23:49:03 2022]
rule createGenomecov:
    input: BAM_files_LUZ7/t5_enriched-LUZ7.sorted.bam
    output: LUZ7_peak_calling/t5_enriched-LUZ7.5.plus.bedgraph, LUZ7_peak_calling/t5_enriched-LUZ7.5.minus.bedgraph
    jobid: 1
    reason: Missing output files: LUZ7_peak_calling/t5_enriched-LUZ7.5.plus.bedgraph, LUZ7_peak_calling/t5_enriched-LUZ7.5.minus.bedgraph; Code has changed since last execution
    wildcards: phage=LUZ7, prefix=t5_enriched-LUZ7
    resources: tmpdir=/tmp

[Sat Oct  1 23:49:18 2022]
Finished job 1.
1 of 2 steps (50%) done
Select jobs to execute...

[Sat Oct  1 23:49:18 2022]
localrule all:
    input: LUZ7_peak_calling/t5_enriched-LUZ7.5.plus.bedgraph, LUZ7_peak_calling/t5_enriched-LUZ7.5.minus.bedgraph
    jobid: 0
    reason: Input files updated by another job: LUZ7_peak_calling/t5_enriched-LUZ7.5.plus.bedgraph, LUZ7_peak_calling/t5_enriched-LUZ7.5.minus.bedgraph
    resources: tmpdir=/tmp

[Sat Oct  1 23:49:18 2022]
Finished job 0.
2 of 2 steps (100%) done
Complete log: .snakemake/log/2022-10-01T234903.151189.snakemake.log
