Building DAG of jobs...
Using shell: /usr/bin/bash
Provided cores: 1 (use --cores to define parallelism)
Rules claiming more threads will be scaled down.
Conda environments: ignored
Job stats:
job                   count    min threads    max threads
------------------  -------  -------------  -------------
all                       1              1              1
createGenomecov           2              1              1
termseqPeakCalling        2              1              1
total                     5              1              1

Select jobs to execute...

[Sun Oct  2 01:14:32 2022]
rule createGenomecov:
    input: BAM_files_LUZ7/t5_enriched-LUZ7.sorted.bam
    output: LUZ7_peak_calling/t5_enriched-LUZ7.5.plus.bedgraph
    jobid: 2
    reason: Missing output files: LUZ7_peak_calling/t5_enriched-LUZ7.5.plus.bedgraph
    wildcards: phage=LUZ7, prefix=t5_enriched-LUZ7, num=5, sign=plus
    resources: tmpdir=/tmp

[Sun Oct  2 01:14:37 2022]
Finished job 2.
1 of 5 steps (20%) done
Select jobs to execute...

[Sun Oct  2 01:14:38 2022]
rule termseqPeakCalling:
    input: LUZ7_peak_calling/t5_enriched-LUZ7.5.plus.bedgraph
    output: LUZ7_peak_calling/t5_enriched-LUZ7.5.plus.peaks
    jobid: 1
    reason: Missing output files: LUZ7_peak_calling/t5_enriched-LUZ7.5.plus.peaks; Input files updated by another job: LUZ7_peak_calling/t5_enriched-LUZ7.5.plus.bedgraph; Software environment definition has changed since last execution
    wildcards: phage=LUZ7, prefix=t5_enriched-LUZ7, num=5, sign=plus
    resources: tmpdir=/tmp

[Sun Oct  2 01:14:40 2022]
Finished job 1.
2 of 5 steps (40%) done
Select jobs to execute...

[Sun Oct  2 01:14:40 2022]
rule createGenomecov:
    input: BAM_files_LUZ7/t5_enriched-LUZ7.sorted.bam
    output: LUZ7_peak_calling/t5_enriched-LUZ7.5.minus.bedgraph
    jobid: 4
    reason: Missing output files: LUZ7_peak_calling/t5_enriched-LUZ7.5.minus.bedgraph
    wildcards: phage=LUZ7, prefix=t5_enriched-LUZ7, num=5, sign=minus
    resources: tmpdir=/tmp

[Sun Oct  2 01:14:45 2022]
Finished job 4.
3 of 5 steps (60%) done
Select jobs to execute...

[Sun Oct  2 01:14:45 2022]
rule termseqPeakCalling:
    input: LUZ7_peak_calling/t5_enriched-LUZ7.5.minus.bedgraph
    output: LUZ7_peak_calling/t5_enriched-LUZ7.5.minus.peaks
    jobid: 3
    reason: Missing output files: LUZ7_peak_calling/t5_enriched-LUZ7.5.minus.peaks; Input files updated by another job: LUZ7_peak_calling/t5_enriched-LUZ7.5.minus.bedgraph; Software environment definition has changed since last execution
    wildcards: phage=LUZ7, prefix=t5_enriched-LUZ7, num=5, sign=minus
    resources: tmpdir=/tmp

[Sun Oct  2 01:14:48 2022]
Finished job 3.
4 of 5 steps (80%) done
Select jobs to execute...

[Sun Oct  2 01:14:48 2022]
localrule all:
    input: LUZ7_peak_calling/t5_enriched-LUZ7.5.plus.peaks, LUZ7_peak_calling/t5_enriched-LUZ7.5.minus.peaks
    jobid: 0
    reason: Input files updated by another job: LUZ7_peak_calling/t5_enriched-LUZ7.5.minus.peaks, LUZ7_peak_calling/t5_enriched-LUZ7.5.plus.peaks
    resources: tmpdir=/tmp

[Sun Oct  2 01:14:48 2022]
Finished job 0.
5 of 5 steps (100%) done
Complete log: .snakemake/log/2022-10-02T011432.095658.snakemake.log
