Building DAG of jobs...
Using shell: /usr/bin/bash
Provided cores: 1 (use --cores to define parallelism)
Rules claiming more threads will be scaled down.
Conda environments: ignored
Job stats:
job               count    min threads    max threads
--------------  -------  -------------  -------------
createNotebook        1              1              1
total                 1              1              1

Select jobs to execute...

[Wed Nov 16 12:06:53 2022]
rule createNotebook:
    input: TSS_LUZ7_t5/TSS_seq_LUZ7_enriched_t5.minus.fa.out, TSS_LUZ7_t5/random_seq_LUZ7_t5.fa.out
    output: TSS_LUZ7_t5/structural_properties/LUZ7_t5_curvature.minus.csv, TSS_LUZ7_t5/structural_properties/LUZ7_t5_stability.minus.csv, TSS_LUZ7_t5/structural_properties/LUZ7_t5_bendability.minus.csv, TSS_LUZ7_t5/structural_properties/random_seq_LUZ7_t5_curvature.minus.csv, TSS_LUZ7_t5/structural_properties/random_seq_LUZ7_t5_stability.minus.csv, TSS_LUZ7_t5/structural_properties/random_seq_LUZ7_t5_bendability.minus.csv
    log: logs/notebooks/LUZ7_t5.minus.ipynb
    jobid: 0
    reason: Code has changed since last execution
    wildcards: phage=LUZ7, ident=t5, sign=minus
    resources: tmpdir=/tmp

[Wed Nov 16 12:08:08 2022]
Finished job 0.
1 of 1 steps (100%) done
Complete log: .snakemake/log/2022-11-16T120652.947702.snakemake.log
