Building DAG of jobs...
Using shell: /usr/bin/bash
Provided cores: 1 (use --cores to define parallelism)
Rules claiming more threads will be scaled down.
Conda environments: ignored
Job stats:
job                                   count    min threads    max threads
----------------------------------  -------  -------------  -------------
all                                       1              1              1
getAllOverlappingPeaks                    1              1              1
getInformationFromOverlappingPeaks        1              1              1
getOverlappingPeaksWithError              4              1              1
getPeaks                                  1              1              1
splitOverlappingPeaks                     1              1              1
total                                     9              1              1

Select jobs to execute...

[Wed Oct 12 14:37:44 2022]
rule getPeaks:
    input: LUZ7_peak_calling/LUZ7_enriched_t5.5end.plus.peaks.oracle.narrowPeak.counts.clustered.csv, LUZ7_peak_calling/LUZ7_control_t5.5end.plus.peaks.oracle.narrowPeak.counts.clustered.csv
    output: LUZ7_t5_enrichedPeaks.plus.csv, LUZ7_t5_controlPeaks.plus.csv
    jobid: 26
    reason: Missing output files: LUZ7_t5_controlPeaks.plus.csv, LUZ7_t5_enrichedPeaks.plus.csv
    wildcards: phage=LUZ7, ident=t5, sign=plus
    resources: tmpdir=/tmp

[Wed Oct 12 14:37:44 2022]
Finished job 26.
1 of 9 steps (11%) done
Select jobs to execute...

[Wed Oct 12 14:37:44 2022]
rule splitOverlappingPeaks:
    input: LUZ7_t5_enrichedPeaks.plus.csv, LUZ7_t5_controlPeaks.plus.csv
    output: LUZ7_t5_overlapping_peaks.plus.csv, LUZ7_t5_remainingPeaks.plus.csv
    jobid: 25
    reason: Missing output files: LUZ7_t5_remainingPeaks.plus.csv, LUZ7_t5_overlapping_peaks.plus.csv; Input files updated by another job: LUZ7_t5_controlPeaks.plus.csv, LUZ7_t5_enrichedPeaks.plus.csv; Code has changed since last execution
    wildcards: phage=LUZ7, ident=t5, sign=plus
    resources: tmpdir=/tmp

[Wed Oct 12 14:37:44 2022]
Finished job 25.
2 of 9 steps (22%) done
Select jobs to execute...

[Wed Oct 12 14:37:44 2022]
rule getOverlappingPeaksWithError:
    input: LUZ7_t5_remainingPeaks.plus.csv, LUZ7_t5_enrichedPeaks.plus.csv
    output: LUZ7_t5_overlapping_peaks_lower_2.plus.csv
    jobid: 30
    reason: Missing output files: LUZ7_t5_overlapping_peaks_lower_2.plus.csv; Input files updated by another job: LUZ7_t5_enrichedPeaks.plus.csv, LUZ7_t5_remainingPeaks.plus.csv
    wildcards: phage=LUZ7, ident=t5, symb=lower, error=2, sign=plus
    resources: tmpdir=/tmp

[Wed Oct 12 14:37:44 2022]
Finished job 30.
3 of 9 steps (33%) done
Select jobs to execute...

[Wed Oct 12 14:37:44 2022]
rule getOverlappingPeaksWithError:
    input: LUZ7_t5_remainingPeaks.plus.csv, LUZ7_t5_enrichedPeaks.plus.csv
    output: LUZ7_t5_overlapping_peaks_lower_1.plus.csv
    jobid: 29
    reason: Missing output files: LUZ7_t5_overlapping_peaks_lower_1.plus.csv; Input files updated by another job: LUZ7_t5_enrichedPeaks.plus.csv, LUZ7_t5_remainingPeaks.plus.csv
    wildcards: phage=LUZ7, ident=t5, symb=lower, error=1, sign=plus
    resources: tmpdir=/tmp

[Wed Oct 12 14:37:45 2022]
Finished job 29.
4 of 9 steps (44%) done
Select jobs to execute...

[Wed Oct 12 14:37:45 2022]
rule getOverlappingPeaksWithError:
    input: LUZ7_t5_remainingPeaks.plus.csv, LUZ7_t5_enrichedPeaks.plus.csv
    output: LUZ7_t5_overlapping_peaks_higher_1.plus.csv
    jobid: 27
    reason: Missing output files: LUZ7_t5_overlapping_peaks_higher_1.plus.csv; Input files updated by another job: LUZ7_t5_enrichedPeaks.plus.csv, LUZ7_t5_remainingPeaks.plus.csv
    wildcards: phage=LUZ7, ident=t5, symb=higher, error=1, sign=plus
    resources: tmpdir=/tmp

[Wed Oct 12 14:37:45 2022]
Finished job 27.
5 of 9 steps (56%) done
Select jobs to execute...

[Wed Oct 12 14:37:45 2022]
rule getOverlappingPeaksWithError:
    input: LUZ7_t5_remainingPeaks.plus.csv, LUZ7_t5_enrichedPeaks.plus.csv
    output: LUZ7_t5_overlapping_peaks_higher_2.plus.csv
    jobid: 28
    reason: Missing output files: LUZ7_t5_overlapping_peaks_higher_2.plus.csv; Input files updated by another job: LUZ7_t5_enrichedPeaks.plus.csv, LUZ7_t5_remainingPeaks.plus.csv
    wildcards: phage=LUZ7, ident=t5, symb=higher, error=2, sign=plus
    resources: tmpdir=/tmp

[Wed Oct 12 14:37:45 2022]
Finished job 28.
6 of 9 steps (67%) done
Select jobs to execute...

[Wed Oct 12 14:37:45 2022]
rule getAllOverlappingPeaks:
    input: LUZ7_t5_overlapping_peaks.plus.csv, LUZ7_t5_overlapping_peaks_higher_1.plus.csv, LUZ7_t5_overlapping_peaks_higher_2.plus.csv, LUZ7_t5_overlapping_peaks_lower_1.plus.csv, LUZ7_t5_overlapping_peaks_lower_2.plus.csv
    output: LUZ7_t5_all_overlapping_peaks.plus.csv
    jobid: 24
    reason: Missing output files: LUZ7_t5_all_overlapping_peaks.plus.csv; Input files updated by another job: LUZ7_t5_overlapping_peaks_higher_1.plus.csv, LUZ7_t5_overlapping_peaks.plus.csv, LUZ7_t5_overlapping_peaks_lower_2.plus.csv, LUZ7_t5_overlapping_peaks_lower_1.plus.csv, LUZ7_t5_overlapping_peaks_higher_2.plus.csv
    wildcards: phage=LUZ7, ident=t5, sign=plus
    resources: tmpdir=/tmp

[Wed Oct 12 14:37:45 2022]
Finished job 24.
7 of 9 steps (78%) done
Select jobs to execute...

[Wed Oct 12 14:37:45 2022]
rule getInformationFromOverlappingPeaks:
    input: LUZ7_peak_calling/LUZ7_enriched_t5.5end.plus.peaks.oracle.narrowPeak.counts.clustered.csv, LUZ7_peak_calling/LUZ7_control_t5.5end.plus.peaks.oracle.narrowPeak.counts.clustered.csv, LUZ7_t5_all_overlapping_peaks.plus.csv
    output: TSS_LUZ7_t5/enrRatios_LUZ7_t5.plus.csv
    jobid: 1
    reason: Missing output files: TSS_LUZ7_t5/enrRatios_LUZ7_t5.plus.csv; Input files updated by another job: LUZ7_t5_all_overlapping_peaks.plus.csv
    wildcards: phage=LUZ7, ident=t5, sign=plus
    resources: tmpdir=/tmp

Waiting at most 5 seconds for missing files.
MissingOutputException in rule getInformationFromOverlappingPeaks in line 44 of /mnt/c/Users/danis/Desktop/Thesis/pipeline_snakemake/workflow/rules/annotateTSS.smk:
Job Missing files after 5 seconds. This might be due to filesystem latency. If that is the case, consider to increase the wait time with --latency-wait:
TSS_LUZ7_t5/enrRatios_LUZ7_t5.plus.csv completed successfully, but some output files are missing. 1
Shutting down, this might take some time.
Exiting because a job execution failed. Look above for error message
Complete log: .snakemake/log/2022-10-12T143744.155474.snakemake.log
