Building DAG of jobs...
Using shell: /usr/bin/bash
Provided cores: 1 (use --cores to define parallelism)
Rules claiming more threads will be scaled down.
Conda environments: ignored
Job stats:
job                                   count    min threads    max threads
----------------------------------  -------  -------------  -------------
all                                       1              1              1
getAllOverlappingPeaks                    1              1              1
getInformationFromOverlappingPeaks        1              1              1
getOverlappingPeaksWithError              2              1              1
total                                     5              1              1

Select jobs to execute...

[Wed Oct 12 12:02:02 2022]
rule getOverlappingPeaksWithError:
    input: LUZ7_t5_remainingPeaks.plus.csv, LUZ7_t5_enrichedPeaks.plus.csv
    output: LUZ7_t5_overlapping_peaks_lower_1.plus.csv
    jobid: 28
    reason: Missing output files: LUZ7_t5_overlapping_peaks_lower_1.plus.csv
    wildcards: phage=LUZ7, ident=t5, symb=lower, error=1, sign=plus
    resources: tmpdir=/tmp

Waiting at most 5 seconds for missing files.
MissingOutputException in rule getOverlappingPeaksWithError in line 21 of /mnt/c/Users/danis/Desktop/Thesis/pipeline_snakemake/workflow/rules/annotateTSS.smk:
Job Missing files after 5 seconds. This might be due to filesystem latency. If that is the case, consider to increase the wait time with --latency-wait:
LUZ7_t5_overlapping_peaks_lower_1.plus.csv completed successfully, but some output files are missing. 28
Shutting down, this might take some time.
Exiting because a job execution failed. Look above for error message
Complete log: .snakemake/log/2022-10-12T120201.552851.snakemake.log
