Building DAG of jobs...
Using shell: /usr/bin/bash
Provided cores: 1 (use --cores to define parallelism)
Rules claiming more threads will be scaled down.
Conda environments: ignored
Job stats:
job                                   count    min threads    max threads
----------------------------------  -------  -------------  -------------
all                                       1              1              1
getInformationFromOverlappingPeaks        1              1              1
total                                     2              1              1

Select jobs to execute...

[Wed Oct 12 10:47:24 2022]
rule getInformationFromOverlappingPeaks:
    input: LUZ7_peak_calling/LUZ7_enriched_t5.5end.plus.peaks.oracle.narrowPeak.counts.clustered.csv, LUZ7_peak_calling/LUZ7_control_t5.5end.plus.peaks.oracle.narrowPeak.counts.clustered.csv, LUZ7_t5_allOverlappingPeaks.plus.csv
    output: TSS_LUZ7_t5/enrRatios_LUZ7_t5.plus.csv
    jobid: 1
    reason: Missing output files: TSS_LUZ7_t5/enrRatios_LUZ7_t5.plus.csv
    wildcards: phage=LUZ7, ident=t5, sign=plus
    resources: tmpdir=/tmp

RuleException in rule getInformationFromOverlappingPeaks in line 39 of /mnt/c/Users/danis/Desktop/Thesis/pipeline_snakemake/workflow/rules/annotateTSS.smk:
IndexError: tuple index out of range, when formatting the following:

        # commonEnriched=$(awk '{{ print $2 }}' {input[2]} |        # xargs -I {} awk -F "," '$14 == {} {print $1, $2, $3, $14, $5, $17, $18}' {input[0]})
        # commonControl=$(awk '{{ print $1 }}' {input[2]} |        # xargs -I {} awk -F "," '$14 == {} {print $1, $2, $3, $14, $5, $17, $18}' {input[1]})

        # paste -d ' ' <(echo "$commonEnriched") <(echo "$commonControl") |        # awk '{print $1, $2, $3, $4, $5, $6, $7, $8, $9, $10, $11, $12, $13, $14, $7/$14}' |        # sort -g -k 2,2 | awk -v t=$Threshold -F " " '$15 > t {print }' > {output}
        
