Building DAG of jobs...
Using shell: /usr/bin/bash
Provided cores: 1 (use --cores to define parallelism)
Rules claiming more threads will be scaled down.
Conda environments: ignored
Job stats:
job               count    min threads    max threads
--------------  -------  -------------  -------------
clipping              1              1              1
indexSortedBAM        1              1              1
samToBam              1              1              1
sortBam               1              1              1
total                 4              1              1

Select jobs to execute...

[Wed Oct  5 01:25:04 2022]
rule clipping:
    input: LUZ7_enriched_t5_minimap.sam, LUZ7.fasta.fai
    output: LUZ7_enriched_t5_clipped.sam
    jobid: 3
    reason: Missing output files: LUZ7_enriched_t5_clipped.sam
    wildcards: phage=LUZ7, cond=enriched, ident=t5
    resources: tmpdir=/tmp

[Wed Oct  5 01:25:05 2022]
Finished job 3.
1 of 4 steps (25%) done
Select jobs to execute...

[Wed Oct  5 01:25:05 2022]
rule samToBam:
    input: LUZ7_enriched_t5_clipped.sam
    output: LUZ7_enriched_t5.bam
    jobid: 2
    reason: Missing output files: LUZ7_enriched_t5.bam; Input files updated by another job: LUZ7_enriched_t5_clipped.sam
    wildcards: phage=LUZ7, cond=enriched, ident=t5
    resources: tmpdir=/tmp

[Wed Oct  5 01:25:06 2022]
Finished job 2.
2 of 4 steps (50%) done
Removing temporary output LUZ7_enriched_t5_clipped.sam.
Select jobs to execute...

[Wed Oct  5 01:25:06 2022]
rule sortBam:
    input: LUZ7_enriched_t5.bam
    output: LUZ7_enriched_t5.sorted.bam
    jobid: 1
    reason: Missing output files: LUZ7_enriched_t5.sorted.bam; Input files updated by another job: LUZ7_enriched_t5.bam
    wildcards: phage=LUZ7, cond=enriched, ident=t5
    resources: tmpdir=/tmp

[Wed Oct  5 01:25:07 2022]
Finished job 1.
3 of 4 steps (75%) done
Removing temporary output LUZ7_enriched_t5.bam.
Select jobs to execute...

[Wed Oct  5 01:25:07 2022]
rule indexSortedBAM:
    input: LUZ7_enriched_t5.sorted.bam
    output: LUZ7_enriched_t5.sorted.bam.bai
    jobid: 0
    reason: Missing output files: LUZ7_enriched_t5.sorted.bam.bai; Input files updated by another job: LUZ7_enriched_t5.sorted.bam
    wildcards: phage=LUZ7, cond=enriched, ident=t5
    resources: tmpdir=/tmp

[Wed Oct  5 01:25:07 2022]
Finished job 0.
4 of 4 steps (100%) done
Complete log: .snakemake/log/2022-10-05T012504.093088.snakemake.log
