Building DAG of jobs...
Using shell: /usr/bin/bash
Provided cores: 1 (use --cores to define parallelism)
Rules claiming more threads will be scaled down.
Conda environments: ignored
Job stats:
job                            count    min threads    max threads
---------------------------  -------  -------------  -------------
createNotebook                     1              1              1
getRandomSequencesFromFasta        1              1              1
total                              2              1              1

Select jobs to execute...

[Wed Nov 16 12:51:58 2022]
rule getRandomSequencesFromFasta:
    output: TSS_LUZ7_t20/random_seq_LUZ7_t20.fa.out
    jobid: 21
    reason: Missing output files: TSS_LUZ7_t20/random_seq_LUZ7_t20.fa.out
    wildcards: TxS=TSS, phage=LUZ7, ident=t20
    resources: tmpdir=/tmp

[Wed Nov 16 12:51:58 2022]
Finished job 21.
1 of 2 steps (50%) done
Select jobs to execute...

[Wed Nov 16 12:51:58 2022]
rule createNotebook:
    input: TSS_LUZ7_t20/TSS_seq_LUZ7_enriched_t20.plus.fa.out, TSS_LUZ7_t20/random_seq_LUZ7_t20.fa.out
    output: TSS_LUZ7_t20/structural_properties/LUZ7_t20_curvature.plus.csv, TSS_LUZ7_t20/structural_properties/LUZ7_t20_stability.plus.csv, TSS_LUZ7_t20/structural_properties/LUZ7_t20_bendability.plus.csv, TSS_LUZ7_t20/structural_properties/random_seq_LUZ7_t20_curvature.plus.csv, TSS_LUZ7_t20/structural_properties/random_seq_LUZ7_t20_stability.plus.csv, TSS_LUZ7_t20/structural_properties/random_seq_LUZ7_t20_bendability.plus.csv
    log: logs/notebooks/LUZ7_t20.plus.ipynb
    jobid: 0
    reason: Input files updated by another job: TSS_LUZ7_t20/random_seq_LUZ7_t20.fa.out; Set of input files has changed since last execution; Code has changed since last execution
    wildcards: phage=LUZ7, ident=t20, sign=plus
    resources: tmpdir=/tmp

[Wed Nov 16 12:53:14 2022]
Finished job 0.
2 of 2 steps (100%) done
Complete log: .snakemake/log/2022-11-16T125157.510286.snakemake.log
