Building DAG of jobs...
Using shell: /usr/bin/bash
Provided cores: 1 (use --cores to define parallelism)
Rules claiming more threads will be scaled down.
Conda environments: ignored
Job stats:
job                      count    min threads    max threads
---------------------  -------  -------------  -------------
addTotalReadsToCounts        2              1              1
all                          1              1              1
combineCovAndPeaks           2              1              1
createGenomecov              2              1              1
termseqPeakCalling           2              1              1
total                        9              1              1

Select jobs to execute...

[Sun Oct  2 01:53:26 2022]
rule createGenomecov:
    input: BAM_files_LUZ7/t5_enriched-LUZ7.sorted.bam
    output: LUZ7_peak_calling/t5_enriched-LUZ7.5end.minus.bedgraph
    jobid: 8
    reason: Missing output files: LUZ7_peak_calling/t5_enriched-LUZ7.5end.minus.bedgraph
    wildcards: phage=LUZ7, prefix=t5_enriched-LUZ7, num=5, sign=minus
    resources: tmpdir=/tmp

[Sun Oct  2 01:53:31 2022]
Finished job 8.
1 of 9 steps (11%) done
Select jobs to execute...

[Sun Oct  2 01:53:31 2022]
rule termseqPeakCalling:
    input: LUZ7_peak_calling/t5_enriched-LUZ7.5end.minus.bedgraph
    output: LUZ7_peak_calling/t5_enriched-LUZ7.5end.minus.peaks
    jobid: 7
    reason: Missing output files: LUZ7_peak_calling/t5_enriched-LUZ7.5end.minus.peaks; Input files updated by another job: LUZ7_peak_calling/t5_enriched-LUZ7.5end.minus.bedgraph
    wildcards: phage=LUZ7, prefix=t5_enriched-LUZ7, num=5, sign=minus
    resources: tmpdir=/tmp

[Sun Oct  2 01:53:33 2022]
Finished job 7.
2 of 9 steps (22%) done
Select jobs to execute...

[Sun Oct  2 01:53:33 2022]
rule combineCovAndPeaks:
    input: LUZ7_peak_calling/t5_enriched-LUZ7.5end.minus.peaks, LUZ7_peak_calling/t5_enriched-LUZ7.5end.minus.bedgraph
    output: LUZ7_peak_calling/t5_enriched-LUZ7.5end.minus.peaks.oracle.narrowPeak.counts
    jobid: 6
    reason: Missing output files: LUZ7_peak_calling/t5_enriched-LUZ7.5end.minus.peaks.oracle.narrowPeak.counts; Input files updated by another job: LUZ7_peak_calling/t5_enriched-LUZ7.5end.minus.peaks, LUZ7_peak_calling/t5_enriched-LUZ7.5end.minus.bedgraph
    wildcards: phage=LUZ7, prefix=t5_enriched-LUZ7, num=5, sign=minus
    resources: tmpdir=/tmp

[Sun Oct  2 01:53:33 2022]
Finished job 6.
3 of 9 steps (33%) done
Select jobs to execute...

[Sun Oct  2 01:53:33 2022]
rule createGenomecov:
    input: BAM_files_LUZ7/t5_enriched-LUZ7.sorted.bam
    output: LUZ7_peak_calling/t5_enriched-LUZ7.5end.plus.bedgraph
    jobid: 4
    reason: Missing output files: LUZ7_peak_calling/t5_enriched-LUZ7.5end.plus.bedgraph
    wildcards: phage=LUZ7, prefix=t5_enriched-LUZ7, num=5, sign=plus
    resources: tmpdir=/tmp

[Sun Oct  2 01:53:38 2022]
Finished job 4.
4 of 9 steps (44%) done
Select jobs to execute...

[Sun Oct  2 01:53:38 2022]
rule termseqPeakCalling:
    input: LUZ7_peak_calling/t5_enriched-LUZ7.5end.plus.bedgraph
    output: LUZ7_peak_calling/t5_enriched-LUZ7.5end.plus.peaks
    jobid: 3
    reason: Missing output files: LUZ7_peak_calling/t5_enriched-LUZ7.5end.plus.peaks; Input files updated by another job: LUZ7_peak_calling/t5_enriched-LUZ7.5end.plus.bedgraph
    wildcards: phage=LUZ7, prefix=t5_enriched-LUZ7, num=5, sign=plus
    resources: tmpdir=/tmp

[Sun Oct  2 01:53:41 2022]
Finished job 3.
5 of 9 steps (56%) done
Select jobs to execute...

[Sun Oct  2 01:53:41 2022]
rule combineCovAndPeaks:
    input: LUZ7_peak_calling/t5_enriched-LUZ7.5end.plus.peaks, LUZ7_peak_calling/t5_enriched-LUZ7.5end.plus.bedgraph
    output: LUZ7_peak_calling/t5_enriched-LUZ7.5end.plus.peaks.oracle.narrowPeak.counts
    jobid: 2
    reason: Missing output files: LUZ7_peak_calling/t5_enriched-LUZ7.5end.plus.peaks.oracle.narrowPeak.counts; Input files updated by another job: LUZ7_peak_calling/t5_enriched-LUZ7.5end.plus.peaks, LUZ7_peak_calling/t5_enriched-LUZ7.5end.plus.bedgraph
    wildcards: phage=LUZ7, prefix=t5_enriched-LUZ7, num=5, sign=plus
    resources: tmpdir=/tmp

[Sun Oct  2 01:53:41 2022]
Finished job 2.
6 of 9 steps (67%) done
Select jobs to execute...

[Sun Oct  2 01:53:41 2022]
rule addTotalReadsToCounts:
    input: LUZ7_peak_calling/t5_enriched-LUZ7.5end.plus.peaks.oracle.narrowPeak.counts, BAM_files_LUZ7/t5_enriched-LUZ7.sorted.bam
    output: LUZ7_peak_calling/t5_enriched-LUZ7.5end.plus.peaks.oracle.narrowPeak.counts.withTR
    jobid: 1
    reason: Missing output files: LUZ7_peak_calling/t5_enriched-LUZ7.5end.plus.peaks.oracle.narrowPeak.counts.withTR; Input files updated by another job: LUZ7_peak_calling/t5_enriched-LUZ7.5end.plus.peaks.oracle.narrowPeak.counts
    wildcards: phage=LUZ7, prefix=t5_enriched-LUZ7, num=5, sign=plus
    resources: tmpdir=/tmp

[Sun Oct  2 01:53:45 2022]
Finished job 1.
7 of 9 steps (78%) done
Select jobs to execute...

[Sun Oct  2 01:53:45 2022]
rule addTotalReadsToCounts:
    input: LUZ7_peak_calling/t5_enriched-LUZ7.5end.minus.peaks.oracle.narrowPeak.counts, BAM_files_LUZ7/t5_enriched-LUZ7.sorted.bam
    output: LUZ7_peak_calling/t5_enriched-LUZ7.5end.minus.peaks.oracle.narrowPeak.counts.withTR
    jobid: 5
    reason: Missing output files: LUZ7_peak_calling/t5_enriched-LUZ7.5end.minus.peaks.oracle.narrowPeak.counts.withTR; Input files updated by another job: LUZ7_peak_calling/t5_enriched-LUZ7.5end.minus.peaks.oracle.narrowPeak.counts
    wildcards: phage=LUZ7, prefix=t5_enriched-LUZ7, num=5, sign=minus
    resources: tmpdir=/tmp

[Sun Oct  2 01:53:49 2022]
Finished job 5.
8 of 9 steps (89%) done
Select jobs to execute...

[Sun Oct  2 01:53:49 2022]
localrule all:
    input: LUZ7_peak_calling/t5_enriched-LUZ7.5end.plus.peaks.oracle.narrowPeak.counts.withTR, LUZ7_peak_calling/t5_enriched-LUZ7.5end.minus.peaks.oracle.narrowPeak.counts.withTR
    jobid: 0
    reason: Input files updated by another job: LUZ7_peak_calling/t5_enriched-LUZ7.5end.plus.peaks.oracle.narrowPeak.counts.withTR, LUZ7_peak_calling/t5_enriched-LUZ7.5end.minus.peaks.oracle.narrowPeak.counts.withTR
    resources: tmpdir=/tmp

[Sun Oct  2 01:53:49 2022]
Finished job 0.
9 of 9 steps (100%) done
Complete log: .snakemake/log/2022-10-02T015325.929545.snakemake.log
