Building DAG of jobs...
Using shell: /usr/bin/bash
Provided cores: 1 (use --cores to define parallelism)
Rules claiming more threads will be scaled down.
Conda environments: ignored
Job stats:
job                   count    min threads    max threads
------------------  -------  -------------  -------------
all                       1              1              1
termseqPeakCalling        2              1              1
total                     3              1              1

Select jobs to execute...

[Sun Oct  2 00:16:01 2022]
rule termseqPeakCalling:
    input: LUZ7_peak_calling/t5_enriched-LUZ7.5.plus.bedgraph
    output: LUZ7_peak_calling/t5_enriched-LUZ7.5.plus.peaks
    jobid: 1
    reason: Missing output files: LUZ7_peak_calling/t5_enriched-LUZ7.5.plus.peaks
    wildcards: phage=LUZ7, prefix=t5_enriched-LUZ7, num=5, sign=plus
    resources: tmpdir=/tmp

Terminating processes on user request, this might take some time.
Complete log: .snakemake/log/2022-10-02T001600.755846.snakemake.log
