Building DAG of jobs...
Using shell: /usr/bin/bash
Provided cores: 1 (use --cores to define parallelism)
Rules claiming more threads will be scaled down.
Conda environments: ignored
Job stats:
job                            count    min threads    max threads
---------------------------  -------  -------------  -------------
createNotebook                     1              1              1
extractSequencesTSS                1              1              1
getRandomSequencesFromFasta        1              1              1
total                              3              1              1

Select jobs to execute...

[Sun Nov 27 21:45:14 2022]
rule getRandomSequencesFromFasta:
    output: TSS_LUZ7_t20/random_seq_LUZ7_t20.fa.out
    jobid: 21
    reason: Code has changed since last execution
    wildcards: TxS=TSS, phage=LUZ7, ident=t20
    resources: tmpdir=/tmp

[Sun Nov 27 21:45:16 2022]
Finished job 21.
1 of 3 steps (33%) done
Select jobs to execute...

[Sun Nov 27 21:45:16 2022]
rule extractSequencesTSS:
    input: TSS_LUZ7_t20/LUZ7_enriched_t20_peaks.minus.bed
    output: TSS_LUZ7_t20/TSS_seq_LUZ7_enriched_t20.minus.fa.out
    jobid: 1
    reason: Updated input files: TSS_LUZ7_t20/LUZ7_enriched_t20_peaks.minus.bed
    wildcards: phage=LUZ7, ident=t20, cond=enriched, sign=minus
    resources: tmpdir=/tmp

[Sun Nov 27 21:45:16 2022]
Finished job 1.
2 of 3 steps (67%) done
Select jobs to execute...

[Sun Nov 27 21:45:16 2022]
rule createNotebook:
    input: TSS_LUZ7_t20/TSS_seq_LUZ7_enriched_t20.minus.fa.out, TSS_LUZ7_t20/random_seq_LUZ7_t20.fa.out
    output: TSS_LUZ7_t20/structural_properties/LUZ7_t20_curvature.minus.csv, TSS_LUZ7_t20/structural_properties/LUZ7_t20_stability.minus.csv, TSS_LUZ7_t20/structural_properties/LUZ7_t20_bendability.minus.csv, TSS_LUZ7_t20/structural_properties/random_seq_LUZ7_t20_curvature.minus.csv, TSS_LUZ7_t20/structural_properties/random_seq_LUZ7_t20_stability.minus.csv, TSS_LUZ7_t20/structural_properties/random_seq_LUZ7_t20_bendability.minus.csv
    log: logs/notebooks/LUZ7_t20.minus.ipynb
    jobid: 0
    reason: Input files updated by another job: TSS_LUZ7_t20/random_seq_LUZ7_t20.fa.out, TSS_LUZ7_t20/TSS_seq_LUZ7_enriched_t20.minus.fa.out
    wildcards: phage=LUZ7, ident=t20, sign=minus
    resources: tmpdir=/tmp

[Sun Nov 27 21:48:09 2022]
Finished job 0.
3 of 3 steps (100%) done
Complete log: .snakemake/log/2022-11-27T214512.648284.snakemake.log
