Building DAG of jobs...
Using shell: /usr/bin/bash
Provided cores: 1 (use --cores to define parallelism)
Rules claiming more threads will be scaled down.
Conda environments: ignored
Job stats:
job                    count    min threads    max threads
-------------------  -------  -------------  -------------
NegPeaksToBedFile          1              1              1
createNotebook             1              1              1
extractSequencesTSS        1              1              1
total                      3              1              1

Select jobs to execute...

[Sun Nov  6 18:00:52 2022]
rule NegPeaksToBedFile:
    input: TSS_PhiKZ_one/enr_ratios_PhiKZ_one.minus.csv
    output: TSS_PhiKZ_one/PhiKZ_enriched_one_peaks.minus.bed, TSS_PhiKZ_one/PhiKZ_control_one_peaks.minus.bed
    jobid: 2
    reason: Missing output files: TSS_PhiKZ_one/PhiKZ_enriched_one_peaks.minus.bed
    wildcards: phage=PhiKZ, ident=one
    resources: tmpdir=/tmp

[Sun Nov  6 18:00:52 2022]
Finished job 2.
1 of 3 steps (33%) done
Removing temporary output TSS_PhiKZ_one/PhiKZ_control_one_peaks.minus.bed.
Select jobs to execute...

[Sun Nov  6 18:00:52 2022]
rule extractSequencesTSS:
    input: TSS_PhiKZ_one/PhiKZ_enriched_one_peaks.minus.bed
    output: TSS_PhiKZ_one/TSS_seq_PhiKZ_enriched_one.minus.fa.out
    jobid: 1
    reason: Input files updated by another job: TSS_PhiKZ_one/PhiKZ_enriched_one_peaks.minus.bed; Params have changed since last execution
    wildcards: phage=PhiKZ, ident=one, cond=enriched, sign=minus
    resources: tmpdir=/tmp

[Sun Nov  6 18:00:53 2022]
Finished job 1.
2 of 3 steps (67%) done
Removing temporary output TSS_PhiKZ_one/PhiKZ_enriched_one_peaks.minus.bed.
Select jobs to execute...

[Sun Nov  6 18:00:53 2022]
rule createNotebook:
    input: TSS_PhiKZ_one/TSS_seq_PhiKZ_enriched_one.minus.fa.out
    output: TSS_PhiKZ_one/structural_properties/PhiKZ_one_curvature.minus.png, TSS_PhiKZ_one/structural_properties/PhiKZ_one_curvature.minus.csv, TSS_PhiKZ_one/structural_properties/PhiKZ_one_stability.minus.png, TSS_PhiKZ_one/structural_properties/PhiKZ_one_stability.minus.csv, TSS_PhiKZ_one/structural_properties/PhiKZ_one_bendability.minus.png, TSS_PhiKZ_one/structural_properties/PhiKZ_one_bendability.minus.csv
    log: logs/notebooks/PhiKZ_one.minus.ipynb
    jobid: 0
    reason: Input files updated by another job: TSS_PhiKZ_one/TSS_seq_PhiKZ_enriched_one.minus.fa.out
    wildcards: phage=PhiKZ, ident=one, sign=minus
    resources: tmpdir=/tmp

[Sun Nov  6 18:01:09 2022]
Finished job 0.
3 of 3 steps (100%) done
Complete log: .snakemake/log/2022-11-06T180052.404374.snakemake.log
