Building DAG of jobs...
Using shell: /usr/bin/bash
Provided cores: 1 (use --cores to define parallelism)
Rules claiming more threads will be scaled down.
Conda environments: ignored
Job stats:
job                            count    min threads    max threads
---------------------------  -------  -------------  -------------
getRandomSequencesFromFasta        1              1              1
total                              1              1              1

Select jobs to execute...

[Wed Nov 16 10:50:40 2022]
rule getRandomSequencesFromFasta:
    output: TTS_LUZ7_t5/random_seq_LUZ7_t5.fa.out
    jobid: 0
    reason: Missing output files: TTS_LUZ7_t5/random_seq_LUZ7_t5.fa.out
    wildcards: TxS=TTS, phage=LUZ7, ident=t5
    resources: tmpdir=/tmp

[Wed Nov 16 10:50:40 2022]
Error in rule getRandomSequencesFromFasta:
    jobid: 0
    output: TTS_LUZ7_t5/random_seq_LUZ7_t5.fa.out
    shell:
        
        Nseq=201
        genomeName=$(awk 'sub(/^>/, "")' LUZ7.fasta | awk '{  print $1 }')
        Nbp=$(sed '1d' LUZ7.fasta | wc -c)
        upperBound=$((Nbp - 100))
        randomNumbers=$(shuf -i 100-$upperBound -n $Nseq)

        NseqHalfPos=$((Nseq/2))
        NseqHalfPos=$(echo $NseqHalfPos | bc)
        NseqHalfNeg=$((Nseq - NseqHalfPos))

        randomNumbersPos=$(head -n $NseqHalfPos <(echo "$randomNumbers") | sort -n)
        randomNumbersNeg=$(tail -n $NseqHalfNeg <(echo "$randomNumbers") | sort -n)

        bedPos = $(awk -v name=$genomeName '{print name, $1 - 100, $1 + 20, "TTS_" NR}, "+"' <<<$randomNumbersPos)
        bedNeg = $(awk -v name=$genomeName '{print name, $1 - 100, $1 + 20, "TTS_" NR}, "-"' <<<$randomNumbersNeg)

        cat <(echo "$bedPos") <(echo "$bedNeg")
        
        (one of the commands exited with non-zero exit code; note that snakemake uses bash strict mode!)

Shutting down, this might take some time.
Exiting because a job execution failed. Look above for error message
Complete log: .snakemake/log/2022-11-16T105040.294056.snakemake.log
