Building DAG of jobs...
Using shell: /usr/bin/bash
Provided cores: 1 (use --cores to define parallelism)
Rules claiming more threads will be scaled down.
Conda environments: ignored
Job stats:
job                      count    min threads    max threads
---------------------  -------  -------------  -------------
addTotalReadsToCounts        2              1              1
all                          1              1              1
total                        3              1              1

Select jobs to execute...

[Sun Oct  2 02:00:44 2022]
rule addTotalReadsToCounts:
    input: LUZ7_peak_calling/t5_enriched-LUZ7.5end.plus.peaks.oracle.narrowPeak.counts, BAM_files_LUZ7/t5_enriched-LUZ7.sorted.bam
    output: LUZ7_peak_calling/t5_enriched-LUZ7.5end.plus.peaks.oracle.narrowPeak.counts.withTR
    jobid: 1
    reason: Code has changed since last execution
    wildcards: phage=LUZ7, prefix=t5_enriched-LUZ7, num=5, sign=plus
    resources: tmpdir=/tmp

[Sun Oct  2 02:00:48 2022]
Finished job 1.
1 of 3 steps (33%) done
Select jobs to execute...

[Sun Oct  2 02:00:48 2022]
rule addTotalReadsToCounts:
    input: LUZ7_peak_calling/t5_enriched-LUZ7.5end.minus.peaks.oracle.narrowPeak.counts, BAM_files_LUZ7/t5_enriched-LUZ7.sorted.bam
    output: LUZ7_peak_calling/t5_enriched-LUZ7.5end.minus.peaks.oracle.narrowPeak.counts.withTR
    jobid: 5
    reason: Code has changed since last execution
    wildcards: phage=LUZ7, prefix=t5_enriched-LUZ7, num=5, sign=minus
    resources: tmpdir=/tmp

[Sun Oct  2 02:00:53 2022]
Finished job 5.
2 of 3 steps (67%) done
Select jobs to execute...

[Sun Oct  2 02:00:53 2022]
localrule all:
    input: LUZ7_peak_calling/t5_enriched-LUZ7.5end.plus.peaks.oracle.narrowPeak.counts.withTR, LUZ7_peak_calling/t5_enriched-LUZ7.5end.minus.peaks.oracle.narrowPeak.counts.withTR
    jobid: 0
    reason: Input files updated by another job: LUZ7_peak_calling/t5_enriched-LUZ7.5end.minus.peaks.oracle.narrowPeak.counts.withTR, LUZ7_peak_calling/t5_enriched-LUZ7.5end.plus.peaks.oracle.narrowPeak.counts.withTR
    resources: tmpdir=/tmp

[Sun Oct  2 02:00:53 2022]
Finished job 0.
3 of 3 steps (100%) done
Complete log: .snakemake/log/2022-10-02T020044.211274.snakemake.log
