Building DAG of jobs...
Using shell: /usr/bin/bash
Provided cores: 1 (use --cores to define parallelism)
Rules claiming more threads will be scaled down.
Conda environments: ignored
Job stats:
job         count    min threads    max threads
--------  -------  -------------  -------------
cutadapt        1              1              1
minimap2        1              1              1
total           2              1              1

Select jobs to execute...

[Tue Oct  4 23:42:31 2022]
rule cutadapt:
    input: pychopper_LUZ7_t5/LUZ7_enriched_t5_full_length_output.fq
    output: LUZ7_enriched_t5_cutadapt.fq
    jobid: 1
    reason: Missing output files: LUZ7_enriched_t5_cutadapt.fq
    wildcards: phage=LUZ7, cond=enriched, ident=t5
    resources: tmpdir=/tmp

[Tue Oct  4 23:42:41 2022]
Finished job 1.
1 of 2 steps (50%) done
Select jobs to execute...

[Tue Oct  4 23:42:41 2022]
rule minimap2:
    input: LUZ7_enriched_t5_cutadapt.fq
    output: LUZ7_enriched_t5_minimap.sam
    jobid: 0
    reason: Missing output files: LUZ7_enriched_t5_minimap.sam; Input files updated by another job: LUZ7_enriched_t5_cutadapt.fq
    wildcards: phage=LUZ7, cond=enriched, ident=t5
    resources: tmpdir=/tmp

RuleException in rule minimap2 in line 27 of /mnt/c/Users/danis/Desktop/Thesis/pipeline_snakemake/workflow/rules/mapReads.smk:
NameError: The name 'fa' is unknown in this context. Please make sure that you defined that variable. Also note that braces not used for variable access have to be escaped by repeating them, i.e. {{print $1}}, when formatting the following:

        minimap2 -ax map-ont -k14 -t 8 {fa} {input} > {output}"
        
