Building DAG of jobs...
Using shell: /usr/bin/bash
Provided cores: 1 (use --cores to define parallelism)
Rules claiming more threads will be scaled down.
Conda environments: ignored
Job stats:
job         count    min threads    max threads
--------  -------  -------------  -------------
clipping        1              1              1
total           1              1              1

Select jobs to execute...

[Wed Oct  5 00:48:27 2022]
rule clipping:
    input: LUZ7_enriched_t5_minimap.sam, LUZ7.fasta.fai
    output: LUZ7_enriched_t5_clipped.sam
    jobid: 0
    reason: Missing output files: LUZ7_enriched_t5_clipped.sam
    wildcards: phage=LUZ7, cond=enriched, ident=t5
    resources: tmpdir=/tmp

[Wed Oct  5 00:48:28 2022]
Finished job 0.
1 of 1 steps (100%) done
Complete log: .snakemake/log/2022-10-05T004826.829191.snakemake.log
