Building DAG of jobs...
Using shell: /usr/bin/bash
Provided cores: 1 (use --cores to define parallelism)
Rules claiming more threads will be scaled down.
Conda environments: ignored
Job stats:
job         count    min threads    max threads
--------  -------  -------------  -------------
cutadapt        1              1              1
total           1              1              1

Select jobs to execute...

[Tue Oct  4 20:39:55 2022]
rule cutadapt:
    input: pychopper_LUZ7_t5/LUZ7_enriched_t5_full_length_output.fq
    output: LUZ7_enriched_t5_cutadapt.fq
    jobid: 0
    reason: Missing output files: LUZ7_enriched_t5_cutadapt.fq
    wildcards: phage=LUZ7, cond=enriched, ident=t5
    resources: tmpdir=/tmp

[Tue Oct  4 20:40:05 2022]
Finished job 0.
1 of 1 steps (100%) done
Complete log: .snakemake/log/2022-10-04T203955.170824.snakemake.log
