Building DAG of jobs...
Using shell: /usr/bin/bash
Provided cores: 1 (use --cores to define parallelism)
Rules claiming more threads will be scaled down.
Conda environments: ignored
Job stats:
job                    count    min threads    max threads
-------------------  -------  -------------  -------------
PosPeaksToBedFile          1              1              1
createNotebook             1              1              1
extractSequencesTSS        1              1              1
total                      3              1              1

Select jobs to execute...

[Thu Oct 20 14:50:40 2022]
rule PosPeaksToBedFile:
    input: TSS_LUZ7_t20/enr_ratios_LUZ7_t20.plus.csv
    output: TSS_LUZ7_t20/LUZ7_enriched_t20_peaks.plus.bed, TSS_LUZ7_t20/LUZ7_control_t20_peaks.plus.bed
    jobid: 2
    reason: Missing output files: TSS_LUZ7_t20/LUZ7_enriched_t20_peaks.plus.bed; Params have changed since last execution
    wildcards: phage=LUZ7, ident=t20
    resources: tmpdir=/tmp

[Thu Oct 20 14:50:40 2022]
Finished job 2.
1 of 3 steps (33%) done
Removing temporary output TSS_LUZ7_t20/LUZ7_control_t20_peaks.plus.bed.
Select jobs to execute...

[Thu Oct 20 14:50:40 2022]
rule extractSequencesTSS:
    input: TSS_LUZ7_t20/LUZ7_enriched_t20_peaks.plus.bed
    output: TSS_LUZ7_t20/TSS_seq_LUZ7_enriched_t20.plus.fa.out
    jobid: 1
    reason: Input files updated by another job: TSS_LUZ7_t20/LUZ7_enriched_t20_peaks.plus.bed
    wildcards: phage=LUZ7, ident=t20, cond=enriched, sign=plus
    resources: tmpdir=/tmp

[Thu Oct 20 14:50:40 2022]
Error in rule extractSequencesTSS:
    jobid: 1
    output: TSS_LUZ7_t20/TSS_seq_LUZ7_enriched_t20.plus.fa.out
    shell:
        
        bedtools getfasta -fi LUZ7.fasta -bed TSS_LUZ7_t20/LUZ7_enriched_t20_peaks.plus.bed -fo TSS_LUZ7_t20/TSS_seq_LUZ7_enriched_t20.plus.fa.out -s -name 
        
        (one of the commands exited with non-zero exit code; note that snakemake uses bash strict mode!)

Removing output files of failed job extractSequencesTSS since they might be corrupted:
TSS_LUZ7_t20/TSS_seq_LUZ7_enriched_t20.plus.fa.out
Shutting down, this might take some time.
Exiting because a job execution failed. Look above for error message
Complete log: .snakemake/log/2022-10-20T145040.420779.snakemake.log
