Building DAG of jobs...
Using shell: /usr/bin/bash
Provided cores: 1 (use --cores to define parallelism)
Rules claiming more threads will be scaled down.
Conda environments: ignored
Job stats:
job             count    min threads    max threads
------------  -------  -------------  -------------
all                 1              1              1
clusterReads        2              1              1
total               3              1              1

Select jobs to execute...

[Thu Oct  6 00:01:00 2022]
rule clusterReads:
    input: LUZ7_peak_calling/t5_enriched-LUZ7.5end.plus.peaks.oracle.narrowPeak.counts.withTR
    output: LUZ7_peak_calling/t5_enriched-LUZ7.5end.plus.peaks.oracle.narrowPeak.counts.clustered.csv
    jobid: 1
    reason: Code has changed since last execution
    wildcards: phage=LUZ7, prefix=t5_enriched-LUZ7, num=5, sign=plus
    resources: tmpdir=/tmp

[Thu Oct  6 00:01:01 2022]
Finished job 1.
1 of 3 steps (33%) done
Select jobs to execute...

[Thu Oct  6 00:01:01 2022]
rule clusterReads:
    input: LUZ7_peak_calling/t5_enriched-LUZ7.3end.minus.peaks.oracle.narrowPeak.counts.withTR
    output: LUZ7_peak_calling/t5_enriched-LUZ7.3end.minus.peaks.oracle.narrowPeak.counts.clustered.csv
    jobid: 6
    reason: Code has changed since last execution
    wildcards: phage=LUZ7, prefix=t5_enriched-LUZ7, num=3, sign=minus
    resources: tmpdir=/tmp

[Thu Oct  6 00:01:02 2022]
Finished job 6.
2 of 3 steps (67%) done
Select jobs to execute...

[Thu Oct  6 00:01:02 2022]
localrule all:
    input: LUZ7_peak_calling/t5_enriched-LUZ7.5end.plus.peaks.oracle.narrowPeak.counts.clustered.csv, LUZ7_peak_calling/t5_enriched-LUZ7.3end.minus.peaks.oracle.narrowPeak.counts.clustered.csv
    jobid: 0
    reason: Input files updated by another job: LUZ7_peak_calling/t5_enriched-LUZ7.5end.plus.peaks.oracle.narrowPeak.counts.clustered.csv, LUZ7_peak_calling/t5_enriched-LUZ7.3end.minus.peaks.oracle.narrowPeak.counts.clustered.csv
    resources: tmpdir=/tmp

[Thu Oct  6 00:01:02 2022]
Finished job 0.
3 of 3 steps (100%) done
Complete log: .snakemake/log/2022-10-06T000100.069727.snakemake.log
