Building DAG of jobs...
Using shell: /usr/bin/bash
Provided cores: 1 (use --cores to define parallelism)
Rules claiming more threads will be scaled down.
Job stats:
job                 count    min threads    max threads
----------------  -------  -------------  -------------
all                     1              1              1
create5Genomecov        2              1              1
total                   3              1              1

Select jobs to execute...

[Sun Oct  2 00:09:25 2022]
rule create5Genomecov:
    input: BAM_files_LUZ7/t5_enriched-LUZ7.sorted.bam
    output: LUZ7_peak_calling/t5_enriched-LUZ7.5.plus.bedgraph
    jobid: 1
    reason: Code has changed since last execution; Params have changed since last execution
    wildcards: phage=LUZ7, prefix=t5_enriched-LUZ7, num=5, sign=plus
    resources: tmpdir=/tmp

[Sun Oct  2 00:09:33 2022]
Finished job 1.
1 of 3 steps (33%) done
Select jobs to execute...

[Sun Oct  2 00:09:33 2022]
rule create5Genomecov:
    input: BAM_files_LUZ7/t5_enriched-LUZ7.sorted.bam
    output: LUZ7_peak_calling/t5_enriched-LUZ7.5.minus.bedgraph
    jobid: 2
    reason: Code has changed since last execution; Params have changed since last execution
    wildcards: phage=LUZ7, prefix=t5_enriched-LUZ7, num=5, sign=minus
    resources: tmpdir=/tmp

[Sun Oct  2 00:09:40 2022]
Finished job 2.
2 of 3 steps (67%) done
Select jobs to execute...

[Sun Oct  2 00:09:40 2022]
localrule all:
    input: LUZ7_peak_calling/t5_enriched-LUZ7.5.plus.bedgraph, LUZ7_peak_calling/t5_enriched-LUZ7.5.minus.bedgraph
    jobid: 0
    reason: Input files updated by another job: LUZ7_peak_calling/t5_enriched-LUZ7.5.plus.bedgraph, LUZ7_peak_calling/t5_enriched-LUZ7.5.minus.bedgraph
    resources: tmpdir=/tmp

[Sun Oct  2 00:09:40 2022]
Finished job 0.
3 of 3 steps (100%) done
Complete log: .snakemake/log/2022-10-02T000925.319966.snakemake.log
