Building DAG of jobs...
Using shell: /usr/bin/bash
Provided cores: 1 (use --cores to define parallelism)
Rules claiming more threads will be scaled down.
Conda environments: ignored
Job stats:
job               count    min threads    max threads
--------------  -------  -------------  -------------
all                   1              1              1
createNotebook        1              1              1
total                 2              1              1

Select jobs to execute...

[Mon Oct 17 15:22:41 2022]
rule createNotebook:
    input: TSS_LUZ7_t5/TSS_seq_LUZ7_enriched_t5.minus.fa.out
    output: TSS_LUZ7_t5/structural_properties/LUZ7_t5_curvature.minus.png, TSS_LUZ7_t5/structural_properties/LUZ7_t5_curvature.minus.csv
    log: logs/notebooks/LUZ7_t5.minus.ipynb
    jobid: 34
    reason: Missing output files: TSS_LUZ7_t5/structural_properties/LUZ7_t5_curvature.minus.png
    wildcards: phage=LUZ7, ident=t5, sign=minus
    resources: tmpdir=/tmp

[Mon Oct 17 15:22:47 2022]
Finished job 34.
1 of 2 steps (50%) done
Select jobs to execute...

[Mon Oct 17 15:22:47 2022]
localrule all:
    input: TSS_LUZ7_t5/structural_properties/LUZ7_t5_curvature.plus.png, TSS_LUZ7_t5/structural_properties/LUZ7_t5_curvature.minus.png
    jobid: 0
    reason: Input files updated by another job: TSS_LUZ7_t5/structural_properties/LUZ7_t5_curvature.minus.png
    resources: tmpdir=/tmp

[Mon Oct 17 15:22:47 2022]
Finished job 0.
2 of 2 steps (100%) done
Complete log: .snakemake/log/2022-10-17T152240.373433.snakemake.log
