Building DAG of jobs...
Using shell: /usr/bin/bash
Provided cores: 4
Rules claiming more threads will be scaled down.
Conda environments: ignored
Job stats:
job             count    min threads    max threads
------------  -------  -------------  -------------
PosEffRatios        1              1              1
total               1              1              1

Select jobs to execute...

[Fri Oct 14 13:25:23 2022]
rule PosEffRatios:
    input: LUZ7_peak_calling/LUZ7_enriched_t5.3end.plus.peaks.oracle.narrowPeak.counts.clustered.csv, LUZ7_genome.txt, BAM_files_LUZ7/LUZ7_enriched_t5.sorted.bam
    output: LUZ7_t5_test.txt
    jobid: 0
    reason: Missing output files: LUZ7_t5_test.txt
    wildcards: phage=LUZ7, ident=t5
    resources: tmpdir=/tmp

[Fri Oct 14 13:29:21 2022]
Finished job 0.
1 of 1 steps (100%) done
Complete log: .snakemake/log/2022-10-14T132522.843191.snakemake.log
