Building DAG of jobs...
Using shell: /usr/bin/bash
Provided cores: 1 (use --cores to define parallelism)
Rules claiming more threads will be scaled down.
Conda environments: ignored
Job stats:
job                    count    min threads    max threads
-------------------  -------  -------------  -------------
createNotebook             1              1              1
extractSequencesTSS        1              1              1
total                      2              1              1

Select jobs to execute...

[Wed Nov  9 16:25:36 2022]
rule extractSequencesTSS:
    input: TSS_PhiKZ_one/PhiKZ_enriched_one_peaks.plus.bed
    output: TSS_PhiKZ_one/TSS_seq_PhiKZ_enriched_one.plus.fa.out
    jobid: 1
    reason: Missing output files: TSS_PhiKZ_one/TSS_seq_PhiKZ_enriched_one.plus.fa.out
    wildcards: phage=PhiKZ, ident=one, cond=enriched, sign=plus
    resources: tmpdir=/tmp

[Wed Nov  9 16:25:36 2022]
Error in rule extractSequencesTSS:
    jobid: 1
    output: TSS_PhiKZ_one/TSS_seq_PhiKZ_enriched_one.plus.fa.out
    shell:
        
        bedtools getfasta -fi phiKZ.fasta -bed TSS_PhiKZ_one/PhiKZ_enriched_one_peaks.plus.bed -fo TSS_PhiKZ_one/TSS_seq_PhiKZ_enriched_one.plus.fa.out -s -name 
        
        (one of the commands exited with non-zero exit code; note that snakemake uses bash strict mode!)

Removing output files of failed job extractSequencesTSS since they might be corrupted:
TSS_PhiKZ_one/TSS_seq_PhiKZ_enriched_one.plus.fa.out
Shutting down, this might take some time.
Exiting because a job execution failed. Look above for error message
Complete log: .snakemake/log/2022-11-09T162535.595558.snakemake.log
