Building DAG of jobs...
Using shell: /usr/bin/bash
Provided cores: 1 (use --cores to define parallelism)
Rules claiming more threads will be scaled down.
Conda environments: ignored
Job stats:
job                                   count    min threads    max threads
----------------------------------  -------  -------------  -------------
PosPeaksToBedFile                         1              1              1
addTotalReadsToCounts                     2              1              1
clipping                                  1              1              1
clusterReads                              2              1              1
combineCovAndPeaks                        2              1              1
createGenomecov                           2              1              1
createNotebook                            1              1              1
cutadapt                                  1              1              1
extractSequencesTSS                       1              1              1
getAllOverlappingPeaks                    1              1              1
getInformationFromOverlappingPeaks        1              1              1
getOverlappingPeaksWithError              4              1              1
getPeaks                                  1              1              1
minimap2                                  1              1              1
samToBam                                  1              1              1
sortBam                                   1              1              1
splitOverlappingPeaks                     1              1              1
termseqPeakCalling                        2              1              1
total                                    26              1              1

Select jobs to execute...

[Sun Nov  6 17:10:44 2022]
rule createGenomecov:
    input: BAM_files_PhiKZ/PhiKZ_control_one.sorted.bam
    output: PhiKZ_peak_calling/PhiKZ_control_one.5end.plus.bedgraph
    jobid: 19
    reason: Missing output files: PhiKZ_peak_calling/PhiKZ_control_one.5end.plus.bedgraph; Code has changed since last execution
    wildcards: phage=PhiKZ, prefix=PhiKZ_control_one, num=5, sign=plus
    resources: tmpdir=/tmp

[Sun Nov  6 17:10:45 2022]
Finished job 19.
1 of 26 steps (4%) done
Select jobs to execute...

[Sun Nov  6 17:10:45 2022]
rule cutadapt:
    input: pychopper_PhiKZ_one/PhiKZ_enriched_one_full_length_output.fq
    output: PhiKZ_enriched_one_cutadapt.fq
    jobid: 13
    reason: Missing output files: PhiKZ_enriched_one_cutadapt.fq; Updated input files: pychopper_PhiKZ_one/PhiKZ_enriched_one_full_length_output.fq
    wildcards: phage=PhiKZ, cond=enriched, ident=one
    resources: tmpdir=/tmp

[Sun Nov  6 17:10:45 2022]
Error in rule cutadapt:
    jobid: 13
    output: PhiKZ_enriched_one_cutadapt.fq
    shell:
        
            temp=$(cutadapt -a A{10} -e 1 -j 0 pychopper_PhiKZ_one/PhiKZ_enriched_one_full_length_output.fq)
            cutadapt -g TTTCTGTTGGTGCTGATATTGCTGGG -e 1 -j 0 -o PhiKZ_enriched_one_cutadapt.fq <(echo "$temp")
        
        (one of the commands exited with non-zero exit code; note that snakemake uses bash strict mode!)

Removing output files of failed job cutadapt since they might be corrupted:
PhiKZ_enriched_one_cutadapt.fq
Shutting down, this might take some time.
Exiting because a job execution failed. Look above for error message
Complete log: .snakemake/log/2022-11-06T171044.288348.snakemake.log
