Building DAG of jobs...
Using shell: /usr/bin/bash
Provided cores: 1 (use --cores to define parallelism)
Rules claiming more threads will be scaled down.
Conda environments: ignored
Job stats:
job          count    min threads    max threads
---------  -------  -------------  -------------
pychopper        1              1              1
test             1              1              1
total            2              1              1

Select jobs to execute...

[Tue Oct  4 18:48:47 2022]
rule pychopper:
    output: pychopper_LUZ7_t5/LUZ7_enriched_t5/LUZ7_enriched_t5_full_length_output.fq, pychopper_LUZ7_t5/LUZ7_control_t5/LUZ7_control_t5_full_length_output.fq
    jobid: 1
    reason: Missing output files: pychopper_LUZ7_t5/LUZ7_enriched_t5/LUZ7_enriched_t5_full_length_output.fq, pychopper_LUZ7_t5/LUZ7_control_t5/LUZ7_control_t5_full_length_output.fq
    resources: tmpdir=/tmp

[Tue Oct  4 18:48:47 2022]
Error in rule pychopper:
    jobid: 1
    output: pychopper_LUZ7_t5/LUZ7_enriched_t5/LUZ7_enriched_t5_full_length_output.fq, pychopper_LUZ7_t5/LUZ7_control_t5/LUZ7_control_t5_full_length_output.fq
    shell:
        
        cdna_classifier.py testData/enriched_test.fastqpychopper_LUZ7_t5/LUZ7_enriched_t5/LUZ7_enriched_t5_full_length_output.fq

        cdna_classifier.py testData/control_test.fastq pychopper_LUZ7_t5/LUZ7_control_t5/LUZ7_control_t5_full_length_output.fq
        
        (one of the commands exited with non-zero exit code; note that snakemake uses bash strict mode!)

Shutting down, this might take some time.
Exiting because a job execution failed. Look above for error message
Complete log: .snakemake/log/2022-10-04T184846.761302.snakemake.log
