Building DAG of jobs...
Using shell: /usr/bin/bash
Provided cores: 1 (use --cores to define parallelism)
Rules claiming more threads will be scaled down.
Conda environments: ignored
Job stats:
job                    count    min threads    max threads
-------------------  -------  -------------  -------------
all                        1              1              1
getEnrichmentRatios        1              1              1
total                      2              1              1

Select jobs to execute...

[Thu Oct  6 00:17:34 2022]
rule getEnrichmentRatios:
    input: LUZ7_peak_calling/LUZ7_enriched_t5.5end.plus.peaks.oracle.narrowPeak.counts.clustered.csv, LUZ7_peak_calling/LUZ7_control_t5.5end.plus.peaks.oracle.narrowPeak.counts.clustered.csv
    output: TSS_LUZ7_t5/enrRatios_LUZ7_t5.plus.csv
    jobid: 1
    reason: Missing output files: TSS_LUZ7_t5/enrRatios_LUZ7_t5.plus.csv
    wildcards: phage=LUZ7, ident=t5, sign=plus
    resources: tmpdir=/tmp

[Thu Oct  6 00:17:34 2022]
Error in rule getEnrichmentRatios:
    jobid: 1
    output: TSS_LUZ7_t5/enrRatios_LUZ7_t5.plus.csv
    shell:
        
        ePeaks=$(awk -F ',' '{print \$14}' LUZ7_peak_calling/LUZ7_enriched_t5.5end.plus.peaks.oracle.narrowPeak.counts.clustered.csv| awk 'NR>1')
        cPeaks=$(awk -F ',' '{print \$14}' LUZ7_peak_calling/LUZ7_control_t5.5end.plus.peaks.oracle.narrowPeak.counts.clustered.csv| awk 'NR>1')
        commonPeaks=$(grep -Fx -f <(echo "$ePeaks") <(echo "$cPeaks"))
        AllPeaks=$(paste -d ' ' <(echo "$commonPeaks") <(echo "$commonPeaks"))
        remainingPeaks=$(grep -Fxv -f <(echo "$commonPeaks") <(echo "$cPeaks"))
        echo "test"> TSS_LUZ7_t5/enrRatios_LUZ7_t5.plus.csv
        
        (one of the commands exited with non-zero exit code; note that snakemake uses bash strict mode!)

Shutting down, this might take some time.
Exiting because a job execution failed. Look above for error message
Complete log: .snakemake/log/2022-10-06T001733.725006.snakemake.log
