Building DAG of jobs...
Using shell: /usr/bin/bash
Provided cores: 1 (use --cores to define parallelism)
Rules claiming more threads will be scaled down.
Conda environments: ignored
Job stats:
job             count    min threads    max threads
------------  -------  -------------  -------------
all                 1              1              1
clusterReads        2              1              1
total               3              1              1

Select jobs to execute...

[Wed Oct  5 20:39:18 2022]
rule clusterReads:
    input: LUZ7_peak_calling/t5_enriched-LUZ7.5end.plus.peaks.oracle.narrowPeak.counts.withTR
    output: LUZ7_peak_calling/t5_enriched-LUZ7.5end.plus.peaks.oracle.narrowPeak.counts.TSS.clustered.csv, LUZ7_peak_calling/t5_enriched-LUZ7.5end.plus.peaks.oracle.narrowPeak.counts.TTS.clustered.csv
    jobid: 1
    reason: Missing output files: LUZ7_peak_calling/t5_enriched-LUZ7.5end.plus.peaks.oracle.narrowPeak.counts.TSS.clustered.csv
    wildcards: phage=LUZ7, prefix=t5_enriched-LUZ7, num=5, sign=plus
    resources: tmpdir=/tmp

RuleException in rule clusterReads in line 47 of /mnt/c/Users/danis/Desktop/Thesis/pipeline_snakemake/workflow/rules/determineTranscriptionBoundries.smk:
TypeError: list indices must be integers or slices, not str, when formatting the following:

        chmod +x peak_clustering.r
        ./peak_clustering.r {input} {params.symb} {params.cluster_width["TSS"]} {params.minimum_coverage["TSS"]} {output[0]}
        ./peak_clustering.r {input} {params.symb} {params.cluster_width["TTS"]} {params.minimum_coverage["TTS"]} {output[1]}
        
