Building DAG of jobs...
Using shell: /usr/bin/bash
Provided cores: 1 (use --cores to define parallelism)
Rules claiming more threads will be scaled down.
Conda environments: ignored
Job stats:
job                    count    min threads    max threads
-------------------  -------  -------------  -------------
all                        1              1              1
getEnrichmentRatios        1              1              1
total                      2              1              1

Select jobs to execute...

[Wed Oct 12 09:26:28 2022]
rule getEnrichmentRatios:
    input: LUZ7_peak_calling/LUZ7_enriched_t5.5end.plus.peaks.oracle.narrowPeak.counts.clustered.csv, LUZ7_peak_calling/LUZ7_control_t5.5end.plus.peaks.oracle.narrowPeak.counts.clustered.csv
    output: TSS_LUZ7_t5/enrRatios_LUZ7_t5.plus.csv
    jobid: 1
    reason: Missing output files: TSS_LUZ7_t5/enrRatios_LUZ7_t5.plus.csv
    wildcards: phage=LUZ7, ident=t5, sign=plus
    resources: tmpdir=/tmp

[Wed Oct 12 09:26:28 2022]
Error in rule getEnrichmentRatios:
    jobid: 1
    output: TSS_LUZ7_t5/enrRatios_LUZ7_t5.plus.csv
    shell:
        
        ePeaks=$(awk -F ',' '{print $14}' LUZ7_peak_calling/LUZ7_enriched_t5.5end.plus.peaks.oracle.narrowPeak.counts.clustered.csv| awk 'NR>1')
        cPeaks=$(awk -F ',' '{print $14}' LUZ7_peak_calling/LUZ7_control_t5.5end.plus.peaks.oracle.narrowPeak.counts.clustered.csv| awk 'NR>1')
        commonPeaks=$(grep -Fx -f <(echo "$ePeaks") <(echo "$cPeaks"))
        AllPeaks=$(paste -d ' ' <(echo "$commonPeaks") <(echo "$commonPeaks"))
        remainingPeaks=$(grep -Fxv -f <(echo "$commonPeaks") <(echo "$cPeaks"))
        for i in $(seq 1 2)
        do
            cPeaksPlus=$(awk -v e="$i" -F ',' '{print $1+e}' <(echo "$remainingPeaks"))
            commonPeaksPlus=$(grep -Fx -f <(echo "$ePeaks") <(echo "$cPeaksPlus"))
            if [[ -n $commonPeaksPlus ]]
            then
                originalPlus=$(awk -v e=$i -F ',' '{print $1-e}' <(echo "$commonPeaksPlus"))
                #echo "$originalPlus"
                remainingPeaks=$(grep -Fxv -f <(echo "$originalPlus") <(echo "$remainingPeaks"))
                AllPeaksPlus=$(paste -d ' ' <(echo "$originalPlus") <(echo "$commonPeaksPlus"))
                AllPeaks=$(cat <(echo "$AllPeaks") <(echo "$AllPeaksPlus"))
            fi
            
            cPeaksMinus=$(awk -v e="$i" -F ',' '{print $1-e}' <(echo "$remainingPeaks"))
            commonPeaksMinus=$(grep -Fx -f <(echo "$ePeaks") <(echo "$cPeaksMinus"))
            if [[ -n $commonPeaksMinus ]]
            then
                originalMinus=$(awk -v e=$i -F ',' '{print $1+e}' <(echo "$commonPeaksMinus"))
                remainingPeaks=$(grep -Fxv -f <(echo "$originalMinus") <(echo "$remainingPeaks"))
                AllPeaksMinus=$(paste -d ' ' <(echo "$originalMinus") <(echo "$commonPeaksMinus"))
                AllPeaks=$(cat <(echo "$AllPeaks") <(echo "$AllPeaksMinus"))
            fi
        done
        
        (one of the commands exited with non-zero exit code; note that snakemake uses bash strict mode!)

Shutting down, this might take some time.
Exiting because a job execution failed. Look above for error message
Complete log: .snakemake/log/2022-10-12T092627.992636.snakemake.log
