Building DAG of jobs...
Using shell: /usr/bin/bash
Provided cores: 1 (use --cores to define parallelism)
Rules claiming more threads will be scaled down.
Conda environments: ignored
Job stats:
job                                   count    min threads    max threads
----------------------------------  -------  -------------  -------------
all                                       1              1              1
getInformationFromOverlappingPeaks        1              1              1
total                                     2              1              1

Select jobs to execute...

[Wed Oct 12 14:30:07 2022]
rule getInformationFromOverlappingPeaks:
    input: LUZ7_peak_calling/LUZ7_enriched_t5.5end.plus.peaks.oracle.narrowPeak.counts.clustered.csv, LUZ7_peak_calling/LUZ7_control_t5.5end.plus.peaks.oracle.narrowPeak.counts.clustered.csv, LUZ7_t5_all_overlapping_peaks.plus.csv
    output: TSS_LUZ7_t5/enrRatios_LUZ7_t5.plus.csv
    jobid: 1
    reason: Missing output files: TSS_LUZ7_t5/enrRatios_LUZ7_t5.plus.csv
    wildcards: phage=LUZ7, ident=t5, sign=plus
    resources: tmpdir=/tmp

Waiting at most 5 seconds for missing files.
MissingOutputException in rule getInformationFromOverlappingPeaks in line 44 of /mnt/c/Users/danis/Desktop/Thesis/pipeline_snakemake/workflow/rules/annotateTSS.smk:
Job Missing files after 5 seconds. This might be due to filesystem latency. If that is the case, consider to increase the wait time with --latency-wait:
TSS_LUZ7_t5/enrRatios_LUZ7_t5.plus.csv completed successfully, but some output files are missing. 1
Shutting down, this might take some time.
Exiting because a job execution failed. Look above for error message
Complete log: .snakemake/log/2022-10-12T143007.232818.snakemake.log
