Building DAG of jobs...
Using shell: /usr/bin/bash
Provided cores: 1 (use --cores to define parallelism)
Rules claiming more threads will be scaled down.
Conda environments: ignored
Job stats:
job               count    min threads    max threads
--------------  -------  -------------  -------------
createNotebook        1              1              1
total                 1              1              1

Select jobs to execute...

[Thu Oct 20 13:31:36 2022]
rule createNotebook:
    input: TSS_LUZ7_t5/TSS_seq_LUZ7_enriched_t5.plus.fa.out
    output: TSS_LUZ7_t5/structural_properties/LUZ7_t5_curvature.plus.png, TSS_LUZ7_t5/structural_properties/LUZ7_t5_curvature.plus.csv, TSS_LUZ7_t5/structural_properties/LUZ7_t5_stability.plus.png, TSS_LUZ7_t5/structural_properties/LUZ7_t5_stability.plus.csv
    log: logs/notebooks/LUZ7_t5.plus.ipynb
    jobid: 0
    reason: Code has changed since last execution
    wildcards: phage=LUZ7, ident=t5, sign=plus
    resources: tmpdir=/tmp

Waiting at most 5 seconds for missing files.
Terminating processes on user request, this might take some time.
Complete log: .snakemake/log/2022-10-20T133135.531751.snakemake.log
