Building DAG of jobs...
Using shell: /usr/bin/bash
Provided cores: 1 (use --cores to define parallelism)
Rules claiming more threads will be scaled down.
Conda environments: ignored
Job stats:
job                    count    min threads    max threads
-------------------  -------  -------------  -------------
createNotebook             1              1              1
extractSequencesTSS        1              1              1
total                      2              1              1

Select jobs to execute...

[Wed Nov  9 20:20:09 2022]
rule extractSequencesTSS:
    input: TSS_PhiKZ_one/PhiKZ_enriched_one_peaks.plus.bed
    output: TSS_PhiKZ_one/TSS_seq_PhiKZ_enriched_one.plus.fa.out
    jobid: 1
    reason: Updated input files: TSS_PhiKZ_one/PhiKZ_enriched_one_peaks.plus.bed
    wildcards: phage=PhiKZ, ident=one, cond=enriched, sign=plus
    resources: tmpdir=/tmp

[Wed Nov  9 20:20:09 2022]
Finished job 1.
1 of 2 steps (50%) done
Select jobs to execute...

[Wed Nov  9 20:20:09 2022]
rule createNotebook:
    input: TSS_PhiKZ_one/TSS_seq_PhiKZ_enriched_one.plus.fa.out
    output: TSS_PhiKZ_one/structural_properties/PhiKZ_one_curvature.plus.png, TSS_PhiKZ_one/structural_properties/PhiKZ_one_curvature.plus.csv, TSS_PhiKZ_one/structural_properties/PhiKZ_one_stability.plus.png, TSS_PhiKZ_one/structural_properties/PhiKZ_one_stability.plus.csv, TSS_PhiKZ_one/structural_properties/PhiKZ_one_bendability.plus.png, TSS_PhiKZ_one/structural_properties/PhiKZ_one_bendability.plus.csv
    log: logs/notebooks/PhiKZ_one.plus.ipynb
    jobid: 0
    reason: Input files updated by another job: TSS_PhiKZ_one/TSS_seq_PhiKZ_enriched_one.plus.fa.out
    wildcards: phage=PhiKZ, ident=one, sign=plus
    resources: tmpdir=/tmp

[Wed Nov  9 20:20:34 2022]
Finished job 0.
2 of 2 steps (100%) done
Complete log: .snakemake/log/2022-11-09T202008.456395.snakemake.log
