Building DAG of jobs...
Using shell: /usr/bin/bash
Provided cores: 1 (use --cores to define parallelism)
Rules claiming more threads will be scaled down.
Conda environments: ignored
Job stats:
job                            count    min threads    max threads
---------------------------  -------  -------------  -------------
getRandomSequencesFromFasta        1              1              1
total                              1              1              1

Select jobs to execute...

[Wed Nov 16 09:40:37 2022]
rule getRandomSequencesFromFasta:
    output: LUZ7_t5/random_seq_LUZ7_t5.fa.out
    jobid: 0
    reason: Missing output files: LUZ7_t5/random_seq_LUZ7_t5.fa.out
    wildcards: phage=LUZ7, ident=t5
    resources: tmpdir=/tmp

RuleException in rule getRandomSequencesFromFasta in line 11 of /mnt/c/Users/danis/Desktop/Thesis/pipeline_snakemake/workflow/rules/notebookStructuralProperties.smk:
NameError: The name 'print \\$1' is unknown in this context. Please make sure that you defined that variable. Also note that braces not used for variable access have to be escaped by repeating them, i.e. {{print $1}}, when formatting the following:

        genomeName=$(awk 'sub(/^>/, "")' {params.fasta} | awk '{print \$1}')
        Nbp=$(sed '1d' {params.fasta} | wc -c)
        upperBound=$((Nbp - {params.lowerBound}))
        randomNumbers=($(shuf -i {params.lowerBound}-$upperBound -n 500))
        echo $randomNumbers
        
