Building DAG of jobs...
Using shell: /usr/bin/bash
Provided cores: 1 (use --cores to define parallelism)
Rules claiming more threads will be scaled down.
Conda environments: ignored
Job stats:
job                   count    min threads    max threads
------------------  -------  -------------  -------------
all                       1              1              1
termseqPeakCalling        2              1              1
total                     3              1              1

Select jobs to execute...

[Sun Oct  2 01:08:24 2022]
rule termseqPeakCalling:
    input: LUZ7_peak_calling/t5_enriched-LUZ7.5.plus.bedgraph
    output: LUZ7_peak_calling/t5_enriched-LUZ7.5.plus.peaks
    jobid: 1
    reason: Missing output files: LUZ7_peak_calling/t5_enriched-LUZ7.5.plus.peaks
    wildcards: phage=LUZ7, prefix=t5_enriched-LUZ7, num=5, sign=plus
    resources: tmpdir=/tmp

[Sun Oct  2 01:08:33 2022]
Finished job 1.
1 of 3 steps (33%) done
Select jobs to execute...

[Sun Oct  2 01:08:33 2022]
rule termseqPeakCalling:
    input: LUZ7_peak_calling/t5_enriched-LUZ7.5.minus.bedgraph
    output: LUZ7_peak_calling/t5_enriched-LUZ7.5.minus.peaks
    jobid: 3
    reason: Missing output files: LUZ7_peak_calling/t5_enriched-LUZ7.5.minus.peaks
    wildcards: phage=LUZ7, prefix=t5_enriched-LUZ7, num=5, sign=minus
    resources: tmpdir=/tmp

[Sun Oct  2 01:08:35 2022]
Finished job 3.
2 of 3 steps (67%) done
Select jobs to execute...

[Sun Oct  2 01:08:35 2022]
localrule all:
    input: LUZ7_peak_calling/t5_enriched-LUZ7.5.plus.peaks, LUZ7_peak_calling/t5_enriched-LUZ7.5.minus.peaks
    jobid: 0
    reason: Input files updated by another job: LUZ7_peak_calling/t5_enriched-LUZ7.5.minus.peaks, LUZ7_peak_calling/t5_enriched-LUZ7.5.plus.peaks
    resources: tmpdir=/tmp

[Sun Oct  2 01:08:35 2022]
Finished job 0.
3 of 3 steps (100%) done
Complete log: .snakemake/log/2022-10-02T010820.797134.snakemake.log
