Building DAG of jobs...
Using shell: /usr/bin/bash
Provided cores: 1 (use --cores to define parallelism)
Rules claiming more threads will be scaled down.
Conda environments: ignored
Job stats:
job               count    min threads    max threads
--------------  -------  -------------  -------------
createNotebook        1              1              1
total                 1              1              1

Select jobs to execute...

[Mon Oct 17 13:20:06 2022]
rule createNotebook:
    input: TSS_LUZ7_t5/TSS_seq_LUZ7_enriched_t5.plus.fa.out
    output: LUZ7_t5.plus.png
    jobid: 0
    reason: Missing output files: LUZ7_t5.plus.png
    wildcards: phage=LUZ7, ident=t5, sign=plus
    resources: tmpdir=/tmp

[Mon Oct 17 13:20:06 2022]
Error in rule createNotebook:
    jobid: 0
    output: LUZ7_t5.plus.png

RuleException:
CalledProcessErrorin line 4 of /mnt/c/Users/danis/Desktop/Thesis/pipeline_snakemake/workflow/rules/notebookStructuralProperties.smk:
Command 'set -euo pipefail;  jupyter-nbconvert --log-level ERROR --execute  --to notebook --ExecutePreprocessor.timeout=-1 /mnt/c/Users/danis/Desktop/Thesis/pipeline_snakemake/.snakemake/scripts/tmpcvi6srj9.structuralProperties.py.ipynb' returned non-zero exit status 127.
  File "/mnt/c/Users/danis/Desktop/Thesis/pipeline_snakemake/workflow/rules/notebookStructuralProperties.smk", line 4, in __rule_createNotebook
  File "/home/yostrich/anaconda3/envs/snakemake/lib/python3.10/concurrent/futures/thread.py", line 58, in run
Shutting down, this might take some time.
Exiting because a job execution failed. Look above for error message
Complete log: .snakemake/log/2022-10-17T132006.244049.snakemake.log
