Building DAG of jobs...
Using shell: /usr/bin/bash
Provided cores: 1 (use --cores to define parallelism)
Rules claiming more threads will be scaled down.
Conda environments: ignored
Job stats:
job                                   count    min threads    max threads
----------------------------------  -------  -------------  -------------
NegPeaksToBedFile                         1              1              1
clusterReads                              2              1              1
createNotebook                            1              1              1
extractSequencesTSS                       1              1              1
getAllOverlappingPeaks                    1              1              1
getInformationFromOverlappingPeaks        1              1              1
getOverlappingPeaksWithError              4              1              1
getPeaks                                  1              1              1
splitOverlappingPeaks                     1              1              1
total                                    13              1              1

Select jobs to execute...

[Wed Nov  9 20:06:59 2022]
rule clusterReads:
    input: 14-1_peak_calling/14-1_control_one.5end.minus.peaks.oracle.narrowPeak.counts.withTR
    output: 14-1_peak_calling/14-1_control_one.5end.minus.peaks.oracle.narrowPeak.counts.clustered.csv
    jobid: 9
    reason: Params have changed since last execution
    wildcards: phage=14-1, prefix=14-1_control_one, num=5, sign=minus
    resources: tmpdir=/tmp

[Wed Nov  9 20:07:00 2022]
Finished job 9.
1 of 13 steps (8%) done
Select jobs to execute...

[Wed Nov  9 20:07:00 2022]
rule clusterReads:
    input: 14-1_peak_calling/14-1_enriched_one.5end.minus.peaks.oracle.narrowPeak.counts.withTR
    output: 14-1_peak_calling/14-1_enriched_one.5end.minus.peaks.oracle.narrowPeak.counts.clustered.csv
    jobid: 4
    reason: Params have changed since last execution
    wildcards: phage=14-1, prefix=14-1_enriched_one, num=5, sign=minus
    resources: tmpdir=/tmp

[Wed Nov  9 20:07:02 2022]
Finished job 4.
2 of 13 steps (15%) done
Select jobs to execute...

[Wed Nov  9 20:07:02 2022]
rule getPeaks:
    input: 14-1_peak_calling/14-1_enriched_one.5end.minus.peaks.oracle.narrowPeak.counts.clustered.csv, 14-1_peak_calling/14-1_control_one.5end.minus.peaks.oracle.narrowPeak.counts.clustered.csv
    output: 14-1_one_enrichedPeaks.minus.csv, 14-1_one_controlPeaks.minus.csv
    jobid: 16
    reason: Missing output files: 14-1_one_enrichedPeaks.minus.csv, 14-1_one_controlPeaks.minus.csv; Input files updated by another job: 14-1_peak_calling/14-1_control_one.5end.minus.peaks.oracle.narrowPeak.counts.clustered.csv, 14-1_peak_calling/14-1_enriched_one.5end.minus.peaks.oracle.narrowPeak.counts.clustered.csv
    wildcards: phage=14-1, ident=one, sign=minus
    resources: tmpdir=/tmp

[Wed Nov  9 20:07:02 2022]
Finished job 16.
3 of 13 steps (23%) done
Select jobs to execute...

[Wed Nov  9 20:07:02 2022]
rule splitOverlappingPeaks:
    input: 14-1_one_enrichedPeaks.minus.csv, 14-1_one_controlPeaks.minus.csv
    output: 14-1_one_overlapping_peaks.minus.csv, 14-1_one_remainingPeaks.minus.csv
    jobid: 15
    reason: Missing output files: 14-1_one_overlapping_peaks.minus.csv, 14-1_one_remainingPeaks.minus.csv; Input files updated by another job: 14-1_one_enrichedPeaks.minus.csv, 14-1_one_controlPeaks.minus.csv
    wildcards: phage=14-1, ident=one, sign=minus
    resources: tmpdir=/tmp

[Wed Nov  9 20:07:02 2022]
Finished job 15.
4 of 13 steps (31%) done
Removing temporary output 14-1_one_controlPeaks.minus.csv.
Select jobs to execute...

[Wed Nov  9 20:07:02 2022]
rule getOverlappingPeaksWithError:
    input: 14-1_one_remainingPeaks.minus.csv, 14-1_one_enrichedPeaks.minus.csv
    output: 14-1_one_overlapping_peaks_lower_2.minus.csv
    jobid: 20
    reason: Missing output files: 14-1_one_overlapping_peaks_lower_2.minus.csv; Input files updated by another job: 14-1_one_remainingPeaks.minus.csv, 14-1_one_enrichedPeaks.minus.csv
    wildcards: phage=14-1, ident=one, symb=lower, error=2, sign=minus
    resources: tmpdir=/tmp

[Wed Nov  9 20:07:02 2022]
Finished job 20.
5 of 13 steps (38%) done
Select jobs to execute...

[Wed Nov  9 20:07:02 2022]
rule getOverlappingPeaksWithError:
    input: 14-1_one_remainingPeaks.minus.csv, 14-1_one_enrichedPeaks.minus.csv
    output: 14-1_one_overlapping_peaks_lower_1.minus.csv
    jobid: 19
    reason: Missing output files: 14-1_one_overlapping_peaks_lower_1.minus.csv; Input files updated by another job: 14-1_one_remainingPeaks.minus.csv, 14-1_one_enrichedPeaks.minus.csv
    wildcards: phage=14-1, ident=one, symb=lower, error=1, sign=minus
    resources: tmpdir=/tmp

[Wed Nov  9 20:07:02 2022]
Finished job 19.
6 of 13 steps (46%) done
Select jobs to execute...

[Wed Nov  9 20:07:02 2022]
rule getOverlappingPeaksWithError:
    input: 14-1_one_remainingPeaks.minus.csv, 14-1_one_enrichedPeaks.minus.csv
    output: 14-1_one_overlapping_peaks_higher_1.minus.csv
    jobid: 17
    reason: Missing output files: 14-1_one_overlapping_peaks_higher_1.minus.csv; Input files updated by another job: 14-1_one_remainingPeaks.minus.csv, 14-1_one_enrichedPeaks.minus.csv
    wildcards: phage=14-1, ident=one, symb=higher, error=1, sign=minus
    resources: tmpdir=/tmp

[Wed Nov  9 20:07:02 2022]
Finished job 17.
7 of 13 steps (54%) done
Select jobs to execute...

[Wed Nov  9 20:07:02 2022]
rule getOverlappingPeaksWithError:
    input: 14-1_one_remainingPeaks.minus.csv, 14-1_one_enrichedPeaks.minus.csv
    output: 14-1_one_overlapping_peaks_higher_2.minus.csv
    jobid: 18
    reason: Missing output files: 14-1_one_overlapping_peaks_higher_2.minus.csv; Input files updated by another job: 14-1_one_remainingPeaks.minus.csv, 14-1_one_enrichedPeaks.minus.csv
    wildcards: phage=14-1, ident=one, symb=higher, error=2, sign=minus
    resources: tmpdir=/tmp

[Wed Nov  9 20:07:02 2022]
Finished job 18.
8 of 13 steps (62%) done
Removing temporary output 14-1_one_remainingPeaks.minus.csv.
Removing temporary output 14-1_one_enrichedPeaks.minus.csv.
Select jobs to execute...

[Wed Nov  9 20:07:02 2022]
rule getAllOverlappingPeaks:
    input: 14-1_one_overlapping_peaks.minus.csv, 14-1_one_overlapping_peaks_higher_1.minus.csv, 14-1_one_overlapping_peaks_higher_2.minus.csv, 14-1_one_overlapping_peaks_lower_1.minus.csv, 14-1_one_overlapping_peaks_lower_2.minus.csv
    output: 14-1_one_all_overlapping_peaks.minus.csv
    jobid: 14
    reason: Missing output files: 14-1_one_all_overlapping_peaks.minus.csv; Input files updated by another job: 14-1_one_overlapping_peaks.minus.csv, 14-1_one_overlapping_peaks_lower_2.minus.csv, 14-1_one_overlapping_peaks_higher_1.minus.csv, 14-1_one_overlapping_peaks_higher_2.minus.csv, 14-1_one_overlapping_peaks_lower_1.minus.csv
    wildcards: phage=14-1, ident=one, sign=minus
    resources: tmpdir=/tmp

[Wed Nov  9 20:07:02 2022]
Finished job 14.
9 of 13 steps (69%) done
Removing temporary output 14-1_one_overlapping_peaks.minus.csv.
Removing temporary output 14-1_one_overlapping_peaks_higher_1.minus.csv.
Removing temporary output 14-1_one_overlapping_peaks_higher_2.minus.csv.
Removing temporary output 14-1_one_overlapping_peaks_lower_1.minus.csv.
Removing temporary output 14-1_one_overlapping_peaks_lower_2.minus.csv.
Select jobs to execute...

[Wed Nov  9 20:07:02 2022]
rule getInformationFromOverlappingPeaks:
    input: 14-1_peak_calling/14-1_enriched_one.5end.minus.peaks.oracle.narrowPeak.counts.clustered.csv, 14-1_peak_calling/14-1_control_one.5end.minus.peaks.oracle.narrowPeak.counts.clustered.csv, 14-1_one_all_overlapping_peaks.minus.csv
    output: TSS_14-1_one/enr_ratios_14-1_one.minus.csv
    jobid: 3
    reason: Input files updated by another job: 14-1_peak_calling/14-1_control_one.5end.minus.peaks.oracle.narrowPeak.counts.clustered.csv, 14-1_one_all_overlapping_peaks.minus.csv, 14-1_peak_calling/14-1_enriched_one.5end.minus.peaks.oracle.narrowPeak.counts.clustered.csv
    wildcards: phage=14-1, ident=one, sign=minus
    resources: tmpdir=/tmp

[Wed Nov  9 20:07:05 2022]
Finished job 3.
10 of 13 steps (77%) done
Removing temporary output 14-1_one_all_overlapping_peaks.minus.csv.
Select jobs to execute...

[Wed Nov  9 20:07:05 2022]
rule NegPeaksToBedFile:
    input: TSS_14-1_one/enr_ratios_14-1_one.minus.csv
    output: TSS_14-1_one/14-1_enriched_one_peaks.minus.bed, TSS_14-1_one/14-1_control_one_peaks.minus.bed
    jobid: 2
    reason: Input files updated by another job: TSS_14-1_one/enr_ratios_14-1_one.minus.csv
    wildcards: phage=14-1, ident=one
    resources: tmpdir=/tmp

[Wed Nov  9 20:07:05 2022]
Finished job 2.
11 of 13 steps (85%) done
Select jobs to execute...

[Wed Nov  9 20:07:05 2022]
rule extractSequencesTSS:
    input: TSS_14-1_one/14-1_enriched_one_peaks.minus.bed
    output: TSS_14-1_one/TSS_seq_14-1_enriched_one.minus.fa.out
    jobid: 1
    reason: Input files updated by another job: TSS_14-1_one/14-1_enriched_one_peaks.minus.bed
    wildcards: phage=14-1, ident=one, cond=enriched, sign=minus
    resources: tmpdir=/tmp

[Wed Nov  9 20:07:05 2022]
Finished job 1.
12 of 13 steps (92%) done
Select jobs to execute...

[Wed Nov  9 20:07:05 2022]
rule createNotebook:
    input: TSS_14-1_one/TSS_seq_14-1_enriched_one.minus.fa.out
    output: TSS_14-1_one/structural_properties/14-1_one_curvature.minus.png, TSS_14-1_one/structural_properties/14-1_one_curvature.minus.csv, TSS_14-1_one/structural_properties/14-1_one_stability.minus.png, TSS_14-1_one/structural_properties/14-1_one_stability.minus.csv, TSS_14-1_one/structural_properties/14-1_one_bendability.minus.png, TSS_14-1_one/structural_properties/14-1_one_bendability.minus.csv
    log: logs/notebooks/14-1_one.minus.ipynb
    jobid: 0
    reason: Input files updated by another job: TSS_14-1_one/TSS_seq_14-1_enriched_one.minus.fa.out
    wildcards: phage=14-1, ident=one, sign=minus
    resources: tmpdir=/tmp

[Wed Nov  9 20:07:18 2022]
Finished job 0.
13 of 13 steps (100%) done
Complete log: .snakemake/log/2022-11-09T200658.668614.snakemake.log
