Building DAG of jobs...
Using shell: /usr/bin/bash
Provided cores: 1 (use --cores to define parallelism)
Rules claiming more threads will be scaled down.
Conda environments: ignored
Job stats:
job                                   count    min threads    max threads
----------------------------------  -------  -------------  -------------
PosPeaksToBedFile                         1              1              1
addTotalReadsToCounts                     2              1              1
clusterReads                              2              1              1
combineCovAndPeaks                        2              1              1
createGenomecov                           2              1              1
createNotebook                            1              1              1
extractSequencesTSS                       1              1              1
getAllOverlappingPeaks                    1              1              1
getInformationFromOverlappingPeaks        1              1              1
getOverlappingPeaksWithError              4              1              1
getPeaks                                  1              1              1
splitOverlappingPeaks                     1              1              1
termseqPeakCalling                        2              1              1
total                                    21              1              1

Select jobs to execute...

[Sun Nov  6 17:40:12 2022]
rule createGenomecov:
    input: BAM_files_LUZ7/LUZ7_control_t5.sorted.bam
    output: LUZ7_peak_calling/LUZ7_control_t5.5end.plus.bedgraph
    jobid: 13
    reason: Missing output files: LUZ7_peak_calling/LUZ7_control_t5.5end.plus.bedgraph
    wildcards: phage=LUZ7, cond=control, ident=t5, num=5, sign=plus
    resources: tmpdir=/tmp

[Sun Nov  6 17:40:13 2022]
Finished job 13.
1 of 21 steps (5%) done
Select jobs to execute...

[Sun Nov  6 17:40:13 2022]
rule createGenomecov:
    input: BAM_files_LUZ7/LUZ7_enriched_t5.sorted.bam
    output: LUZ7_peak_calling/LUZ7_enriched_t5.5end.plus.bedgraph
    jobid: 8
    reason: Missing output files: LUZ7_peak_calling/LUZ7_enriched_t5.5end.plus.bedgraph
    wildcards: phage=LUZ7, cond=enriched, ident=t5, num=5, sign=plus
    resources: tmpdir=/tmp

[Sun Nov  6 17:40:13 2022]
Finished job 8.
2 of 21 steps (10%) done
Select jobs to execute...

[Sun Nov  6 17:40:13 2022]
rule termseqPeakCalling:
    input: LUZ7_peak_calling/LUZ7_enriched_t5.5end.plus.bedgraph
    output: LUZ7_peak_calling/LUZ7_enriched_t5.5end.plus.peaks
    jobid: 7
    reason: Missing output files: LUZ7_peak_calling/LUZ7_enriched_t5.5end.plus.peaks; Input files updated by another job: LUZ7_peak_calling/LUZ7_enriched_t5.5end.plus.bedgraph
    wildcards: phage=LUZ7, prefix=LUZ7_enriched_t5, num=5, sign=plus
    resources: tmpdir=/tmp

[Sun Nov  6 17:40:16 2022]
Error in rule termseqPeakCalling:
    jobid: 7
    output: LUZ7_peak_calling/LUZ7_enriched_t5.5end.plus.peaks
    conda-env: /mnt/c/Users/danis/Desktop/Thesis/pipeline_snakemake/.snakemake/conda/7b447e8582a8173c56dc4be4511823c2_
    shell:
        
        termseq_peaks LUZ7_peak_calling/LUZ7_enriched_t5.5end.plus.bedgraph LUZ7_peak_calling/LUZ7_enriched_t5.5end.plus.bedgraph --peaks LUZ7_peak_calling/LUZ7_enriched_t5.5end.plus.peaks --strand + -t 0.05
        
        (one of the commands exited with non-zero exit code; note that snakemake uses bash strict mode!)

Shutting down, this might take some time.
Exiting because a job execution failed. Look above for error message
Complete log: .snakemake/log/2022-11-06T174012.151180.snakemake.log
