Building DAG of jobs...
Using shell: /usr/bin/bash
Provided cores: 1 (use --cores to define parallelism)
Rules claiming more threads will be scaled down.
Conda environments: ignored
Job stats:
job                                   count    min threads    max threads
----------------------------------  -------  -------------  -------------
NegPeaksToBedFile                         1              1              1
PosPeaksToBedFile                         1              1              1
addTotalReadsToCounts                     4              1              1
all                                       1              1              1
clusterReads                              4              1              1
combineCovAndPeaks                        4              1              1
createGenomecov                           4              1              1
createNotebook                            2              1              1
extractSequencesTSS                       2              1              1
getAllOverlappingPeaks                    2              1              1
getInformationFromOverlappingPeaks        2              1              1
getOverlappingPeaksWithError              8              1              1
getPeaks                                  2              1              1
splitOverlappingPeaks                     2              1              1
termseqPeakCalling                        4              1              1
total                                    43              1              1

Select jobs to execute...

[Mon Oct 17 15:26:14 2022]
rule createGenomecov:
    input: BAM_files_LUZ7/LUZ7_enriched_t20.sorted.bam
    output: LUZ7_peak_calling/LUZ7_enriched_t20.5end.minus.bedgraph
    jobid: 42
    reason: Missing output files: LUZ7_peak_calling/LUZ7_enriched_t20.5end.minus.bedgraph
    wildcards: phage=LUZ7, prefix=LUZ7_enriched_t20, num=5, sign=minus
    resources: tmpdir=/tmp

[Mon Oct 17 15:26:17 2022]
Finished job 42.
1 of 43 steps (2%) done
Select jobs to execute...

[Mon Oct 17 15:26:17 2022]
rule createGenomecov:
    input: BAM_files_LUZ7/LUZ7_control_t20.sorted.bam
    output: LUZ7_peak_calling/LUZ7_control_t20.5end.plus.bedgraph
    jobid: 21
    reason: Missing output files: LUZ7_peak_calling/LUZ7_control_t20.5end.plus.bedgraph
    wildcards: phage=LUZ7, prefix=LUZ7_control_t20, num=5, sign=plus
    resources: tmpdir=/tmp

[Mon Oct 17 15:26:17 2022]
Finished job 21.
2 of 43 steps (5%) done
Select jobs to execute...

[Mon Oct 17 15:26:17 2022]
rule termseqPeakCalling:
    input: LUZ7_peak_calling/LUZ7_enriched_t20.5end.minus.bedgraph
    output: LUZ7_peak_calling/LUZ7_enriched_t20.5end.minus.peaks
    jobid: 41
    reason: Missing output files: LUZ7_peak_calling/LUZ7_enriched_t20.5end.minus.peaks; Input files updated by another job: LUZ7_peak_calling/LUZ7_enriched_t20.5end.minus.bedgraph
    wildcards: phage=LUZ7, prefix=LUZ7_enriched_t20, num=5, sign=minus
    resources: tmpdir=/tmp

[Mon Oct 17 15:26:22 2022]
Finished job 41.
3 of 43 steps (7%) done
Select jobs to execute...

[Mon Oct 17 15:26:22 2022]
rule combineCovAndPeaks:
    input: LUZ7_peak_calling/LUZ7_enriched_t20.5end.minus.peaks, LUZ7_peak_calling/LUZ7_enriched_t20.5end.minus.bedgraph
    output: LUZ7_peak_calling/LUZ7_enriched_t20.5end.minus.peaks.oracle.narrowPeak.counts
    jobid: 40
    reason: Missing output files: LUZ7_peak_calling/LUZ7_enriched_t20.5end.minus.peaks.oracle.narrowPeak.counts; Input files updated by another job: LUZ7_peak_calling/LUZ7_enriched_t20.5end.minus.peaks, LUZ7_peak_calling/LUZ7_enriched_t20.5end.minus.bedgraph
    wildcards: phage=LUZ7, prefix=LUZ7_enriched_t20, num=5, sign=minus
    resources: tmpdir=/tmp

[Mon Oct 17 15:26:23 2022]
Finished job 40.
4 of 43 steps (9%) done
Select jobs to execute...

[Mon Oct 17 15:26:23 2022]
rule addTotalReadsToCounts:
    input: LUZ7_peak_calling/LUZ7_enriched_t20.5end.minus.peaks.oracle.narrowPeak.counts, BAM_files_LUZ7/LUZ7_enriched_t20.sorted.bam
    output: LUZ7_peak_calling/LUZ7_enriched_t20.5end.minus.peaks.oracle.narrowPeak.counts.withTR
    jobid: 39
    reason: Missing output files: LUZ7_peak_calling/LUZ7_enriched_t20.5end.minus.peaks.oracle.narrowPeak.counts.withTR; Input files updated by another job: LUZ7_peak_calling/LUZ7_enriched_t20.5end.minus.peaks.oracle.narrowPeak.counts
    wildcards: phage=LUZ7, prefix=LUZ7_enriched_t20, num=5, sign=minus
    resources: tmpdir=/tmp

[Mon Oct 17 15:26:25 2022]
Finished job 39.
5 of 43 steps (12%) done
Select jobs to execute...

[Mon Oct 17 15:26:25 2022]
rule createGenomecov:
    input: BAM_files_LUZ7/LUZ7_control_t20.sorted.bam
    output: LUZ7_peak_calling/LUZ7_control_t20.5end.minus.bedgraph
    jobid: 47
    reason: Missing output files: LUZ7_peak_calling/LUZ7_control_t20.5end.minus.bedgraph
    wildcards: phage=LUZ7, prefix=LUZ7_control_t20, num=5, sign=minus
    resources: tmpdir=/tmp

[Mon Oct 17 15:26:25 2022]
Finished job 47.
6 of 43 steps (14%) done
Select jobs to execute...

[Mon Oct 17 15:26:25 2022]
rule termseqPeakCalling:
    input: LUZ7_peak_calling/LUZ7_control_t20.5end.minus.bedgraph
    output: LUZ7_peak_calling/LUZ7_control_t20.5end.minus.peaks
    jobid: 46
    reason: Missing output files: LUZ7_peak_calling/LUZ7_control_t20.5end.minus.peaks; Input files updated by another job: LUZ7_peak_calling/LUZ7_control_t20.5end.minus.bedgraph
    wildcards: phage=LUZ7, prefix=LUZ7_control_t20, num=5, sign=minus
    resources: tmpdir=/tmp

[Mon Oct 17 15:26:28 2022]
Finished job 46.
7 of 43 steps (16%) done
Select jobs to execute...

[Mon Oct 17 15:26:28 2022]
rule combineCovAndPeaks:
    input: LUZ7_peak_calling/LUZ7_control_t20.5end.minus.peaks, LUZ7_peak_calling/LUZ7_control_t20.5end.minus.bedgraph
    output: LUZ7_peak_calling/LUZ7_control_t20.5end.minus.peaks.oracle.narrowPeak.counts
    jobid: 45
    reason: Missing output files: LUZ7_peak_calling/LUZ7_control_t20.5end.minus.peaks.oracle.narrowPeak.counts; Input files updated by another job: LUZ7_peak_calling/LUZ7_control_t20.5end.minus.peaks, LUZ7_peak_calling/LUZ7_control_t20.5end.minus.bedgraph
    wildcards: phage=LUZ7, prefix=LUZ7_control_t20, num=5, sign=minus
    resources: tmpdir=/tmp

[Mon Oct 17 15:26:29 2022]
Finished job 45.
8 of 43 steps (19%) done
Select jobs to execute...

[Mon Oct 17 15:26:29 2022]
rule addTotalReadsToCounts:
    input: LUZ7_peak_calling/LUZ7_control_t20.5end.minus.peaks.oracle.narrowPeak.counts, BAM_files_LUZ7/LUZ7_control_t20.sorted.bam
    output: LUZ7_peak_calling/LUZ7_control_t20.5end.minus.peaks.oracle.narrowPeak.counts.withTR
    jobid: 44
    reason: Missing output files: LUZ7_peak_calling/LUZ7_control_t20.5end.minus.peaks.oracle.narrowPeak.counts.withTR; Input files updated by another job: LUZ7_peak_calling/LUZ7_control_t20.5end.minus.peaks.oracle.narrowPeak.counts
    wildcards: phage=LUZ7, prefix=LUZ7_control_t20, num=5, sign=minus
    resources: tmpdir=/tmp

[Mon Oct 17 15:26:29 2022]
Finished job 44.
9 of 43 steps (21%) done
Select jobs to execute...

[Mon Oct 17 15:26:29 2022]
rule clusterReads:
    input: LUZ7_peak_calling/LUZ7_enriched_t20.5end.minus.peaks.oracle.narrowPeak.counts.withTR
    output: LUZ7_peak_calling/LUZ7_enriched_t20.5end.minus.peaks.oracle.narrowPeak.counts.clustered.csv
    jobid: 38
    reason: Missing output files: LUZ7_peak_calling/LUZ7_enriched_t20.5end.minus.peaks.oracle.narrowPeak.counts.clustered.csv; Input files updated by another job: LUZ7_peak_calling/LUZ7_enriched_t20.5end.minus.peaks.oracle.narrowPeak.counts.withTR
    wildcards: phage=LUZ7, prefix=LUZ7_enriched_t20, num=5, sign=minus
    resources: tmpdir=/tmp

[Mon Oct 17 15:26:30 2022]
Finished job 38.
10 of 43 steps (23%) done
Select jobs to execute...

[Mon Oct 17 15:26:30 2022]
rule createGenomecov:
    input: BAM_files_LUZ7/LUZ7_enriched_t20.sorted.bam
    output: LUZ7_peak_calling/LUZ7_enriched_t20.5end.plus.bedgraph
    jobid: 9
    reason: Missing output files: LUZ7_peak_calling/LUZ7_enriched_t20.5end.plus.bedgraph
    wildcards: phage=LUZ7, prefix=LUZ7_enriched_t20, num=5, sign=plus
    resources: tmpdir=/tmp

[Mon Oct 17 15:26:33 2022]
Finished job 9.
11 of 43 steps (26%) done
Select jobs to execute...

[Mon Oct 17 15:26:33 2022]
rule termseqPeakCalling:
    input: LUZ7_peak_calling/LUZ7_control_t20.5end.plus.bedgraph
    output: LUZ7_peak_calling/LUZ7_control_t20.5end.plus.peaks
    jobid: 20
    reason: Missing output files: LUZ7_peak_calling/LUZ7_control_t20.5end.plus.peaks; Input files updated by another job: LUZ7_peak_calling/LUZ7_control_t20.5end.plus.bedgraph
    wildcards: phage=LUZ7, prefix=LUZ7_control_t20, num=5, sign=plus
    resources: tmpdir=/tmp

[Mon Oct 17 15:26:37 2022]
Finished job 20.
12 of 43 steps (28%) done
Select jobs to execute...

[Mon Oct 17 15:26:37 2022]
rule clusterReads:
    input: LUZ7_peak_calling/LUZ7_control_t20.5end.minus.peaks.oracle.narrowPeak.counts.withTR
    output: LUZ7_peak_calling/LUZ7_control_t20.5end.minus.peaks.oracle.narrowPeak.counts.clustered.csv
    jobid: 43
    reason: Missing output files: LUZ7_peak_calling/LUZ7_control_t20.5end.minus.peaks.oracle.narrowPeak.counts.clustered.csv; Input files updated by another job: LUZ7_peak_calling/LUZ7_control_t20.5end.minus.peaks.oracle.narrowPeak.counts.withTR
    wildcards: phage=LUZ7, prefix=LUZ7_control_t20, num=5, sign=minus
    resources: tmpdir=/tmp

[Mon Oct 17 15:26:38 2022]
Finished job 43.
13 of 43 steps (30%) done
Select jobs to execute...

[Mon Oct 17 15:26:39 2022]
rule getPeaks:
    input: LUZ7_peak_calling/LUZ7_enriched_t20.5end.minus.peaks.oracle.narrowPeak.counts.clustered.csv, LUZ7_peak_calling/LUZ7_control_t20.5end.minus.peaks.oracle.narrowPeak.counts.clustered.csv
    output: LUZ7_t20_enrichedPeaks.minus.csv, LUZ7_t20_controlPeaks.minus.csv
    jobid: 50
    reason: Missing output files: LUZ7_t20_enrichedPeaks.minus.csv, LUZ7_t20_controlPeaks.minus.csv; Input files updated by another job: LUZ7_peak_calling/LUZ7_control_t20.5end.minus.peaks.oracle.narrowPeak.counts.clustered.csv, LUZ7_peak_calling/LUZ7_enriched_t20.5end.minus.peaks.oracle.narrowPeak.counts.clustered.csv
    wildcards: phage=LUZ7, ident=t20, sign=minus
    resources: tmpdir=/tmp

[Mon Oct 17 15:26:39 2022]
Finished job 50.
14 of 43 steps (33%) done
Select jobs to execute...

[Mon Oct 17 15:26:39 2022]
rule splitOverlappingPeaks:
    input: LUZ7_t20_enrichedPeaks.minus.csv, LUZ7_t20_controlPeaks.minus.csv
    output: LUZ7_t20_overlapping_peaks.minus.csv, LUZ7_t20_remainingPeaks.minus.csv
    jobid: 49
    reason: Missing output files: LUZ7_t20_remainingPeaks.minus.csv, LUZ7_t20_overlapping_peaks.minus.csv; Input files updated by another job: LUZ7_t20_enrichedPeaks.minus.csv, LUZ7_t20_controlPeaks.minus.csv
    wildcards: phage=LUZ7, ident=t20, sign=minus
    resources: tmpdir=/tmp

[Mon Oct 17 15:26:39 2022]
Finished job 49.
15 of 43 steps (35%) done
Removing temporary output LUZ7_t20_controlPeaks.minus.csv.
Select jobs to execute...

[Mon Oct 17 15:26:39 2022]
rule getOverlappingPeaksWithError:
    input: LUZ7_t20_remainingPeaks.minus.csv, LUZ7_t20_enrichedPeaks.minus.csv
    output: LUZ7_t20_overlapping_peaks_lower_2.minus.csv
    jobid: 54
    reason: Missing output files: LUZ7_t20_overlapping_peaks_lower_2.minus.csv; Input files updated by another job: LUZ7_t20_enrichedPeaks.minus.csv, LUZ7_t20_remainingPeaks.minus.csv
    wildcards: phage=LUZ7, ident=t20, symb=lower, error=2, sign=minus
    resources: tmpdir=/tmp

[Mon Oct 17 15:26:39 2022]
Finished job 54.
16 of 43 steps (37%) done
Select jobs to execute...

[Mon Oct 17 15:26:39 2022]
rule getOverlappingPeaksWithError:
    input: LUZ7_t20_remainingPeaks.minus.csv, LUZ7_t20_enrichedPeaks.minus.csv
    output: LUZ7_t20_overlapping_peaks_higher_2.minus.csv
    jobid: 52
    reason: Missing output files: LUZ7_t20_overlapping_peaks_higher_2.minus.csv; Input files updated by another job: LUZ7_t20_enrichedPeaks.minus.csv, LUZ7_t20_remainingPeaks.minus.csv
    wildcards: phage=LUZ7, ident=t20, symb=higher, error=2, sign=minus
    resources: tmpdir=/tmp

[Mon Oct 17 15:26:39 2022]
Finished job 52.
17 of 43 steps (40%) done
Select jobs to execute...

[Mon Oct 17 15:26:39 2022]
rule getOverlappingPeaksWithError:
    input: LUZ7_t20_remainingPeaks.minus.csv, LUZ7_t20_enrichedPeaks.minus.csv
    output: LUZ7_t20_overlapping_peaks_lower_1.minus.csv
    jobid: 53
    reason: Missing output files: LUZ7_t20_overlapping_peaks_lower_1.minus.csv; Input files updated by another job: LUZ7_t20_enrichedPeaks.minus.csv, LUZ7_t20_remainingPeaks.minus.csv
    wildcards: phage=LUZ7, ident=t20, symb=lower, error=1, sign=minus
    resources: tmpdir=/tmp

[Mon Oct 17 15:26:39 2022]
Finished job 53.
18 of 43 steps (42%) done
Select jobs to execute...

[Mon Oct 17 15:26:39 2022]
rule getOverlappingPeaksWithError:
    input: LUZ7_t20_remainingPeaks.minus.csv, LUZ7_t20_enrichedPeaks.minus.csv
    output: LUZ7_t20_overlapping_peaks_higher_1.minus.csv
    jobid: 51
    reason: Missing output files: LUZ7_t20_overlapping_peaks_higher_1.minus.csv; Input files updated by another job: LUZ7_t20_enrichedPeaks.minus.csv, LUZ7_t20_remainingPeaks.minus.csv
    wildcards: phage=LUZ7, ident=t20, symb=higher, error=1, sign=minus
    resources: tmpdir=/tmp

[Mon Oct 17 15:26:40 2022]
Finished job 51.
19 of 43 steps (44%) done
Removing temporary output LUZ7_t20_remainingPeaks.minus.csv.
Removing temporary output LUZ7_t20_enrichedPeaks.minus.csv.
Select jobs to execute...

[Mon Oct 17 15:26:40 2022]
rule getAllOverlappingPeaks:
    input: LUZ7_t20_overlapping_peaks.minus.csv, LUZ7_t20_overlapping_peaks_higher_1.minus.csv, LUZ7_t20_overlapping_peaks_higher_2.minus.csv, LUZ7_t20_overlapping_peaks_lower_1.minus.csv, LUZ7_t20_overlapping_peaks_lower_2.minus.csv
    output: LUZ7_t20_all_overlapping_peaks.minus.csv
    jobid: 48
    reason: Missing output files: LUZ7_t20_all_overlapping_peaks.minus.csv; Input files updated by another job: LUZ7_t20_overlapping_peaks_lower_2.minus.csv, LUZ7_t20_overlapping_peaks.minus.csv, LUZ7_t20_overlapping_peaks_higher_2.minus.csv, LUZ7_t20_overlapping_peaks_lower_1.minus.csv, LUZ7_t20_overlapping_peaks_higher_1.minus.csv
    wildcards: phage=LUZ7, ident=t20, sign=minus
    resources: tmpdir=/tmp

[Mon Oct 17 15:26:40 2022]
Finished job 48.
20 of 43 steps (47%) done
Removing temporary output LUZ7_t20_overlapping_peaks.minus.csv.
Removing temporary output LUZ7_t20_overlapping_peaks_higher_1.minus.csv.
Removing temporary output LUZ7_t20_overlapping_peaks_higher_2.minus.csv.
Removing temporary output LUZ7_t20_overlapping_peaks_lower_1.minus.csv.
Removing temporary output LUZ7_t20_overlapping_peaks_lower_2.minus.csv.
Select jobs to execute...

[Mon Oct 17 15:26:40 2022]
rule getInformationFromOverlappingPeaks:
    input: LUZ7_peak_calling/LUZ7_enriched_t20.5end.minus.peaks.oracle.narrowPeak.counts.clustered.csv, LUZ7_peak_calling/LUZ7_control_t20.5end.minus.peaks.oracle.narrowPeak.counts.clustered.csv, LUZ7_t20_all_overlapping_peaks.minus.csv
    output: TSS_LUZ7_t20/enr_ratios_LUZ7_t20.minus.csv
    jobid: 37
    reason: Missing output files: TSS_LUZ7_t20/enr_ratios_LUZ7_t20.minus.csv; Input files updated by another job: LUZ7_peak_calling/LUZ7_control_t20.5end.minus.peaks.oracle.narrowPeak.counts.clustered.csv, LUZ7_peak_calling/LUZ7_enriched_t20.5end.minus.peaks.oracle.narrowPeak.counts.clustered.csv, LUZ7_t20_all_overlapping_peaks.minus.csv
    wildcards: phage=LUZ7, ident=t20, sign=minus
    resources: tmpdir=/tmp

[Mon Oct 17 15:26:41 2022]
Finished job 37.
21 of 43 steps (49%) done
Removing temporary output LUZ7_t20_all_overlapping_peaks.minus.csv.
Select jobs to execute...

[Mon Oct 17 15:26:41 2022]
rule termseqPeakCalling:
    input: LUZ7_peak_calling/LUZ7_enriched_t20.5end.plus.bedgraph
    output: LUZ7_peak_calling/LUZ7_enriched_t20.5end.plus.peaks
    jobid: 8
    reason: Missing output files: LUZ7_peak_calling/LUZ7_enriched_t20.5end.plus.peaks; Input files updated by another job: LUZ7_peak_calling/LUZ7_enriched_t20.5end.plus.bedgraph
    wildcards: phage=LUZ7, prefix=LUZ7_enriched_t20, num=5, sign=plus
    resources: tmpdir=/tmp

[Mon Oct 17 15:26:48 2022]
Finished job 8.
22 of 43 steps (51%) done
Select jobs to execute...

[Mon Oct 17 15:26:48 2022]
rule combineCovAndPeaks:
    input: LUZ7_peak_calling/LUZ7_enriched_t20.5end.plus.peaks, LUZ7_peak_calling/LUZ7_enriched_t20.5end.plus.bedgraph
    output: LUZ7_peak_calling/LUZ7_enriched_t20.5end.plus.peaks.oracle.narrowPeak.counts
    jobid: 7
    reason: Missing output files: LUZ7_peak_calling/LUZ7_enriched_t20.5end.plus.peaks.oracle.narrowPeak.counts; Input files updated by another job: LUZ7_peak_calling/LUZ7_enriched_t20.5end.plus.peaks, LUZ7_peak_calling/LUZ7_enriched_t20.5end.plus.bedgraph
    wildcards: phage=LUZ7, prefix=LUZ7_enriched_t20, num=5, sign=plus
    resources: tmpdir=/tmp

[Mon Oct 17 15:26:48 2022]
Finished job 7.
23 of 43 steps (53%) done
Select jobs to execute...

[Mon Oct 17 15:26:48 2022]
rule addTotalReadsToCounts:
    input: LUZ7_peak_calling/LUZ7_enriched_t20.5end.plus.peaks.oracle.narrowPeak.counts, BAM_files_LUZ7/LUZ7_enriched_t20.sorted.bam
    output: LUZ7_peak_calling/LUZ7_enriched_t20.5end.plus.peaks.oracle.narrowPeak.counts.withTR
    jobid: 6
    reason: Missing output files: LUZ7_peak_calling/LUZ7_enriched_t20.5end.plus.peaks.oracle.narrowPeak.counts.withTR; Input files updated by another job: LUZ7_peak_calling/LUZ7_enriched_t20.5end.plus.peaks.oracle.narrowPeak.counts
    wildcards: phage=LUZ7, prefix=LUZ7_enriched_t20, num=5, sign=plus
    resources: tmpdir=/tmp

[Mon Oct 17 15:26:51 2022]
Finished job 6.
24 of 43 steps (56%) done
Select jobs to execute...

[Mon Oct 17 15:26:51 2022]
rule clusterReads:
    input: LUZ7_peak_calling/LUZ7_enriched_t20.5end.plus.peaks.oracle.narrowPeak.counts.withTR
    output: LUZ7_peak_calling/LUZ7_enriched_t20.5end.plus.peaks.oracle.narrowPeak.counts.clustered.csv
    jobid: 5
    reason: Missing output files: LUZ7_peak_calling/LUZ7_enriched_t20.5end.plus.peaks.oracle.narrowPeak.counts.clustered.csv; Input files updated by another job: LUZ7_peak_calling/LUZ7_enriched_t20.5end.plus.peaks.oracle.narrowPeak.counts.withTR
    wildcards: phage=LUZ7, prefix=LUZ7_enriched_t20, num=5, sign=plus
    resources: tmpdir=/tmp

[Mon Oct 17 15:26:52 2022]
Finished job 5.
25 of 43 steps (58%) done
Select jobs to execute...

[Mon Oct 17 15:26:52 2022]
rule combineCovAndPeaks:
    input: LUZ7_peak_calling/LUZ7_control_t20.5end.plus.peaks, LUZ7_peak_calling/LUZ7_control_t20.5end.plus.bedgraph
    output: LUZ7_peak_calling/LUZ7_control_t20.5end.plus.peaks.oracle.narrowPeak.counts
    jobid: 19
    reason: Missing output files: LUZ7_peak_calling/LUZ7_control_t20.5end.plus.peaks.oracle.narrowPeak.counts; Input files updated by another job: LUZ7_peak_calling/LUZ7_control_t20.5end.plus.peaks, LUZ7_peak_calling/LUZ7_control_t20.5end.plus.bedgraph
    wildcards: phage=LUZ7, prefix=LUZ7_control_t20, num=5, sign=plus
    resources: tmpdir=/tmp

[Mon Oct 17 15:26:53 2022]
Finished job 19.
26 of 43 steps (60%) done
Select jobs to execute...

[Mon Oct 17 15:26:53 2022]
rule NegPeaksToBedFile:
    input: TSS_LUZ7_t20/enr_ratios_LUZ7_t20.minus.csv
    output: TSS_LUZ7_t20/LUZ7_enriched_t20_peaks.minus.bed, TSS_LUZ7_t20/LUZ7_control_t20_peaks.minus.bed
    jobid: 36
    reason: Missing output files: TSS_LUZ7_t20/LUZ7_enriched_t20_peaks.minus.bed; Input files updated by another job: TSS_LUZ7_t20/enr_ratios_LUZ7_t20.minus.csv
    wildcards: phage=LUZ7, ident=t20
    resources: tmpdir=/tmp

[Mon Oct 17 15:26:53 2022]
Finished job 36.
27 of 43 steps (63%) done
Removing temporary output TSS_LUZ7_t20/LUZ7_control_t20_peaks.minus.bed.
Select jobs to execute...

[Mon Oct 17 15:26:53 2022]
rule extractSequencesTSS:
    input: TSS_LUZ7_t20/LUZ7_enriched_t20_peaks.minus.bed
    output: TSS_LUZ7_t20/TSS_seq_LUZ7_enriched_t20.minus.fa.out
    jobid: 35
    reason: Missing output files: TSS_LUZ7_t20/TSS_seq_LUZ7_enriched_t20.minus.fa.out; Input files updated by another job: TSS_LUZ7_t20/LUZ7_enriched_t20_peaks.minus.bed
    wildcards: phage=LUZ7, ident=t20, cond=enriched, sign=minus
    resources: tmpdir=/tmp

[Mon Oct 17 15:26:53 2022]
Finished job 35.
28 of 43 steps (65%) done
Removing temporary output TSS_LUZ7_t20/LUZ7_enriched_t20_peaks.minus.bed.
Select jobs to execute...

[Mon Oct 17 15:26:53 2022]
rule addTotalReadsToCounts:
    input: LUZ7_peak_calling/LUZ7_control_t20.5end.plus.peaks.oracle.narrowPeak.counts, BAM_files_LUZ7/LUZ7_control_t20.sorted.bam
    output: LUZ7_peak_calling/LUZ7_control_t20.5end.plus.peaks.oracle.narrowPeak.counts.withTR
    jobid: 18
    reason: Missing output files: LUZ7_peak_calling/LUZ7_control_t20.5end.plus.peaks.oracle.narrowPeak.counts.withTR; Input files updated by another job: LUZ7_peak_calling/LUZ7_control_t20.5end.plus.peaks.oracle.narrowPeak.counts
    wildcards: phage=LUZ7, prefix=LUZ7_control_t20, num=5, sign=plus
    resources: tmpdir=/tmp

[Mon Oct 17 15:26:53 2022]
Finished job 18.
29 of 43 steps (67%) done
Select jobs to execute...

[Mon Oct 17 15:26:53 2022]
rule clusterReads:
    input: LUZ7_peak_calling/LUZ7_control_t20.5end.plus.peaks.oracle.narrowPeak.counts.withTR
    output: LUZ7_peak_calling/LUZ7_control_t20.5end.plus.peaks.oracle.narrowPeak.counts.clustered.csv
    jobid: 17
    reason: Missing output files: LUZ7_peak_calling/LUZ7_control_t20.5end.plus.peaks.oracle.narrowPeak.counts.clustered.csv; Input files updated by another job: LUZ7_peak_calling/LUZ7_control_t20.5end.plus.peaks.oracle.narrowPeak.counts.withTR
    wildcards: phage=LUZ7, prefix=LUZ7_control_t20, num=5, sign=plus
    resources: tmpdir=/tmp

[Mon Oct 17 15:26:55 2022]
Finished job 17.
30 of 43 steps (70%) done
Select jobs to execute...

[Mon Oct 17 15:26:55 2022]
rule getPeaks:
    input: LUZ7_peak_calling/LUZ7_enriched_t20.5end.plus.peaks.oracle.narrowPeak.counts.clustered.csv, LUZ7_peak_calling/LUZ7_control_t20.5end.plus.peaks.oracle.narrowPeak.counts.clustered.csv
    output: LUZ7_t20_enrichedPeaks.plus.csv, LUZ7_t20_controlPeaks.plus.csv
    jobid: 29
    reason: Missing output files: LUZ7_t20_controlPeaks.plus.csv, LUZ7_t20_enrichedPeaks.plus.csv; Input files updated by another job: LUZ7_peak_calling/LUZ7_control_t20.5end.plus.peaks.oracle.narrowPeak.counts.clustered.csv, LUZ7_peak_calling/LUZ7_enriched_t20.5end.plus.peaks.oracle.narrowPeak.counts.clustered.csv
    wildcards: phage=LUZ7, ident=t20, sign=plus
    resources: tmpdir=/tmp

[Mon Oct 17 15:26:55 2022]
Finished job 29.
31 of 43 steps (72%) done
Select jobs to execute...

[Mon Oct 17 15:26:55 2022]
rule splitOverlappingPeaks:
    input: LUZ7_t20_enrichedPeaks.plus.csv, LUZ7_t20_controlPeaks.plus.csv
    output: LUZ7_t20_overlapping_peaks.plus.csv, LUZ7_t20_remainingPeaks.plus.csv
    jobid: 28
    reason: Missing output files: LUZ7_t20_remainingPeaks.plus.csv, LUZ7_t20_overlapping_peaks.plus.csv; Input files updated by another job: LUZ7_t20_controlPeaks.plus.csv, LUZ7_t20_enrichedPeaks.plus.csv
    wildcards: phage=LUZ7, ident=t20, sign=plus
    resources: tmpdir=/tmp

[Mon Oct 17 15:26:55 2022]
Finished job 28.
32 of 43 steps (74%) done
Removing temporary output LUZ7_t20_controlPeaks.plus.csv.
Select jobs to execute...

[Mon Oct 17 15:26:55 2022]
rule getOverlappingPeaksWithError:
    input: LUZ7_t20_remainingPeaks.plus.csv, LUZ7_t20_enrichedPeaks.plus.csv
    output: LUZ7_t20_overlapping_peaks_lower_2.plus.csv
    jobid: 33
    reason: Missing output files: LUZ7_t20_overlapping_peaks_lower_2.plus.csv; Input files updated by another job: LUZ7_t20_remainingPeaks.plus.csv, LUZ7_t20_enrichedPeaks.plus.csv
    wildcards: phage=LUZ7, ident=t20, symb=lower, error=2, sign=plus
    resources: tmpdir=/tmp

[Mon Oct 17 15:26:55 2022]
Finished job 33.
33 of 43 steps (77%) done
Select jobs to execute...

[Mon Oct 17 15:26:55 2022]
rule getOverlappingPeaksWithError:
    input: LUZ7_t20_remainingPeaks.plus.csv, LUZ7_t20_enrichedPeaks.plus.csv
    output: LUZ7_t20_overlapping_peaks_lower_1.plus.csv
    jobid: 32
    reason: Missing output files: LUZ7_t20_overlapping_peaks_lower_1.plus.csv; Input files updated by another job: LUZ7_t20_remainingPeaks.plus.csv, LUZ7_t20_enrichedPeaks.plus.csv
    wildcards: phage=LUZ7, ident=t20, symb=lower, error=1, sign=plus
    resources: tmpdir=/tmp

[Mon Oct 17 15:26:55 2022]
Finished job 32.
34 of 43 steps (79%) done
Select jobs to execute...

[Mon Oct 17 15:26:55 2022]
rule getOverlappingPeaksWithError:
    input: LUZ7_t20_remainingPeaks.plus.csv, LUZ7_t20_enrichedPeaks.plus.csv
    output: LUZ7_t20_overlapping_peaks_higher_1.plus.csv
    jobid: 30
    reason: Missing output files: LUZ7_t20_overlapping_peaks_higher_1.plus.csv; Input files updated by another job: LUZ7_t20_remainingPeaks.plus.csv, LUZ7_t20_enrichedPeaks.plus.csv
    wildcards: phage=LUZ7, ident=t20, symb=higher, error=1, sign=plus
    resources: tmpdir=/tmp

[Mon Oct 17 15:26:56 2022]
Finished job 30.
35 of 43 steps (81%) done
Select jobs to execute...

[Mon Oct 17 15:26:56 2022]
rule getOverlappingPeaksWithError:
    input: LUZ7_t20_remainingPeaks.plus.csv, LUZ7_t20_enrichedPeaks.plus.csv
    output: LUZ7_t20_overlapping_peaks_higher_2.plus.csv
    jobid: 31
    reason: Missing output files: LUZ7_t20_overlapping_peaks_higher_2.plus.csv; Input files updated by another job: LUZ7_t20_remainingPeaks.plus.csv, LUZ7_t20_enrichedPeaks.plus.csv
    wildcards: phage=LUZ7, ident=t20, symb=higher, error=2, sign=plus
    resources: tmpdir=/tmp

[Mon Oct 17 15:26:56 2022]
Finished job 31.
36 of 43 steps (84%) done
Removing temporary output LUZ7_t20_remainingPeaks.plus.csv.
Removing temporary output LUZ7_t20_enrichedPeaks.plus.csv.
Select jobs to execute...

[Mon Oct 17 15:26:56 2022]
rule getAllOverlappingPeaks:
    input: LUZ7_t20_overlapping_peaks.plus.csv, LUZ7_t20_overlapping_peaks_higher_1.plus.csv, LUZ7_t20_overlapping_peaks_higher_2.plus.csv, LUZ7_t20_overlapping_peaks_lower_1.plus.csv, LUZ7_t20_overlapping_peaks_lower_2.plus.csv
    output: LUZ7_t20_all_overlapping_peaks.plus.csv
    jobid: 27
    reason: Missing output files: LUZ7_t20_all_overlapping_peaks.plus.csv; Input files updated by another job: LUZ7_t20_overlapping_peaks_higher_1.plus.csv, LUZ7_t20_overlapping_peaks_higher_2.plus.csv, LUZ7_t20_overlapping_peaks_lower_2.plus.csv, LUZ7_t20_overlapping_peaks_lower_1.plus.csv, LUZ7_t20_overlapping_peaks.plus.csv
    wildcards: phage=LUZ7, ident=t20, sign=plus
    resources: tmpdir=/tmp

[Mon Oct 17 15:26:56 2022]
Finished job 27.
37 of 43 steps (86%) done
Removing temporary output LUZ7_t20_overlapping_peaks.plus.csv.
Removing temporary output LUZ7_t20_overlapping_peaks_higher_1.plus.csv.
Removing temporary output LUZ7_t20_overlapping_peaks_higher_2.plus.csv.
Removing temporary output LUZ7_t20_overlapping_peaks_lower_1.plus.csv.
Removing temporary output LUZ7_t20_overlapping_peaks_lower_2.plus.csv.
Select jobs to execute...

[Mon Oct 17 15:26:56 2022]
rule getInformationFromOverlappingPeaks:
    input: LUZ7_peak_calling/LUZ7_enriched_t20.5end.plus.peaks.oracle.narrowPeak.counts.clustered.csv, LUZ7_peak_calling/LUZ7_control_t20.5end.plus.peaks.oracle.narrowPeak.counts.clustered.csv, LUZ7_t20_all_overlapping_peaks.plus.csv
    output: TSS_LUZ7_t20/enr_ratios_LUZ7_t20.plus.csv
    jobid: 4
    reason: Missing output files: TSS_LUZ7_t20/enr_ratios_LUZ7_t20.plus.csv; Input files updated by another job: LUZ7_peak_calling/LUZ7_control_t20.5end.plus.peaks.oracle.narrowPeak.counts.clustered.csv, LUZ7_peak_calling/LUZ7_enriched_t20.5end.plus.peaks.oracle.narrowPeak.counts.clustered.csv, LUZ7_t20_all_overlapping_peaks.plus.csv
    wildcards: phage=LUZ7, ident=t20, sign=plus
    resources: tmpdir=/tmp

[Mon Oct 17 15:26:58 2022]
Finished job 4.
38 of 43 steps (88%) done
Removing temporary output LUZ7_t20_all_overlapping_peaks.plus.csv.
Select jobs to execute...

[Mon Oct 17 15:26:58 2022]
rule PosPeaksToBedFile:
    input: TSS_LUZ7_t20/enr_ratios_LUZ7_t20.plus.csv
    output: TSS_LUZ7_t20/LUZ7_enriched_t20_peaks.plus.bed, TSS_LUZ7_t20/LUZ7_control_t20_peaks.plus.bed
    jobid: 3
    reason: Missing output files: TSS_LUZ7_t20/LUZ7_enriched_t20_peaks.plus.bed; Input files updated by another job: TSS_LUZ7_t20/enr_ratios_LUZ7_t20.plus.csv
    wildcards: phage=LUZ7, ident=t20
    resources: tmpdir=/tmp

[Mon Oct 17 15:26:58 2022]
Finished job 3.
39 of 43 steps (91%) done
Removing temporary output TSS_LUZ7_t20/LUZ7_control_t20_peaks.plus.bed.
Select jobs to execute...

[Mon Oct 17 15:26:59 2022]
rule extractSequencesTSS:
    input: TSS_LUZ7_t20/LUZ7_enriched_t20_peaks.plus.bed
    output: TSS_LUZ7_t20/TSS_seq_LUZ7_enriched_t20.plus.fa.out
    jobid: 2
    reason: Missing output files: TSS_LUZ7_t20/TSS_seq_LUZ7_enriched_t20.plus.fa.out; Input files updated by another job: TSS_LUZ7_t20/LUZ7_enriched_t20_peaks.plus.bed
    wildcards: phage=LUZ7, ident=t20, cond=enriched, sign=plus
    resources: tmpdir=/tmp

[Mon Oct 17 15:26:59 2022]
Finished job 2.
40 of 43 steps (93%) done
Removing temporary output TSS_LUZ7_t20/LUZ7_enriched_t20_peaks.plus.bed.
Select jobs to execute...

[Mon Oct 17 15:26:59 2022]
rule createNotebook:
    input: TSS_LUZ7_t20/TSS_seq_LUZ7_enriched_t20.plus.fa.out
    output: TSS_LUZ7_t20/structural_properties/LUZ7_t20_curvature.plus.png, TSS_LUZ7_t20/structural_properties/LUZ7_t20_curvature.plus.csv
    log: logs/notebooks/LUZ7_t20.plus.ipynb
    jobid: 1
    reason: Missing output files: TSS_LUZ7_t20/structural_properties/LUZ7_t20_curvature.plus.png; Input files updated by another job: TSS_LUZ7_t20/TSS_seq_LUZ7_enriched_t20.plus.fa.out
    wildcards: phage=LUZ7, ident=t20, sign=plus
    resources: tmpdir=/tmp

[Mon Oct 17 15:27:05 2022]
Finished job 1.
41 of 43 steps (95%) done
Select jobs to execute...

[Mon Oct 17 15:27:05 2022]
rule createNotebook:
    input: TSS_LUZ7_t20/TSS_seq_LUZ7_enriched_t20.minus.fa.out
    output: TSS_LUZ7_t20/structural_properties/LUZ7_t20_curvature.minus.png, TSS_LUZ7_t20/structural_properties/LUZ7_t20_curvature.minus.csv
    log: logs/notebooks/LUZ7_t20.minus.ipynb
    jobid: 34
    reason: Missing output files: TSS_LUZ7_t20/structural_properties/LUZ7_t20_curvature.minus.png; Input files updated by another job: TSS_LUZ7_t20/TSS_seq_LUZ7_enriched_t20.minus.fa.out
    wildcards: phage=LUZ7, ident=t20, sign=minus
    resources: tmpdir=/tmp

[Mon Oct 17 15:27:11 2022]
Finished job 34.
42 of 43 steps (98%) done
Select jobs to execute...

[Mon Oct 17 15:27:11 2022]
localrule all:
    input: TSS_LUZ7_t20/structural_properties/LUZ7_t20_curvature.plus.png, TSS_LUZ7_t20/structural_properties/LUZ7_t20_curvature.minus.png
    jobid: 0
    reason: Input files updated by another job: TSS_LUZ7_t20/structural_properties/LUZ7_t20_curvature.minus.png, TSS_LUZ7_t20/structural_properties/LUZ7_t20_curvature.plus.png
    resources: tmpdir=/tmp

[Mon Oct 17 15:27:11 2022]
Finished job 0.
43 of 43 steps (100%) done
Complete log: .snakemake/log/2022-10-17T152613.694675.snakemake.log
