Building DAG of jobs...
Using shell: /usr/bin/bash
Provided cores: 1 (use --cores to define parallelism)
Rules claiming more threads will be scaled down.
Conda environments: ignored
Job stats:
job               count    min threads    max threads
--------------  -------  -------------  -------------
clipping              1              1              1
indexSortedBAM        1              1              1
minimap2              1              1              1
samToBam              1              1              1
sortBam               1              1              1
total                 5              1              1

Select jobs to execute...

[Wed Oct  5 01:23:36 2022]
rule minimap2:
    input: LUZ7_enriched_t5_cutadapt.fq
    output: LUZ7_enriched_t5_minimap.sam
    jobid: 4
    reason: Missing output files: LUZ7_enriched_t5_minimap.sam
    wildcards: phage=LUZ7, cond=enriched, ident=t5
    resources: tmpdir=/tmp

[Wed Oct  5 01:23:38 2022]
Finished job 4.
1 of 5 steps (20%) done
Select jobs to execute...

[Wed Oct  5 01:23:38 2022]
rule clipping:
    input: LUZ7_enriched_t5_minimap.sam, LUZ7.fasta.fai
    output: LUZ7_enriched_t5_clipped.sam
    jobid: 3
    reason: Missing output files: LUZ7_enriched_t5_clipped.sam; Input files updated by another job: LUZ7_enriched_t5_minimap.sam
    wildcards: phage=LUZ7, cond=enriched, ident=t5
    resources: tmpdir=/tmp

[Wed Oct  5 01:23:39 2022]
Finished job 3.
2 of 5 steps (40%) done
Select jobs to execute...

[Wed Oct  5 01:23:39 2022]
rule samToBam:
    input: LUZ7_enriched_t5_clipped.sam
    output: LUZ7_enriched_t5.bam
    jobid: 2
    reason: Missing output files: LUZ7_enriched_t5.bam; Input files updated by another job: LUZ7_enriched_t5_clipped.sam
    wildcards: phage=LUZ7, cond=enriched, ident=t5
    resources: tmpdir=/tmp

[Wed Oct  5 01:23:40 2022]
Finished job 2.
3 of 5 steps (60%) done
Select jobs to execute...

[Wed Oct  5 01:23:40 2022]
rule sortBam:
    input: LUZ7_enriched_t5.bam
    output: LUZ7_enriched_t5.sorted.bam
    jobid: 1
    reason: Missing output files: LUZ7_enriched_t5.sorted.bam; Input files updated by another job: LUZ7_enriched_t5.bam
    wildcards: phage=LUZ7, cond=enriched, ident=t5
    resources: tmpdir=/tmp

[Wed Oct  5 01:23:41 2022]
Finished job 1.
4 of 5 steps (80%) done
Select jobs to execute...

[Wed Oct  5 01:23:41 2022]
rule indexSortedBAM:
    input: LUZ7_enriched_t5.sorted.bam
    output: LUZ7_enriched_t5.sorted.bam.bai
    jobid: 0
    reason: Missing output files: LUZ7_enriched_t5.sorted.bam.bai; Input files updated by another job: LUZ7_enriched_t5.sorted.bam
    wildcards: phage=LUZ7, cond=enriched, ident=t5
    resources: tmpdir=/tmp

[Wed Oct  5 01:23:41 2022]
Finished job 0.
5 of 5 steps (100%) done
Complete log: .snakemake/log/2022-10-05T012336.318034.snakemake.log
