Building DAG of jobs...
Using shell: /usr/bin/bash
Provided cores: 1 (use --cores to define parallelism)
Rules claiming more threads will be scaled down.
Conda environments: ignored
Job stats:
job               count    min threads    max threads
--------------  -------  -------------  -------------
clipping              1              1              1
indexSortedBAM        1              1              1
minimap2              1              1              1
samToBam              1              1              1
sortBam               1              1              1
total                 5              1              1

Select jobs to execute...

[Wed Oct  5 01:22:34 2022]
rule minimap2:
    input: LUZ7_enriched_t5_cutadapt.fq
    output: LUZ7_enriched_t5_minimap.sam
    jobid: 4
    reason: Missing output files: LUZ7_enriched_t5_minimap.sam
    wildcards: phage=LUZ7, cond=enriched, ident=t5
    resources: tmpdir=/tmp

[Wed Oct  5 01:22:34 2022]
Error in rule minimap2:
    jobid: 4
    output: LUZ7_enriched_t5_minimap.sam
    shell:
        
        minimap2 -ax map-ont -k14 -t 8 LUZ7.fasta LUZ7_enriched_t5_cutadapt.fq > LUZ7_enriched_t5_minimap.sam
        
        (one of the commands exited with non-zero exit code; note that snakemake uses bash strict mode!)

Removing output files of failed job minimap2 since they might be corrupted:
LUZ7_enriched_t5_minimap.sam
Shutting down, this might take some time.
Exiting because a job execution failed. Look above for error message
Complete log: .snakemake/log/2022-10-05T012234.476436.snakemake.log
