Building DAG of jobs...
Using shell: /usr/bin/bash
Provided cores: 1 (use --cores to define parallelism)
Rules claiming more threads will be scaled down.
Conda environments: ignored
Job stats:
job                   count    min threads    max threads
------------------  -------  -------------  -------------
all                       1              1              1
combineCovAndPeaks        2              1              1
total                     3              1              1

Select jobs to execute...

[Sun Oct  2 01:20:21 2022]
rule combineCovAndPeaks:
    input: LUZ7_peak_calling/t5_enriched-LUZ7.5end.plus.peaks, LUZ7_peak_calling/t5_enriched-LUZ7.5end.plus.bedgraph
    output: LUZ7_peak_calling/t5_enriched-LUZ7.5end.plus.peaks.oracle.narrowPeak.counts
    jobid: 1
    reason: Missing output files: LUZ7_peak_calling/t5_enriched-LUZ7.5end.plus.peaks.oracle.narrowPeak.counts
    wildcards: phage=LUZ7, prefix=t5_enriched-LUZ7, num=5, sign=plus
    resources: tmpdir=/tmp

[Sun Oct  2 01:20:21 2022]
Finished job 1.
1 of 3 steps (33%) done
Select jobs to execute...

[Sun Oct  2 01:20:21 2022]
rule combineCovAndPeaks:
    input: LUZ7_peak_calling/t5_enriched-LUZ7.5end.minus.peaks, LUZ7_peak_calling/t5_enriched-LUZ7.5end.minus.bedgraph
    output: LUZ7_peak_calling/t5_enriched-LUZ7.5end.minus.peaks.oracle.narrowPeak.counts
    jobid: 4
    reason: Missing output files: LUZ7_peak_calling/t5_enriched-LUZ7.5end.minus.peaks.oracle.narrowPeak.counts
    wildcards: phage=LUZ7, prefix=t5_enriched-LUZ7, num=5, sign=minus
    resources: tmpdir=/tmp

[Sun Oct  2 01:20:21 2022]
Finished job 4.
2 of 3 steps (67%) done
Select jobs to execute...

[Sun Oct  2 01:20:21 2022]
localrule all:
    input: LUZ7_peak_calling/t5_enriched-LUZ7.5end.plus.peaks.oracle.narrowPeak.counts, LUZ7_peak_calling/t5_enriched-LUZ7.5end.minus.peaks.oracle.narrowPeak.counts
    jobid: 0
    reason: Input files updated by another job: LUZ7_peak_calling/t5_enriched-LUZ7.5end.minus.peaks.oracle.narrowPeak.counts, LUZ7_peak_calling/t5_enriched-LUZ7.5end.plus.peaks.oracle.narrowPeak.counts
    resources: tmpdir=/tmp

[Sun Oct  2 01:20:21 2022]
Finished job 0.
3 of 3 steps (100%) done
Complete log: .snakemake/log/2022-10-02T012020.914763.snakemake.log
