Building DAG of jobs...
Using shell: /usr/bin/bash
Provided cores: 1 (use --cores to define parallelism)
Rules claiming more threads will be scaled down.
Conda environments: ignored
Job stats:
job                                   count    min threads    max threads
----------------------------------  -------  -------------  -------------
NegPeaksToBedFile                         1              1              1
addTotalReadsToCounts                     2              1              1
clusterReads                              2              1              1
combineCovAndPeaks                        2              1              1
createGenomecov                           2              1              1
createNotebook                            1              1              1
extractSequencesTSS                       1              1              1
getAllOverlappingPeaks                    1              1              1
getInformationFromOverlappingPeaks        1              1              1
getOverlappingPeaksWithError              4              1              1
getPeaks                                  1              1              1
splitOverlappingPeaks                     1              1              1
termseqPeakCalling                        2              1              1
total                                    21              1              1

Select jobs to execute...

[Sun Nov  6 17:58:04 2022]
rule createGenomecov:
    input: BAM_files_PhiKZ/PhiKZ_enriched_one.sorted.bam
    output: PhiKZ_peak_calling/PhiKZ_enriched_one.5end.minus.bedgraph
    jobid: 8
    reason: Missing output files: PhiKZ_peak_calling/PhiKZ_enriched_one.5end.minus.bedgraph
    wildcards: phage=PhiKZ, cond=enriched, ident=one, num=5, sign=minus
    resources: tmpdir=/tmp

[Sun Nov  6 17:58:05 2022]
Finished job 8.
1 of 21 steps (5%) done
Select jobs to execute...

[Sun Nov  6 17:58:06 2022]
rule termseqPeakCalling:
    input: PhiKZ_peak_calling/PhiKZ_enriched_one.5end.minus.bedgraph
    output: PhiKZ_peak_calling/PhiKZ_enriched_one.5end.minus.peaks
    jobid: 7
    reason: Missing output files: PhiKZ_peak_calling/PhiKZ_enriched_one.5end.minus.peaks; Input files updated by another job: PhiKZ_peak_calling/PhiKZ_enriched_one.5end.minus.bedgraph
    wildcards: phage=PhiKZ, prefix=PhiKZ_enriched_one, num=5, sign=minus
    resources: tmpdir=/tmp

[Sun Nov  6 17:58:11 2022]
Finished job 7.
2 of 21 steps (10%) done
Select jobs to execute...

[Sun Nov  6 17:58:11 2022]
rule createGenomecov:
    input: BAM_files_PhiKZ/PhiKZ_control_one.sorted.bam
    output: PhiKZ_peak_calling/PhiKZ_control_one.5end.minus.bedgraph
    jobid: 13
    reason: Missing output files: PhiKZ_peak_calling/PhiKZ_control_one.5end.minus.bedgraph
    wildcards: phage=PhiKZ, cond=control, ident=one, num=5, sign=minus
    resources: tmpdir=/tmp

[Sun Nov  6 17:58:11 2022]
Finished job 13.
3 of 21 steps (14%) done
Select jobs to execute...

[Sun Nov  6 17:58:12 2022]
rule termseqPeakCalling:
    input: PhiKZ_peak_calling/PhiKZ_control_one.5end.minus.bedgraph
    output: PhiKZ_peak_calling/PhiKZ_control_one.5end.minus.peaks
    jobid: 12
    reason: Missing output files: PhiKZ_peak_calling/PhiKZ_control_one.5end.minus.peaks; Input files updated by another job: PhiKZ_peak_calling/PhiKZ_control_one.5end.minus.bedgraph
    wildcards: phage=PhiKZ, prefix=PhiKZ_control_one, num=5, sign=minus
    resources: tmpdir=/tmp

[Sun Nov  6 17:58:15 2022]
Finished job 12.
4 of 21 steps (19%) done
Select jobs to execute...

[Sun Nov  6 17:58:16 2022]
rule combineCovAndPeaks:
    input: PhiKZ_peak_calling/PhiKZ_control_one.5end.minus.peaks, PhiKZ_peak_calling/PhiKZ_control_one.5end.minus.bedgraph
    output: PhiKZ_peak_calling/PhiKZ_control_one.5end.minus.peaks.oracle.narrowPeak.counts
    jobid: 11
    reason: Missing output files: PhiKZ_peak_calling/PhiKZ_control_one.5end.minus.peaks.oracle.narrowPeak.counts; Input files updated by another job: PhiKZ_peak_calling/PhiKZ_control_one.5end.minus.peaks, PhiKZ_peak_calling/PhiKZ_control_one.5end.minus.bedgraph
    wildcards: phage=PhiKZ, prefix=PhiKZ_control_one, num=5, sign=minus
    resources: tmpdir=/tmp

[Sun Nov  6 17:58:16 2022]
Finished job 11.
5 of 21 steps (24%) done
Select jobs to execute...

[Sun Nov  6 17:58:16 2022]
rule addTotalReadsToCounts:
    input: PhiKZ_peak_calling/PhiKZ_control_one.5end.minus.peaks.oracle.narrowPeak.counts, BAM_files_PhiKZ/PhiKZ_control_one.sorted.bam
    output: PhiKZ_peak_calling/PhiKZ_control_one.5end.minus.peaks.oracle.narrowPeak.counts.withTR
    jobid: 10
    reason: Missing output files: PhiKZ_peak_calling/PhiKZ_control_one.5end.minus.peaks.oracle.narrowPeak.counts.withTR; Input files updated by another job: PhiKZ_peak_calling/PhiKZ_control_one.5end.minus.peaks.oracle.narrowPeak.counts
    wildcards: phage=PhiKZ, prefix=PhiKZ_control_one, num=5, sign=minus
    resources: tmpdir=/tmp

[Sun Nov  6 17:58:16 2022]
Finished job 10.
6 of 21 steps (29%) done
Select jobs to execute...

[Sun Nov  6 17:58:16 2022]
rule clusterReads:
    input: PhiKZ_peak_calling/PhiKZ_control_one.5end.minus.peaks.oracle.narrowPeak.counts.withTR
    output: PhiKZ_peak_calling/PhiKZ_control_one.5end.minus.peaks.oracle.narrowPeak.counts.clustered.csv
    jobid: 9
    reason: Missing output files: PhiKZ_peak_calling/PhiKZ_control_one.5end.minus.peaks.oracle.narrowPeak.counts.clustered.csv; Input files updated by another job: PhiKZ_peak_calling/PhiKZ_control_one.5end.minus.peaks.oracle.narrowPeak.counts.withTR
    wildcards: phage=PhiKZ, prefix=PhiKZ_control_one, num=5, sign=minus
    resources: tmpdir=/tmp

[Sun Nov  6 17:58:18 2022]
Finished job 9.
7 of 21 steps (33%) done
Select jobs to execute...

[Sun Nov  6 17:58:18 2022]
rule combineCovAndPeaks:
    input: PhiKZ_peak_calling/PhiKZ_enriched_one.5end.minus.peaks, PhiKZ_peak_calling/PhiKZ_enriched_one.5end.minus.bedgraph
    output: PhiKZ_peak_calling/PhiKZ_enriched_one.5end.minus.peaks.oracle.narrowPeak.counts
    jobid: 6
    reason: Missing output files: PhiKZ_peak_calling/PhiKZ_enriched_one.5end.minus.peaks.oracle.narrowPeak.counts; Input files updated by another job: PhiKZ_peak_calling/PhiKZ_enriched_one.5end.minus.bedgraph, PhiKZ_peak_calling/PhiKZ_enriched_one.5end.minus.peaks
    wildcards: phage=PhiKZ, prefix=PhiKZ_enriched_one, num=5, sign=minus
    resources: tmpdir=/tmp

[Sun Nov  6 17:58:18 2022]
Finished job 6.
8 of 21 steps (38%) done
Select jobs to execute...

[Sun Nov  6 17:58:18 2022]
rule addTotalReadsToCounts:
    input: PhiKZ_peak_calling/PhiKZ_enriched_one.5end.minus.peaks.oracle.narrowPeak.counts, BAM_files_PhiKZ/PhiKZ_enriched_one.sorted.bam
    output: PhiKZ_peak_calling/PhiKZ_enriched_one.5end.minus.peaks.oracle.narrowPeak.counts.withTR
    jobid: 5
    reason: Missing output files: PhiKZ_peak_calling/PhiKZ_enriched_one.5end.minus.peaks.oracle.narrowPeak.counts.withTR; Input files updated by another job: PhiKZ_peak_calling/PhiKZ_enriched_one.5end.minus.peaks.oracle.narrowPeak.counts
    wildcards: phage=PhiKZ, prefix=PhiKZ_enriched_one, num=5, sign=minus
    resources: tmpdir=/tmp

[Sun Nov  6 17:58:19 2022]
Finished job 5.
9 of 21 steps (43%) done
Select jobs to execute...

[Sun Nov  6 17:58:19 2022]
rule clusterReads:
    input: PhiKZ_peak_calling/PhiKZ_enriched_one.5end.minus.peaks.oracle.narrowPeak.counts.withTR
    output: PhiKZ_peak_calling/PhiKZ_enriched_one.5end.minus.peaks.oracle.narrowPeak.counts.clustered.csv
    jobid: 4
    reason: Missing output files: PhiKZ_peak_calling/PhiKZ_enriched_one.5end.minus.peaks.oracle.narrowPeak.counts.clustered.csv; Input files updated by another job: PhiKZ_peak_calling/PhiKZ_enriched_one.5end.minus.peaks.oracle.narrowPeak.counts.withTR
    wildcards: phage=PhiKZ, prefix=PhiKZ_enriched_one, num=5, sign=minus
    resources: tmpdir=/tmp

[Sun Nov  6 17:58:21 2022]
Finished job 4.
10 of 21 steps (48%) done
Select jobs to execute...

[Sun Nov  6 17:58:21 2022]
rule getPeaks:
    input: PhiKZ_peak_calling/PhiKZ_enriched_one.5end.minus.peaks.oracle.narrowPeak.counts.clustered.csv, PhiKZ_peak_calling/PhiKZ_control_one.5end.minus.peaks.oracle.narrowPeak.counts.clustered.csv
    output: PhiKZ_one_enrichedPeaks.minus.csv, PhiKZ_one_controlPeaks.minus.csv
    jobid: 16
    reason: Missing output files: PhiKZ_one_enrichedPeaks.minus.csv, PhiKZ_one_controlPeaks.minus.csv; Input files updated by another job: PhiKZ_peak_calling/PhiKZ_enriched_one.5end.minus.peaks.oracle.narrowPeak.counts.clustered.csv, PhiKZ_peak_calling/PhiKZ_control_one.5end.minus.peaks.oracle.narrowPeak.counts.clustered.csv
    wildcards: phage=PhiKZ, ident=one, sign=minus
    resources: tmpdir=/tmp

[Sun Nov  6 17:58:21 2022]
Finished job 16.
11 of 21 steps (52%) done
Select jobs to execute...

[Sun Nov  6 17:58:21 2022]
rule splitOverlappingPeaks:
    input: PhiKZ_one_enrichedPeaks.minus.csv, PhiKZ_one_controlPeaks.minus.csv
    output: PhiKZ_one_overlapping_peaks.minus.csv, PhiKZ_one_remainingPeaks.minus.csv
    jobid: 15
    reason: Missing output files: PhiKZ_one_overlapping_peaks.minus.csv, PhiKZ_one_remainingPeaks.minus.csv; Input files updated by another job: PhiKZ_one_enrichedPeaks.minus.csv, PhiKZ_one_controlPeaks.minus.csv
    wildcards: phage=PhiKZ, ident=one, sign=minus
    resources: tmpdir=/tmp

[Sun Nov  6 17:58:21 2022]
Finished job 15.
12 of 21 steps (57%) done
Removing temporary output PhiKZ_one_controlPeaks.minus.csv.
Select jobs to execute...

[Sun Nov  6 17:58:21 2022]
rule getOverlappingPeaksWithError:
    input: PhiKZ_one_remainingPeaks.minus.csv, PhiKZ_one_enrichedPeaks.minus.csv
    output: PhiKZ_one_overlapping_peaks_lower_2.minus.csv
    jobid: 20
    reason: Missing output files: PhiKZ_one_overlapping_peaks_lower_2.minus.csv; Input files updated by another job: PhiKZ_one_enrichedPeaks.minus.csv, PhiKZ_one_remainingPeaks.minus.csv
    wildcards: phage=PhiKZ, ident=one, symb=lower, error=2, sign=minus
    resources: tmpdir=/tmp

[Sun Nov  6 17:58:21 2022]
Finished job 20.
13 of 21 steps (62%) done
Select jobs to execute...

[Sun Nov  6 17:58:22 2022]
rule getOverlappingPeaksWithError:
    input: PhiKZ_one_remainingPeaks.minus.csv, PhiKZ_one_enrichedPeaks.minus.csv
    output: PhiKZ_one_overlapping_peaks_lower_1.minus.csv
    jobid: 19
    reason: Missing output files: PhiKZ_one_overlapping_peaks_lower_1.minus.csv; Input files updated by another job: PhiKZ_one_enrichedPeaks.minus.csv, PhiKZ_one_remainingPeaks.minus.csv
    wildcards: phage=PhiKZ, ident=one, symb=lower, error=1, sign=minus
    resources: tmpdir=/tmp

[Sun Nov  6 17:58:22 2022]
Finished job 19.
14 of 21 steps (67%) done
Select jobs to execute...

[Sun Nov  6 17:58:22 2022]
rule getOverlappingPeaksWithError:
    input: PhiKZ_one_remainingPeaks.minus.csv, PhiKZ_one_enrichedPeaks.minus.csv
    output: PhiKZ_one_overlapping_peaks_higher_1.minus.csv
    jobid: 17
    reason: Missing output files: PhiKZ_one_overlapping_peaks_higher_1.minus.csv; Input files updated by another job: PhiKZ_one_enrichedPeaks.minus.csv, PhiKZ_one_remainingPeaks.minus.csv
    wildcards: phage=PhiKZ, ident=one, symb=higher, error=1, sign=minus
    resources: tmpdir=/tmp

[Sun Nov  6 17:58:22 2022]
Finished job 17.
15 of 21 steps (71%) done
Select jobs to execute...

[Sun Nov  6 17:58:22 2022]
rule getOverlappingPeaksWithError:
    input: PhiKZ_one_remainingPeaks.minus.csv, PhiKZ_one_enrichedPeaks.minus.csv
    output: PhiKZ_one_overlapping_peaks_higher_2.minus.csv
    jobid: 18
    reason: Missing output files: PhiKZ_one_overlapping_peaks_higher_2.minus.csv; Input files updated by another job: PhiKZ_one_enrichedPeaks.minus.csv, PhiKZ_one_remainingPeaks.minus.csv
    wildcards: phage=PhiKZ, ident=one, symb=higher, error=2, sign=minus
    resources: tmpdir=/tmp

[Sun Nov  6 17:58:22 2022]
Finished job 18.
16 of 21 steps (76%) done
Removing temporary output PhiKZ_one_remainingPeaks.minus.csv.
Removing temporary output PhiKZ_one_enrichedPeaks.minus.csv.
Select jobs to execute...

[Sun Nov  6 17:58:22 2022]
rule getAllOverlappingPeaks:
    input: PhiKZ_one_overlapping_peaks.minus.csv, PhiKZ_one_overlapping_peaks_higher_1.minus.csv, PhiKZ_one_overlapping_peaks_higher_2.minus.csv, PhiKZ_one_overlapping_peaks_lower_1.minus.csv, PhiKZ_one_overlapping_peaks_lower_2.minus.csv
    output: PhiKZ_one_all_overlapping_peaks.minus.csv
    jobid: 14
    reason: Missing output files: PhiKZ_one_all_overlapping_peaks.minus.csv; Input files updated by another job: PhiKZ_one_overlapping_peaks_higher_1.minus.csv, PhiKZ_one_overlapping_peaks.minus.csv, PhiKZ_one_overlapping_peaks_lower_2.minus.csv, PhiKZ_one_overlapping_peaks_higher_2.minus.csv, PhiKZ_one_overlapping_peaks_lower_1.minus.csv
    wildcards: phage=PhiKZ, ident=one, sign=minus
    resources: tmpdir=/tmp

[Sun Nov  6 17:58:22 2022]
Finished job 14.
17 of 21 steps (81%) done
Removing temporary output PhiKZ_one_overlapping_peaks.minus.csv.
Removing temporary output PhiKZ_one_overlapping_peaks_higher_1.minus.csv.
Removing temporary output PhiKZ_one_overlapping_peaks_higher_2.minus.csv.
Removing temporary output PhiKZ_one_overlapping_peaks_lower_1.minus.csv.
Removing temporary output PhiKZ_one_overlapping_peaks_lower_2.minus.csv.
Select jobs to execute...

[Sun Nov  6 17:58:22 2022]
rule getInformationFromOverlappingPeaks:
    input: PhiKZ_peak_calling/PhiKZ_enriched_one.5end.minus.peaks.oracle.narrowPeak.counts.clustered.csv, PhiKZ_peak_calling/PhiKZ_control_one.5end.minus.peaks.oracle.narrowPeak.counts.clustered.csv, PhiKZ_one_all_overlapping_peaks.minus.csv
    output: TSS_PhiKZ_one/enr_ratios_PhiKZ_one.minus.csv
    jobid: 3
    reason: Missing output files: TSS_PhiKZ_one/enr_ratios_PhiKZ_one.minus.csv; Input files updated by another job: PhiKZ_peak_calling/PhiKZ_enriched_one.5end.minus.peaks.oracle.narrowPeak.counts.clustered.csv, PhiKZ_one_all_overlapping_peaks.minus.csv, PhiKZ_peak_calling/PhiKZ_control_one.5end.minus.peaks.oracle.narrowPeak.counts.clustered.csv
    wildcards: phage=PhiKZ, ident=one, sign=minus
    resources: tmpdir=/tmp

[Sun Nov  6 17:58:23 2022]
Finished job 3.
18 of 21 steps (86%) done
Removing temporary output PhiKZ_one_all_overlapping_peaks.minus.csv.
Select jobs to execute...

[Sun Nov  6 17:58:23 2022]
rule NegPeaksToBedFile:
    input: TSS_PhiKZ_one/enr_ratios_PhiKZ_one.minus.csv
    output: TSS_PhiKZ_one/PhiKZ_enriched_one_peaks.minus.bed, TSS_PhiKZ_one/PhiKZ_control_one_peaks.minus.bed
    jobid: 2
    reason: Missing output files: TSS_PhiKZ_one/PhiKZ_enriched_one_peaks.minus.bed; Input files updated by another job: TSS_PhiKZ_one/enr_ratios_PhiKZ_one.minus.csv
    wildcards: phage=PhiKZ, ident=one
    resources: tmpdir=/tmp

[Sun Nov  6 17:58:24 2022]
Finished job 2.
19 of 21 steps (90%) done
Removing temporary output TSS_PhiKZ_one/PhiKZ_control_one_peaks.minus.bed.
Select jobs to execute...

[Sun Nov  6 17:58:24 2022]
rule extractSequencesTSS:
    input: TSS_PhiKZ_one/PhiKZ_enriched_one_peaks.minus.bed
    output: TSS_PhiKZ_one/TSS_seq_PhiKZ_enriched_one.minus.fa.out
    jobid: 1
    reason: Missing output files: TSS_PhiKZ_one/TSS_seq_PhiKZ_enriched_one.minus.fa.out; Input files updated by another job: TSS_PhiKZ_one/PhiKZ_enriched_one_peaks.minus.bed
    wildcards: phage=PhiKZ, ident=one, cond=enriched, sign=minus
    resources: tmpdir=/tmp

[Sun Nov  6 17:58:24 2022]
Finished job 1.
20 of 21 steps (95%) done
Removing temporary output TSS_PhiKZ_one/PhiKZ_enriched_one_peaks.minus.bed.
Select jobs to execute...

[Sun Nov  6 17:58:24 2022]
rule createNotebook:
    input: TSS_PhiKZ_one/TSS_seq_PhiKZ_enriched_one.minus.fa.out
    output: TSS_PhiKZ_one/structural_properties/PhiKZ_one_curvature.minus.png, TSS_PhiKZ_one/structural_properties/PhiKZ_one_curvature.minus.csv, TSS_PhiKZ_one/structural_properties/PhiKZ_one_stability.minus.png, TSS_PhiKZ_one/structural_properties/PhiKZ_one_stability.minus.csv, TSS_PhiKZ_one/structural_properties/PhiKZ_one_bendability.minus.png, TSS_PhiKZ_one/structural_properties/PhiKZ_one_bendability.minus.csv
    log: logs/notebooks/PhiKZ_one.minus.ipynb
    jobid: 0
    reason: Missing output files: TSS_PhiKZ_one/structural_properties/PhiKZ_one_curvature.minus.png; Input files updated by another job: TSS_PhiKZ_one/TSS_seq_PhiKZ_enriched_one.minus.fa.out
    wildcards: phage=PhiKZ, ident=one, sign=minus
    resources: tmpdir=/tmp

[Sun Nov  6 17:58:32 2022]
Finished job 0.
21 of 21 steps (100%) done
Complete log: .snakemake/log/2022-11-06T175803.693867.snakemake.log
