Building DAG of jobs...
Using shell: /usr/bin/bash
Provided cores: 1 (use --cores to define parallelism)
Rules claiming more threads will be scaled down.
Conda environments: ignored
Job stats:
job               count    min threads    max threads
--------------  -------  -------------  -------------
createNotebook        1              1              1
total                 1              1              1

Select jobs to execute...

[Wed Nov  9 19:43:19 2022]
rule createNotebook:
    input: TSS_PAKP3_one/TSS_seq_PAKP3_enriched_one.plus.fa.out
    output: TSS_PAKP3_one/structural_properties/PAKP3_one_curvature.plus.png, TSS_PAKP3_one/structural_properties/PAKP3_one_curvature.plus.csv, TSS_PAKP3_one/structural_properties/PAKP3_one_stability.plus.png, TSS_PAKP3_one/structural_properties/PAKP3_one_stability.plus.csv, TSS_PAKP3_one/structural_properties/PAKP3_one_bendability.plus.png, TSS_PAKP3_one/structural_properties/PAKP3_one_bendability.plus.csv
    log: logs/notebooks/PAKP3_one.plus.ipynb
    jobid: 0
    reason: Code has changed since last execution
    wildcards: phage=PAKP3, ident=one, sign=plus
    resources: tmpdir=/tmp

[Wed Nov  9 19:43:39 2022]
Finished job 0.
1 of 1 steps (100%) done
Complete log: .snakemake/log/2022-11-09T194318.523850.snakemake.log
