Building DAG of jobs...
Using shell: /usr/bin/bash
Provided cores: 1 (use --cores to define parallelism)
Rules claiming more threads will be scaled down.
Conda environments: ignored
Job stats:
job               count    min threads    max threads
--------------  -------  -------------  -------------
createNotebook        1              1              1
total                 1              1              1

Select jobs to execute...

[Wed Nov  9 18:58:26 2022]
rule createNotebook:
    input: TSS_LUZ19_one/TSS_seq_LUZ19_enriched_one.minus.fa.out
    output: TSS_LUZ19_one/structural_properties/LUZ19_one_curvature.minus.png, TSS_LUZ19_one/structural_properties/LUZ19_one_curvature.minus.csv, TSS_LUZ19_one/structural_properties/LUZ19_one_stability.minus.png, TSS_LUZ19_one/structural_properties/LUZ19_one_stability.minus.csv, TSS_LUZ19_one/structural_properties/LUZ19_one_bendability.minus.png, TSS_LUZ19_one/structural_properties/LUZ19_one_bendability.minus.csv
    log: logs/notebooks/LUZ19_one.minus.ipynb
    jobid: 0
    reason: Code has changed since last execution
    wildcards: phage=LUZ19, ident=one, sign=minus
    resources: tmpdir=/tmp

[Wed Nov  9 18:58:35 2022]
Finished job 0.
1 of 1 steps (100%) done
Complete log: .snakemake/log/2022-11-09T185826.017677.snakemake.log
