Building DAG of jobs...
Using shell: /usr/bin/bash
Provided cores: 1 (use --cores to define parallelism)
Rules claiming more threads will be scaled down.
Conda environments: ignored
Job stats:
job                                   count    min threads    max threads
----------------------------------  -------  -------------  -------------
all                                       1              1              1
getAllOverlappingPeaks                    1              1              1
getInformationFromOverlappingPeaks        1              1              1
getOverlappingPeaksWithError              4              1              1
total                                     7              1              1

Select jobs to execute...

[Wed Oct 12 11:54:41 2022]
rule getOverlappingPeaksWithError:
    input: LUZ7_t5_remainingPeaks.plus.csv, LUZ7_t5_enrichedPeaks.plus.csv
    output: LUZ7_t5_overlapping_peaks_plus_1.plus.csv
    jobid: 25
    reason: Code has changed since last execution
    wildcards: phage=LUZ7, ident=t5, symb=plus, error=1, sign=plus
    resources: tmpdir=/tmp

[Wed Oct 12 11:54:41 2022]
Finished job 25.
1 of 7 steps (14%) done
Select jobs to execute...

[Wed Oct 12 11:54:41 2022]
rule getOverlappingPeaksWithError:
    input: LUZ7_t5_remainingPeaks.plus.csv, LUZ7_t5_enrichedPeaks.plus.csv
    output: LUZ7_t5_overlapping_peaks_minus_2.plus.csv
    jobid: 30
    reason: Missing output files: LUZ7_t5_overlapping_peaks_minus_2.plus.csv
    wildcards: phage=LUZ7, ident=t5, symb=minus, error=2, sign=plus
    resources: tmpdir=/tmp

Waiting at most 5 seconds for missing files.
MissingOutputException in rule getOverlappingPeaksWithError in line 21 of /mnt/c/Users/danis/Desktop/Thesis/pipeline_snakemake/workflow/rules/annotateTSS.smk:
Job Missing files after 5 seconds. This might be due to filesystem latency. If that is the case, consider to increase the wait time with --latency-wait:
LUZ7_t5_overlapping_peaks_minus_2.plus.csv completed successfully, but some output files are missing. 30
Shutting down, this might take some time.
Exiting because a job execution failed. Look above for error message
Complete log: .snakemake/log/2022-10-12T115441.241058.snakemake.log
