Building DAG of jobs...
Using shell: /usr/bin/bash
Provided cores: 1 (use --cores to define parallelism)
Rules claiming more threads will be scaled down.
Conda environments: ignored
Job stats:
job                                   count    min threads    max threads
----------------------------------  -------  -------------  -------------
NegPeaksToBedFile                         1              1              1
PosPeaksToBedFile                         1              1              1
addTotalReadsToCounts                     4              1              1
all                                       1              1              1
clipping                                  2              1              1
clusterReads                              4              1              1
combineCovAndPeaks                        4              1              1
createGenomecov                           4              1              1
createNotebook                            2              1              1
cutadapt                                  2              1              1
extractSequencesTSS                       2              1              1
getAllOverlappingPeaks                    2              1              1
getInformationFromOverlappingPeaks        2              1              1
getOverlappingPeaksWithError              8              1              1
getPeaks                                  2              1              1
minimap2                                  2              1              1
pychopper                                 1              1              1
samToBam                                  2              1              1
sortBam                                   2              1              1
splitOverlappingPeaks                     2              1              1
termseqPeakCalling                        4              1              1
total                                    54              1              1

Select jobs to execute...

[Sun Nov  6 17:12:03 2022]
rule pychopper:
    output: pychopper_PhiKZ_one/PhiKZ_enriched_one_full_length_output.fq, pychopper_PhiKZ_one/PhiKZ_control_one_full_length_output.fq
    jobid: 15
    reason: Forced execution
    resources: tmpdir=/tmp

Terminating processes on user request, this might take some time.
[Sun Nov  6 17:12:04 2022]
Error in rule pychopper:
    jobid: 15
    output: pychopper_PhiKZ_one/PhiKZ_enriched_one_full_length_output.fq, pychopper_PhiKZ_one/PhiKZ_control_one_full_length_output.fq
    shell:
        
        pychopper -r pychopper_PhiKZ_one/PhiKZ_enriched_one_report.pdf testData/LUZ7_enriched.fastq pychopper_PhiKZ_one/PhiKZ_enriched_one_full_length_output.fq

        pychopper -r pychopper_PhiKZ_one/PhiKZ_control_one_report.pdf testData/LUZ7_control.fastq pychopper_PhiKZ_one/PhiKZ_control_one_full_length_output.fq
        
        (one of the commands exited with non-zero exit code; note that snakemake uses bash strict mode!)

Complete log: .snakemake/log/2022-11-06T171202.676837.snakemake.log
