Building DAG of jobs...
Using shell: /usr/bin/bash
Provided cores: 1 (use --cores to define parallelism)
Rules claiming more threads will be scaled down.
Conda environments: ignored
Job stats:
job             count    min threads    max threads
------------  -------  -------------  -------------
PosEffRatios        1              1              1
total               1              1              1

Select jobs to execute...

[Fri Oct 14 13:02:04 2022]
rule PosEffRatios:
    input: LUZ7_peak_calling/LUZ7_enriched_t5.3end.plus.peaks.oracle.narrowPeak.counts.clustered.csv, LUZ7_genome.txt, BAM_files_LUZ7/LUZ7_enriched_t5.sorted.bam
    output: LUZ7_t5_test.txt
    jobid: 0
    reason: Missing output files: LUZ7_t5_test.txt
    wildcards: phage=LUZ7, ident=t5
    resources: tmpdir=/tmp

Terminating processes on user request, this might take some time.
[Fri Oct 14 13:02:33 2022]
Error in rule PosEffRatios:
    jobid: 0
    output: LUZ7_t5_test.txt
    shell:
        
        bedFile=$(bedtools bamtobed -i BAM_files_LUZ7/LUZ7_enriched_t5.sorted.bam | sort -k1,1 -k2,2n)
        posBedFile=$(grep -w "+" <(echo "$bedFile"))

        sort -t ',' -k15 -n -u | awk -F ',' 'NR>1 {print $2, $15}' | while read -r chr peak;
        do
            echo "$peak"
        done
        
        (one of the commands exited with non-zero exit code; note that snakemake uses bash strict mode!)

Complete log: .snakemake/log/2022-10-14T130204.541020.snakemake.log
