Building DAG of jobs...
Using shell: /usr/bin/bash
Provided cores: 1 (use --cores to define parallelism)
Rules claiming more threads will be scaled down.
Conda environments: ignored
Job stats:
job                                   count    min threads    max threads
----------------------------------  -------  -------------  -------------
all                                       1              1              1
getAllOverlappingPeaks                    1              1              1
getInformationFromOverlappingPeaks        1              1              1
getOverlappingPeaksWithError              2              1              1
total                                     5              1              1

Select jobs to execute...

[Wed Oct 12 12:04:51 2022]
rule getOverlappingPeaksWithError:
    input: LUZ7_t5_remainingPeaks.plus.csv, LUZ7_t5_enrichedPeaks.plus.csv
    output: LUZ7_t5_overlapping_peaks_lower_1.plus.csv
    jobid: 28
    reason: Missing output files: LUZ7_t5_overlapping_peaks_lower_1.plus.csv
    wildcards: phage=LUZ7, ident=t5, symb=lower, error=1, sign=plus
    resources: tmpdir=/tmp

[Wed Oct 12 12:04:51 2022]
Error in rule getOverlappingPeaksWithError:
    jobid: 28
    output: LUZ7_t5_overlapping_peaks_lower_1.plus.csv
    shell:
        
        errorPeaks=$(awk -F ',' '{print $1-1}' LUZ7_t5_remainingPeaks.plus.csv)
        test = $(grep -Fx -f LUZ7_t5_enrichedPeaks.plus.csv <(echo "$errorPeaks")||echo "")
        echo "$test"
        grep -Fx -f LUZ7_t5_enrichedPeaks.plus.csv <(echo "$errorPeaks")||echo " " > LUZ7_t5_overlapping_peaks_lower_1.plus.csv
        
        (one of the commands exited with non-zero exit code; note that snakemake uses bash strict mode!)

Shutting down, this might take some time.
Exiting because a job execution failed. Look above for error message
Complete log: .snakemake/log/2022-10-12T120450.661127.snakemake.log
