Building DAG of jobs...
Using shell: /usr/bin/bash
Provided cores: 1 (use --cores to define parallelism)
Rules claiming more threads will be scaled down.
Conda environments: ignored
Job stats:
job                                   count    min threads    max threads
----------------------------------  -------  -------------  -------------
PosPeaksToBedFile                         1              1              1
clusterReads                              2              1              1
createNotebook                            1              1              1
extractSequencesTSS                       1              1              1
getAllOverlappingPeaks                    1              1              1
getInformationFromOverlappingPeaks        1              1              1
getOverlappingPeaksWithError              4              1              1
getPeaks                                  1              1              1
splitOverlappingPeaks                     1              1              1
total                                    13              1              1

Select jobs to execute...

[Wed Nov  9 19:15:05 2022]
rule clusterReads:
    input: LUZ19_peak_calling/LUZ19_control_one.5end.plus.peaks.oracle.narrowPeak.counts.withTR
    output: LUZ19_peak_calling/LUZ19_control_one.5end.plus.peaks.oracle.narrowPeak.counts.clustered.csv
    jobid: 9
    reason: Params have changed since last execution
    wildcards: phage=LUZ19, prefix=LUZ19_control_one, num=5, sign=plus
    resources: tmpdir=/tmp

[Wed Nov  9 19:15:06 2022]
Finished job 9.
1 of 13 steps (8%) done
Select jobs to execute...

[Wed Nov  9 19:15:06 2022]
rule clusterReads:
    input: LUZ19_peak_calling/LUZ19_enriched_one.5end.plus.peaks.oracle.narrowPeak.counts.withTR
    output: LUZ19_peak_calling/LUZ19_enriched_one.5end.plus.peaks.oracle.narrowPeak.counts.clustered.csv
    jobid: 4
    reason: Params have changed since last execution
    wildcards: phage=LUZ19, prefix=LUZ19_enriched_one, num=5, sign=plus
    resources: tmpdir=/tmp

[Wed Nov  9 19:15:07 2022]
Finished job 4.
2 of 13 steps (15%) done
Select jobs to execute...

[Wed Nov  9 19:15:07 2022]
rule getPeaks:
    input: LUZ19_peak_calling/LUZ19_enriched_one.5end.plus.peaks.oracle.narrowPeak.counts.clustered.csv, LUZ19_peak_calling/LUZ19_control_one.5end.plus.peaks.oracle.narrowPeak.counts.clustered.csv
    output: LUZ19_one_enrichedPeaks.plus.csv, LUZ19_one_controlPeaks.plus.csv
    jobid: 16
    reason: Missing output files: LUZ19_one_enrichedPeaks.plus.csv, LUZ19_one_controlPeaks.plus.csv; Input files updated by another job: LUZ19_peak_calling/LUZ19_enriched_one.5end.plus.peaks.oracle.narrowPeak.counts.clustered.csv, LUZ19_peak_calling/LUZ19_control_one.5end.plus.peaks.oracle.narrowPeak.counts.clustered.csv
    wildcards: phage=LUZ19, ident=one, sign=plus
    resources: tmpdir=/tmp

[Wed Nov  9 19:15:08 2022]
Finished job 16.
3 of 13 steps (23%) done
Select jobs to execute...

[Wed Nov  9 19:15:08 2022]
rule splitOverlappingPeaks:
    input: LUZ19_one_enrichedPeaks.plus.csv, LUZ19_one_controlPeaks.plus.csv
    output: LUZ19_one_overlapping_peaks.plus.csv, LUZ19_one_remainingPeaks.plus.csv
    jobid: 15
    reason: Missing output files: LUZ19_one_remainingPeaks.plus.csv, LUZ19_one_overlapping_peaks.plus.csv; Input files updated by another job: LUZ19_one_enrichedPeaks.plus.csv, LUZ19_one_controlPeaks.plus.csv
    wildcards: phage=LUZ19, ident=one, sign=plus
    resources: tmpdir=/tmp

Terminating processes on user request, this might take some time.
Complete log: .snakemake/log/2022-11-09T191504.756237.snakemake.log
