Building DAG of jobs...
Using shell: /usr/bin/bash
Provided cores: 1 (use --cores to define parallelism)
Rules claiming more threads will be scaled down.
Conda environments: ignored
Job stats:
job                            count    min threads    max threads
---------------------------  -------  -------------  -------------
getRandomSequencesFromFasta        1              1              1
total                              1              1              1

Select jobs to execute...

[Wed Nov 16 11:11:39 2022]
rule getRandomSequencesFromFasta:
    output: TSS_LUZ7_t5/random_seq_LUZ7_t5.fa.out
    jobid: 0
    reason: Missing output files: TSS_LUZ7_t5/random_seq_LUZ7_t5.fa.out
    wildcards: TxS=TSS, phage=LUZ7, ident=t5
    resources: tmpdir=/tmp

[Wed Nov 16 11:11:40 2022]
Finished job 0.
1 of 1 steps (100%) done
Complete log: .snakemake/log/2022-11-16T111139.431327.snakemake.log
