Building DAG of jobs...
Using shell: /usr/bin/bash
Provided cores: 1 (use --cores to define parallelism)
Rules claiming more threads will be scaled down.
Conda environments: ignored
Job stats:
job                                   count    min threads    max threads
----------------------------------  -------  -------------  -------------
PosPeaksToBedFile                         1              1              1
addTotalReadsToCounts                     2              1              1
clipping                                  2              1              1
clusterReads                              2              1              1
combineCovAndPeaks                        2              1              1
createGenomecov                           2              1              1
createNotebook                            1              1              1
cutadapt                                  2              1              1
extractSequencesTSS                       1              1              1
getAllOverlappingPeaks                    1              1              1
getInformationFromOverlappingPeaks        1              1              1
getOverlappingPeaksWithError              4              1              1
getPeaks                                  1              1              1
minimap2                                  2              1              1
pychopper                                 1              1              1
samToBam                                  2              1              1
sortBam                                   2              1              1
splitOverlappingPeaks                     1              1              1
termseqPeakCalling                        2              1              1
total                                    32              1              1

Select jobs to execute...

[Sun Nov  6 16:23:00 2022]
rule pychopper:
    output: pychopper_LUZ7_t5/LUZ7_enriched_t5_full_length_output.fq, pychopper_LUZ7_t5/LUZ7_control_t5_full_length_output.fq
    jobid: 14
    reason: Forced execution
    resources: tmpdir=/tmp

[Sun Nov  6 16:32:50 2022]
Finished job 14.
1 of 32 steps (3%) done
Select jobs to execute...

[Sun Nov  6 16:32:50 2022]
rule cutadapt:
    input: pychopper_LUZ7_t5/LUZ7_enriched_t5_full_length_output.fq
    output: LUZ7_enriched_t5_cutadapt.fq
    jobid: 13
    reason: Missing output files: LUZ7_enriched_t5_cutadapt.fq; Input files updated by another job: pychopper_LUZ7_t5/LUZ7_enriched_t5_full_length_output.fq
    wildcards: phage=LUZ7, cond=enriched, ident=t5
    resources: tmpdir=/tmp

[Sun Nov  6 16:33:01 2022]
Finished job 13.
2 of 32 steps (6%) done
Select jobs to execute...

[Sun Nov  6 16:33:01 2022]
rule minimap2:
    input: LUZ7_enriched_t5_cutadapt.fq
    output: LUZ7_enriched_t5_minimap.sam
    jobid: 12
    reason: Missing output files: LUZ7_enriched_t5_minimap.sam; Input files updated by another job: LUZ7_enriched_t5_cutadapt.fq
    wildcards: phage=LUZ7, cond=enriched, ident=t5
    resources: tmpdir=/tmp

[Sun Nov  6 16:33:03 2022]
Finished job 12.
3 of 32 steps (9%) done
Select jobs to execute...

[Sun Nov  6 16:33:03 2022]
rule clipping:
    input: LUZ7_enriched_t5_minimap.sam, phiKZ.fasta.fai
    output: LUZ7_enriched_t5_clipped.sam
    jobid: 11
    reason: Missing output files: LUZ7_enriched_t5_clipped.sam; Input files updated by another job: LUZ7_enriched_t5_minimap.sam
    wildcards: phage=LUZ7, cond=enriched, ident=t5
    resources: tmpdir=/tmp

[Sun Nov  6 16:33:03 2022]
Finished job 11.
4 of 32 steps (12%) done
Select jobs to execute...

[Sun Nov  6 16:33:03 2022]
rule samToBam:
    input: LUZ7_enriched_t5_clipped.sam
    output: LUZ7_enriched_t5.bam
    jobid: 10
    reason: Missing output files: LUZ7_enriched_t5.bam; Input files updated by another job: LUZ7_enriched_t5_clipped.sam
    wildcards: phage=LUZ7, cond=enriched, ident=t5
    resources: tmpdir=/tmp

[Sun Nov  6 16:33:04 2022]
Finished job 10.
5 of 32 steps (16%) done
Removing temporary output LUZ7_enriched_t5_clipped.sam.
Select jobs to execute...

[Sun Nov  6 16:33:04 2022]
rule sortBam:
    input: LUZ7_enriched_t5.bam
    output: BAM_files_LUZ7/LUZ7_enriched_t5.sorted.bam
    jobid: 9
    reason: Missing output files: BAM_files_LUZ7/LUZ7_enriched_t5.sorted.bam; Input files updated by another job: LUZ7_enriched_t5.bam
    wildcards: phage=LUZ7, cond=enriched, ident=t5
    resources: tmpdir=/tmp

[Sun Nov  6 16:33:04 2022]
Finished job 9.
6 of 32 steps (19%) done
Removing temporary output LUZ7_enriched_t5.bam.
Select jobs to execute...

[Sun Nov  6 16:33:04 2022]
rule createGenomecov:
    input: BAM_files_LUZ7/LUZ7_enriched_t5.sorted.bam
    output: LUZ7_peak_calling/LUZ7_enriched_t5.5end.plus.bedgraph
    jobid: 8
    reason: Input files updated by another job: BAM_files_LUZ7/LUZ7_enriched_t5.sorted.bam
    wildcards: phage=LUZ7, prefix=LUZ7_enriched_t5, num=5, sign=plus
    resources: tmpdir=/tmp

[Sun Nov  6 16:33:04 2022]
Finished job 8.
7 of 32 steps (22%) done
Select jobs to execute...

[Sun Nov  6 16:33:04 2022]
rule termseqPeakCalling:
    input: LUZ7_peak_calling/LUZ7_enriched_t5.5end.plus.bedgraph
    output: LUZ7_peak_calling/LUZ7_enriched_t5.5end.plus.peaks
    jobid: 7
    reason: Input files updated by another job: LUZ7_peak_calling/LUZ7_enriched_t5.5end.plus.bedgraph
    wildcards: phage=LUZ7, prefix=LUZ7_enriched_t5, num=5, sign=plus
    resources: tmpdir=/tmp

[Sun Nov  6 16:33:10 2022]
Error in rule termseqPeakCalling:
    jobid: 7
    output: LUZ7_peak_calling/LUZ7_enriched_t5.5end.plus.peaks
    conda-env: /mnt/c/Users/danis/Desktop/Thesis/pipeline_snakemake/.snakemake/conda/7b447e8582a8173c56dc4be4511823c2_
    shell:
        
        termseq_peaks LUZ7_peak_calling/LUZ7_enriched_t5.5end.plus.bedgraph LUZ7_peak_calling/LUZ7_enriched_t5.5end.plus.bedgraph --peaks LUZ7_peak_calling/LUZ7_enriched_t5.5end.plus.peaks --strand + -t 0.05
        
        (one of the commands exited with non-zero exit code; note that snakemake uses bash strict mode!)

Shutting down, this might take some time.
Exiting because a job execution failed. Look above for error message
Complete log: .snakemake/log/2022-11-06T162259.949433.snakemake.log
