Building DAG of jobs...
Using shell: /usr/bin/bash
Provided cores: 1 (use --cores to define parallelism)
Rules claiming more threads will be scaled down.
Conda environments: ignored
Job stats:
job               count    min threads    max threads
--------------  -------  -------------  -------------
createNotebook        1              1              1
total                 1              1              1

Select jobs to execute...

[Mon Oct 17 13:45:46 2022]
rule createNotebook:
    input: TSS_LUZ7_t5/TSS_seq_LUZ7_enriched_t5.minus.fa.out
    output: TSS_LUZ7_t5/LUZ7_t5.minus.png, TSS_LUZ7_t5/LUZ7_t5.minus.csv
    log: logs/notebooks/LUZ7_t5.minus.ipynb
    jobid: 0
    reason: Missing output files: TSS_LUZ7_t5/LUZ7_t5.minus.png
    wildcards: phage=LUZ7, ident=t5, sign=minus
    resources: tmpdir=/tmp

[Mon Oct 17 13:45:52 2022]
Error in rule createNotebook:
    jobid: 0
    output: TSS_LUZ7_t5/LUZ7_t5.minus.png, TSS_LUZ7_t5/LUZ7_t5.minus.csv
    log: logs/notebooks/LUZ7_t5.minus.ipynb (check log file(s) for error message)

RuleException:
CalledProcessErrorin line 6 of /mnt/c/Users/danis/Desktop/Thesis/pipeline_snakemake/workflow/rules/notebookStructuralProperties.smk:
Command 'set -euo pipefail;  jupyter-nbconvert --log-level ERROR --execute --output /mnt/c/Users/danis/Desktop/Thesis/pipeline_snakemake/logs/notebooks/LUZ7_t5.minus.ipynb --to notebook --ExecutePreprocessor.timeout=-1 /mnt/c/Users/danis/Desktop/Thesis/pipeline_snakemake/.snakemake/scripts/tmpct7ptyu_.structuralProperties.py.ipynb' returned non-zero exit status 1.
  File "/mnt/c/Users/danis/Desktop/Thesis/pipeline_snakemake/workflow/rules/notebookStructuralProperties.smk", line 6, in __rule_createNotebook
  File "/home/yostrich/anaconda3/envs/snakemake/lib/python3.10/concurrent/futures/thread.py", line 58, in run
Shutting down, this might take some time.
Exiting because a job execution failed. Look above for error message
Complete log: .snakemake/log/2022-10-17T134546.380069.snakemake.log
