Building DAG of jobs...
Using shell: /usr/bin/bash
Provided cores: 1 (use --cores to define parallelism)
Rules claiming more threads will be scaled down.
Conda environments: ignored
Job stats:
job                    count    min threads    max threads
-------------------  -------  -------------  -------------
NegPeaksToBedFile          1              1              1
PosPeaksToBedFile          1              1              1
all                        1              1              1
extractSequencesTSS        2              1              1
total                      5              1              1

Select jobs to execute...

[Mon Oct 17 13:06:57 2022]
rule PosPeaksToBedFile:
    input: TSS_LUZ7_t5/enr_ratios_LUZ7_t5.plus.csv
    output: TSS_LUZ7_t5/LUZ7_enriched_t5_peaks.plus.bed, TSS_LUZ7_t5/LUZ7_control_t5_peaks.plus.bed
    jobid: 2
    reason: Missing output files: TSS_LUZ7_t5/LUZ7_enriched_t5_peaks.plus.bed; Params have changed since last execution
    wildcards: phage=LUZ7, ident=t5
    resources: tmpdir=/tmp

[Mon Oct 17 13:06:57 2022]
Finished job 2.
1 of 5 steps (20%) done
Removing temporary output TSS_LUZ7_t5/LUZ7_control_t5_peaks.plus.bed.
Select jobs to execute...

[Mon Oct 17 13:06:57 2022]
rule extractSequencesTSS:
    input: TSS_LUZ7_t5/LUZ7_enriched_t5_peaks.plus.bed
    output: TSS_LUZ7_t5/TSS_seq_LUZ7_enriched_t5.plus.fa.out
    jobid: 1
    reason: Input files updated by another job: TSS_LUZ7_t5/LUZ7_enriched_t5_peaks.plus.bed
    wildcards: phage=LUZ7, ident=t5, cond=enriched, sign=plus
    resources: tmpdir=/tmp

[Mon Oct 17 13:06:57 2022]
Finished job 1.
2 of 5 steps (40%) done
Removing temporary output TSS_LUZ7_t5/LUZ7_enriched_t5_peaks.plus.bed.
Select jobs to execute...

[Mon Oct 17 13:06:57 2022]
rule NegPeaksToBedFile:
    input: TSS_LUZ7_t5/enr_ratios_LUZ7_t5.minus.csv
    output: TSS_LUZ7_t5/LUZ7_enriched_t5_peaks.minus.bed, TSS_LUZ7_t5/LUZ7_control_t5_peaks.minus.bed
    jobid: 34
    reason: Missing output files: TSS_LUZ7_t5/LUZ7_enriched_t5_peaks.minus.bed; Params have changed since last execution
    wildcards: phage=LUZ7, ident=t5
    resources: tmpdir=/tmp

[Mon Oct 17 13:06:57 2022]
Finished job 34.
3 of 5 steps (60%) done
Removing temporary output TSS_LUZ7_t5/LUZ7_control_t5_peaks.minus.bed.
Select jobs to execute...

[Mon Oct 17 13:06:57 2022]
rule extractSequencesTSS:
    input: TSS_LUZ7_t5/LUZ7_enriched_t5_peaks.minus.bed
    output: TSS_LUZ7_t5/TSS_seq_LUZ7_enriched_t5.minus.fa.out
    jobid: 33
    reason: Input files updated by another job: TSS_LUZ7_t5/LUZ7_enriched_t5_peaks.minus.bed
    wildcards: phage=LUZ7, ident=t5, cond=enriched, sign=minus
    resources: tmpdir=/tmp

[Mon Oct 17 13:06:57 2022]
Finished job 33.
4 of 5 steps (80%) done
Removing temporary output TSS_LUZ7_t5/LUZ7_enriched_t5_peaks.minus.bed.
Select jobs to execute...

[Mon Oct 17 13:06:57 2022]
localrule all:
    input: TSS_LUZ7_t5/TSS_seq_LUZ7_enriched_t5.plus.fa.out, TSS_LUZ7_t5/TSS_seq_LUZ7_enriched_t5.minus.fa.out, TTS_LUZ7_t5/TTS_seq_LUZ7_t5.plus.fa.out, TTS_LUZ7_t5/TTS_seq_LUZ7_t5.minus.fa.out
    jobid: 0
    reason: Input files updated by another job: TSS_LUZ7_t5/TSS_seq_LUZ7_enriched_t5.plus.fa.out, TSS_LUZ7_t5/TSS_seq_LUZ7_enriched_t5.minus.fa.out
    resources: tmpdir=/tmp

[Mon Oct 17 13:06:57 2022]
Finished job 0.
5 of 5 steps (100%) done
Complete log: .snakemake/log/2022-10-17T130656.129794.snakemake.log
