Building DAG of jobs...
Using shell: /usr/bin/bash
Provided cores: 1 (use --cores to define parallelism)
Rules claiming more threads will be scaled down.
Conda environments: ignored
Job stats:
job                                   count    min threads    max threads
----------------------------------  -------  -------------  -------------
all                                       1              1              1
getAllOverlappingPeaks                    1              1              1
getInformationFromOverlappingPeaks        1              1              1
getOverlappingPeaksWithError              2              1              1
getPeaks                                  1              1              1
splitOverlappingPeaks                     1              1              1
total                                     7              1              1

Select jobs to execute...

[Wed Oct 12 12:06:22 2022]
rule getPeaks:
    input: LUZ7_peak_calling/LUZ7_enriched_t5.5end.plus.peaks.oracle.narrowPeak.counts.clustered.csv, LUZ7_peak_calling/LUZ7_control_t5.5end.plus.peaks.oracle.narrowPeak.counts.clustered.csv
    output: LUZ7_t5_enrichedPeaks.plus.csv, LUZ7_t5_controlPeaks.plus.csv
    jobid: 27
    reason: Missing output files: LUZ7_t5_controlPeaks.plus.csv, LUZ7_t5_enrichedPeaks.plus.csv
    wildcards: phage=LUZ7, ident=t5, sign=plus
    resources: tmpdir=/tmp

[Wed Oct 12 12:06:23 2022]
Finished job 27.
1 of 7 steps (14%) done
Select jobs to execute...

[Wed Oct 12 12:06:23 2022]
rule splitOverlappingPeaks:
    input: LUZ7_t5_enrichedPeaks.plus.csv, LUZ7_t5_controlPeaks.plus.csv
    output: LUZ7_t5_overlappingPeaks.plus.csv, LUZ7_t5_remainingPeaks.plus.csv
    jobid: 26
    reason: Missing output files: LUZ7_t5_remainingPeaks.plus.csv; Input files updated by another job: LUZ7_t5_controlPeaks.plus.csv, LUZ7_t5_enrichedPeaks.plus.csv
    wildcards: phage=LUZ7, ident=t5, sign=plus
    resources: tmpdir=/tmp

[Wed Oct 12 12:06:23 2022]
Finished job 26.
2 of 7 steps (29%) done
Select jobs to execute...

[Wed Oct 12 12:06:23 2022]
rule getOverlappingPeaksWithError:
    input: LUZ7_t5_remainingPeaks.plus.csv, LUZ7_t5_enrichedPeaks.plus.csv
    output: LUZ7_t5_overlapping_peaks_lower_1.plus.csv
    jobid: 28
    reason: Missing output files: LUZ7_t5_overlapping_peaks_lower_1.plus.csv; Input files updated by another job: LUZ7_t5_remainingPeaks.plus.csv, LUZ7_t5_enrichedPeaks.plus.csv
    wildcards: phage=LUZ7, ident=t5, symb=lower, error=1, sign=plus
    resources: tmpdir=/tmp

Waiting at most 5 seconds for missing files.
MissingOutputException in rule getOverlappingPeaksWithError in line 21 of /mnt/c/Users/danis/Desktop/Thesis/pipeline_snakemake/workflow/rules/annotateTSS.smk:
Job Missing files after 5 seconds. This might be due to filesystem latency. If that is the case, consider to increase the wait time with --latency-wait:
LUZ7_t5_overlapping_peaks_lower_1.plus.csv completed successfully, but some output files are missing. 28
Shutting down, this might take some time.
Exiting because a job execution failed. Look above for error message
Complete log: .snakemake/log/2022-10-12T120622.584914.snakemake.log
