Building DAG of jobs...
Using shell: /usr/bin/bash
Provided cores: 1 (use --cores to define parallelism)
Rules claiming more threads will be scaled down.
Conda environments: ignored
Job stats:
job         count    min threads    max threads
--------  -------  -------------  -------------
samToBam        1              1              1
total           1              1              1

Select jobs to execute...

[Wed Oct  5 01:10:25 2022]
rule samToBam:
    input: LUZ7_enriched_t5_clipped.sam
    output: LUZ7_enriched_t5.sorted.bam
    jobid: 0
    reason: Missing output files: LUZ7_enriched_t5.sorted.bam
    wildcards: phage=LUZ7, cond=enriched, ident=t5
    resources: tmpdir=/tmp

[Wed Oct  5 01:10:28 2022]
Error in rule samToBam:
    jobid: 0
    output: LUZ7_enriched_t5.sorted.bam
    shell:
        
        BAM=$(samtools view -q 30 -S -b LUZ7_enriched_t5_clipped.sam)
        samtools sort <(echo "$BAM") -o  LUZ7_enriched_t5.sorted.bam
        
        (one of the commands exited with non-zero exit code; note that snakemake uses bash strict mode!)

Shutting down, this might take some time.
Exiting because a job execution failed. Look above for error message
Complete log: .snakemake/log/2022-10-05T011025.058017.snakemake.log
