Building DAG of jobs...
Using shell: /usr/bin/bash
Provided cores: 1 (use --cores to define parallelism)
Rules claiming more threads will be scaled down.
Conda environments: ignored
Job stats:
job                      count    min threads    max threads
---------------------  -------  -------------  -------------
addTotalReadsToCounts        2              1              1
all                          1              1              1
clusterReads                 2              1              1
combineCovAndPeaks           2              1              1
createGenomecov              2              1              1
getEnrichmentRatios          1              1              1
termseqPeakCalling           2              1              1
total                       12              1              1

Select jobs to execute...

[Thu Oct  6 00:26:54 2022]
rule createGenomecov:
    input: BAM_files_LUZ7/LUZ7_control_t5.sorted.bam
    output: LUZ7_peak_calling/LUZ7_control_t5.5end.plus.bedgraph
    jobid: 18
    reason: Missing output files: LUZ7_peak_calling/LUZ7_control_t5.5end.plus.bedgraph
    wildcards: phage=LUZ7, prefix=LUZ7_control_t5, num=5, sign=plus
    resources: tmpdir=/tmp

[Thu Oct  6 00:26:54 2022]
Finished job 18.
1 of 12 steps (8%) done
Select jobs to execute...

[Thu Oct  6 00:26:54 2022]
rule termseqPeakCalling:
    input: LUZ7_peak_calling/LUZ7_control_t5.5end.plus.bedgraph
    output: LUZ7_peak_calling/LUZ7_control_t5.5end.plus.peaks
    jobid: 17
    reason: Missing output files: LUZ7_peak_calling/LUZ7_control_t5.5end.plus.peaks; Input files updated by another job: LUZ7_peak_calling/LUZ7_control_t5.5end.plus.bedgraph
    wildcards: phage=LUZ7, prefix=LUZ7_control_t5, num=5, sign=plus
    resources: tmpdir=/tmp

[Thu Oct  6 00:26:57 2022]
Finished job 17.
2 of 12 steps (17%) done
Select jobs to execute...

[Thu Oct  6 00:26:57 2022]
rule combineCovAndPeaks:
    input: LUZ7_peak_calling/LUZ7_control_t5.5end.plus.peaks, LUZ7_peak_calling/LUZ7_control_t5.5end.plus.bedgraph
    output: LUZ7_peak_calling/LUZ7_control_t5.5end.plus.peaks.oracle.narrowPeak.counts
    jobid: 16
    reason: Missing output files: LUZ7_peak_calling/LUZ7_control_t5.5end.plus.peaks.oracle.narrowPeak.counts; Input files updated by another job: LUZ7_peak_calling/LUZ7_control_t5.5end.plus.peaks, LUZ7_peak_calling/LUZ7_control_t5.5end.plus.bedgraph
    wildcards: phage=LUZ7, prefix=LUZ7_control_t5, num=5, sign=plus
    resources: tmpdir=/tmp

[Thu Oct  6 00:26:57 2022]
Finished job 16.
3 of 12 steps (25%) done
Select jobs to execute...

[Thu Oct  6 00:26:57 2022]
rule addTotalReadsToCounts:
    input: LUZ7_peak_calling/LUZ7_control_t5.5end.plus.peaks.oracle.narrowPeak.counts, BAM_files_LUZ7/LUZ7_control_t5.sorted.bam
    output: LUZ7_peak_calling/LUZ7_control_t5.5end.plus.peaks.oracle.narrowPeak.counts.withTR
    jobid: 15
    reason: Missing output files: LUZ7_peak_calling/LUZ7_control_t5.5end.plus.peaks.oracle.narrowPeak.counts.withTR; Input files updated by another job: LUZ7_peak_calling/LUZ7_control_t5.5end.plus.peaks.oracle.narrowPeak.counts
    wildcards: phage=LUZ7, prefix=LUZ7_control_t5, num=5, sign=plus
    resources: tmpdir=/tmp

[Thu Oct  6 00:26:57 2022]
Finished job 15.
4 of 12 steps (33%) done
Select jobs to execute...

[Thu Oct  6 00:26:58 2022]
rule clusterReads:
    input: LUZ7_peak_calling/LUZ7_control_t5.5end.plus.peaks.oracle.narrowPeak.counts.withTR
    output: LUZ7_peak_calling/LUZ7_control_t5.5end.plus.peaks.oracle.narrowPeak.counts.clustered.csv
    jobid: 14
    reason: Missing output files: LUZ7_peak_calling/LUZ7_control_t5.5end.plus.peaks.oracle.narrowPeak.counts.clustered.csv; Input files updated by another job: LUZ7_peak_calling/LUZ7_control_t5.5end.plus.peaks.oracle.narrowPeak.counts.withTR
    wildcards: phage=LUZ7, prefix=LUZ7_control_t5, num=5, sign=plus
    resources: tmpdir=/tmp

Terminating processes on user request, this might take some time.
[Thu Oct  6 00:26:58 2022]
Error in rule clusterReads:
    jobid: 14
    output: LUZ7_peak_calling/LUZ7_control_t5.5end.plus.peaks.oracle.narrowPeak.counts.clustered.csv
    shell:
        
        chmod +x peak_clustering.r
        ./peak_clustering.r LUZ7_peak_calling/LUZ7_control_t5.5end.plus.peaks.oracle.narrowPeak.counts.withTR + 10 5 LUZ7_peak_calling/LUZ7_control_t5.5end.plus.peaks.oracle.narrowPeak.counts.clustered.csv
        
        (one of the commands exited with non-zero exit code; note that snakemake uses bash strict mode!)

Complete log: .snakemake/log/2022-10-06T002653.563036.snakemake.log
