Building DAG of jobs...
Using shell: /usr/bin/bash
Provided cores: 1 (use --cores to define parallelism)
Rules claiming more threads will be scaled down.
Conda environments: ignored
Job stats:
job          count    min threads    max threads
---------  -------  -------------  -------------
clipping         1              1              1
cutadapt         1              1              1
minimap2         1              1              1
pychopper        1              1              1
samToBam         1              1              1
sortBam          1              1              1
total            6              1              1

Select jobs to execute...

[Fri Oct 14 10:09:26 2022]
rule pychopper:
    output: pychopper_LUZ71_t5/LUZ71_enriched_t5_full_length_output.fq, pychopper_LUZ71_t5/LUZ71_control_t5_full_length_output.fq
    jobid: 5
    reason: Missing output files: pychopper_LUZ71_t5/LUZ71_enriched_t5_full_length_output.fq
    resources: tmpdir=/tmp

[Fri Oct 14 10:19:36 2022]
Finished job 5.
1 of 6 steps (17%) done
Select jobs to execute...

[Fri Oct 14 10:19:36 2022]
rule cutadapt:
    input: pychopper_LUZ71_t5/LUZ71_enriched_t5_full_length_output.fq
    output: LUZ71_enriched_t5_cutadapt.fq
    jobid: 4
    reason: Missing output files: LUZ71_enriched_t5_cutadapt.fq; Input files updated by another job: pychopper_LUZ71_t5/LUZ71_enriched_t5_full_length_output.fq
    wildcards: phage=LUZ71, cond=enriched, ident=t5
    resources: tmpdir=/tmp

[Fri Oct 14 10:19:46 2022]
Finished job 4.
2 of 6 steps (33%) done
Select jobs to execute...

[Fri Oct 14 10:19:46 2022]
rule minimap2:
    input: LUZ71_enriched_t5_cutadapt.fq
    output: LUZ71_enriched_t5_minimap.sam
    jobid: 3
    reason: Missing output files: LUZ71_enriched_t5_minimap.sam; Input files updated by another job: LUZ71_enriched_t5_cutadapt.fq
    wildcards: phage=LUZ71, cond=enriched, ident=t5
    resources: tmpdir=/tmp

[Fri Oct 14 10:19:48 2022]
Finished job 3.
3 of 6 steps (50%) done
Select jobs to execute...

[Fri Oct 14 10:19:48 2022]
rule clipping:
    input: LUZ71_enriched_t5_minimap.sam, LUZ7.fasta.fai
    output: LUZ71_enriched_t5_clipped.sam
    jobid: 2
    reason: Missing output files: LUZ71_enriched_t5_clipped.sam; Input files updated by another job: LUZ71_enriched_t5_minimap.sam
    wildcards: phage=LUZ71, cond=enriched, ident=t5
    resources: tmpdir=/tmp

[Fri Oct 14 10:19:49 2022]
Finished job 2.
4 of 6 steps (67%) done
Select jobs to execute...

[Fri Oct 14 10:19:49 2022]
rule samToBam:
    input: LUZ71_enriched_t5_clipped.sam
    output: LUZ71_enriched_t5.bam
    jobid: 1
    reason: Missing output files: LUZ71_enriched_t5.bam; Input files updated by another job: LUZ71_enriched_t5_clipped.sam
    wildcards: phage=LUZ71, cond=enriched, ident=t5
    resources: tmpdir=/tmp

[Fri Oct 14 10:19:50 2022]
Finished job 1.
5 of 6 steps (83%) done
Removing temporary output LUZ71_enriched_t5_clipped.sam.
Select jobs to execute...

[Fri Oct 14 10:19:50 2022]
rule sortBam:
    input: LUZ71_enriched_t5.bam
    output: BAM_files_LUZ71/LUZ71_enriched_t5.sorted.bam
    jobid: 0
    reason: Missing output files: BAM_files_LUZ71/LUZ71_enriched_t5.sorted.bam; Input files updated by another job: LUZ71_enriched_t5.bam
    wildcards: phage=LUZ71, cond=enriched, ident=t5
    resources: tmpdir=/tmp

[Fri Oct 14 10:19:51 2022]
Finished job 0.
6 of 6 steps (100%) done
Removing temporary output LUZ71_enriched_t5.bam.
Complete log: .snakemake/log/2022-10-14T100926.168551.snakemake.log
