Building DAG of jobs...
Using shell: /usr/bin/bash
Provided cores: 1 (use --cores to define parallelism)
Rules claiming more threads will be scaled down.
Conda environments: ignored
Job stats:
job                    count    min threads    max threads
-------------------  -------  -------------  -------------
PosPeaksToBedFile          1              1              1
createNotebook             1              1              1
extractSequencesTSS        1              1              1
total                      3              1              1

Select jobs to execute...

[Sun Nov  6 17:26:46 2022]
rule PosPeaksToBedFile:
    input: TSS_LUZ7_t10/enr_ratios_LUZ7_t10.plus.csv
    output: TSS_LUZ7_t10/LUZ7_enriched_t10_peaks.plus.bed, TSS_LUZ7_t10/LUZ7_control_t10_peaks.plus.bed
    jobid: 2
    reason: Missing output files: TSS_LUZ7_t10/LUZ7_enriched_t10_peaks.plus.bed
    wildcards: phage=LUZ7, ident=t10
    resources: tmpdir=/tmp

[Sun Nov  6 17:26:46 2022]
Finished job 2.
1 of 3 steps (33%) done
Removing temporary output TSS_LUZ7_t10/LUZ7_control_t10_peaks.plus.bed.
Select jobs to execute...

[Sun Nov  6 17:26:46 2022]
rule extractSequencesTSS:
    input: TSS_LUZ7_t10/LUZ7_enriched_t10_peaks.plus.bed
    output: TSS_LUZ7_t10/TSS_seq_LUZ7_enriched_t10.plus.fa.out
    jobid: 1
    reason: Input files updated by another job: TSS_LUZ7_t10/LUZ7_enriched_t10_peaks.plus.bed; Params have changed since last execution
    wildcards: phage=LUZ7, ident=t10, cond=enriched, sign=plus
    resources: tmpdir=/tmp

[Sun Nov  6 17:26:46 2022]
Finished job 1.
2 of 3 steps (67%) done
Removing temporary output TSS_LUZ7_t10/LUZ7_enriched_t10_peaks.plus.bed.
Select jobs to execute...

[Sun Nov  6 17:26:46 2022]
rule createNotebook:
    input: TSS_LUZ7_t10/TSS_seq_LUZ7_enriched_t10.plus.fa.out
    output: TSS_LUZ7_t10/structural_properties/LUZ7_t10_curvature.plus.png, TSS_LUZ7_t10/structural_properties/LUZ7_t10_curvature.plus.csv, TSS_LUZ7_t10/structural_properties/LUZ7_t10_stability.plus.png, TSS_LUZ7_t10/structural_properties/LUZ7_t10_stability.plus.csv, TSS_LUZ7_t10/structural_properties/LUZ7_t10_bendability.plus.png, TSS_LUZ7_t10/structural_properties/LUZ7_t10_bendability.plus.csv
    log: logs/notebooks/LUZ7_t10.plus.ipynb
    jobid: 0
    reason: Input files updated by another job: TSS_LUZ7_t10/TSS_seq_LUZ7_enriched_t10.plus.fa.out
    wildcards: phage=LUZ7, ident=t10, sign=plus
    resources: tmpdir=/tmp

[Sun Nov  6 17:26:58 2022]
Finished job 0.
3 of 3 steps (100%) done
Complete log: .snakemake/log/2022-11-06T172645.783617.snakemake.log
