Building DAG of jobs...
Using shell: /usr/bin/bash
Provided cores: 1 (use --cores to define parallelism)
Rules claiming more threads will be scaled down.
Conda environments: ignored
Job stats:
job                  count    min threads    max threads
-----------------  -------  -------------  -------------
PosPeaksToBedFile        1              1              1
all                      1              1              1
total                    2              1              1

Select jobs to execute...

[Wed Oct 12 16:15:02 2022]
rule PosPeaksToBedFile:
    input: TSS_LUZ7_t5/enrRatios_LUZ7_t5.plus.csv
    output: TSS_LUZ7_t5/LUZ7_enriched_t5_peaks.plus.bed, TSS_LUZ7_t5/LUZ7_control_t5_peaks.plus.bed
    jobid: 1
    reason: Missing output files: TSS_LUZ7_t5/LUZ7_enriched_t5_peaks.plus.bed
    wildcards: phage=LUZ7, ident=t5
    resources: tmpdir=/tmp

[Wed Oct 12 16:15:02 2022]
Finished job 1.
1 of 2 steps (50%) done
Select jobs to execute...

[Wed Oct 12 16:15:02 2022]
localrule all:
    input: TSS_LUZ7_t5/LUZ7_enriched_t5_peaks.plus.bed
    jobid: 0
    reason: Input files updated by another job: TSS_LUZ7_t5/LUZ7_enriched_t5_peaks.plus.bed
    resources: tmpdir=/tmp

[Wed Oct 12 16:15:02 2022]
Finished job 0.
2 of 2 steps (100%) done
Complete log: .snakemake/log/2022-10-12T161501.752809.snakemake.log
