Building DAG of jobs...
Using shell: /usr/bin/bash
Provided cores: 1 (use --cores to define parallelism)
Rules claiming more threads will be scaled down.
Conda environments: ignored
Job stats:
job               count    min threads    max threads
--------------  -------  -------------  -------------
createNotebook        1              1              1
total                 1              1              1

Select jobs to execute...

[Wed Nov  9 20:39:16 2022]
rule createNotebook:
    input: TSS_LUZ7_t20/TSS_seq_LUZ7_enriched_t20.minus.fa.out
    output: TSS_LUZ7_t20/structural_properties/LUZ7_t20_curvature.minus.png, TSS_LUZ7_t20/structural_properties/LUZ7_t20_curvature.minus.csv, TSS_LUZ7_t20/structural_properties/LUZ7_t20_stability.minus.png, TSS_LUZ7_t20/structural_properties/LUZ7_t20_stability.minus.csv, TSS_LUZ7_t20/structural_properties/LUZ7_t20_bendability.minus.png, TSS_LUZ7_t20/structural_properties/LUZ7_t20_bendability.minus.csv
    log: logs/notebooks/LUZ7_t20.minus.ipynb
    jobid: 0
    reason: Code has changed since last execution
    wildcards: phage=LUZ7, ident=t20, sign=minus
    resources: tmpdir=/tmp

[Wed Nov  9 20:39:29 2022]
Finished job 0.
1 of 1 steps (100%) done
Complete log: .snakemake/log/2022-11-09T203916.137032.snakemake.log
