Building DAG of jobs...
Using shell: /usr/bin/bash
Provided cores: 1 (use --cores to define parallelism)
Rules claiming more threads will be scaled down.
Conda environments: ignored
Job stats:
job                                   count    min threads    max threads
----------------------------------  -------  -------------  -------------
NegPeaksToBedFile                         1              1              1
PosPeaksToBedFile                         1              1              1
all                                       1              1              1
extractSequences                          2              1              1
getAllOverlappingPeaks                    2              1              1
getInformationFromOverlappingPeaks        2              1              1
getOverlappingPeaksWithError              8              1              1
getPeaks                                  2              1              1
splitOverlappingPeaks                     2              1              1
total                                    21              1              1

Select jobs to execute...

[Fri Oct 14 09:36:58 2022]
rule getPeaks:
    input: LUZ7_peak_calling/LUZ7_enriched_t5.5end.plus.peaks.oracle.narrowPeak.counts.clustered.csv, LUZ7_peak_calling/LUZ7_control_t5.5end.plus.peaks.oracle.narrowPeak.counts.clustered.csv
    output: LUZ7_t5_enrichedPeaks.plus.csv, LUZ7_t5_controlPeaks.plus.csv
    jobid: 28
    reason: Missing output files: LUZ7_t5_controlPeaks.plus.csv, LUZ7_t5_enrichedPeaks.plus.csv
    wildcards: phage=LUZ7, ident=t5, sign=plus
    resources: tmpdir=/tmp

[Fri Oct 14 09:36:58 2022]
Finished job 28.
1 of 21 steps (5%) done
Select jobs to execute...

[Fri Oct 14 09:36:58 2022]
rule splitOverlappingPeaks:
    input: LUZ7_t5_enrichedPeaks.plus.csv, LUZ7_t5_controlPeaks.plus.csv
    output: LUZ7_t5_overlapping_peaks.plus.csv, LUZ7_t5_remainingPeaks.plus.csv
    jobid: 27
    reason: Missing output files: LUZ7_t5_overlapping_peaks.plus.csv, LUZ7_t5_remainingPeaks.plus.csv; Input files updated by another job: LUZ7_t5_controlPeaks.plus.csv, LUZ7_t5_enrichedPeaks.plus.csv
    wildcards: phage=LUZ7, ident=t5, sign=plus
    resources: tmpdir=/tmp

[Fri Oct 14 09:36:58 2022]
Finished job 27.
2 of 21 steps (10%) done
Removing temporary output LUZ7_t5_controlPeaks.plus.csv.
Select jobs to execute...

[Fri Oct 14 09:36:58 2022]
rule getOverlappingPeaksWithError:
    input: LUZ7_t5_remainingPeaks.plus.csv, LUZ7_t5_enrichedPeaks.plus.csv
    output: LUZ7_t5_overlapping_peaks_lower_1.plus.csv
    jobid: 31
    reason: Missing output files: LUZ7_t5_overlapping_peaks_lower_1.plus.csv; Input files updated by another job: LUZ7_t5_enrichedPeaks.plus.csv, LUZ7_t5_remainingPeaks.plus.csv
    wildcards: phage=LUZ7, ident=t5, symb=lower, error=1, sign=plus
    resources: tmpdir=/tmp

[Fri Oct 14 09:36:58 2022]
Finished job 31.
3 of 21 steps (14%) done
Select jobs to execute...

[Fri Oct 14 09:36:58 2022]
rule getOverlappingPeaksWithError:
    input: LUZ7_t5_remainingPeaks.plus.csv, LUZ7_t5_enrichedPeaks.plus.csv
    output: LUZ7_t5_overlapping_peaks_lower_2.plus.csv
    jobid: 32
    reason: Missing output files: LUZ7_t5_overlapping_peaks_lower_2.plus.csv; Input files updated by another job: LUZ7_t5_enrichedPeaks.plus.csv, LUZ7_t5_remainingPeaks.plus.csv
    wildcards: phage=LUZ7, ident=t5, symb=lower, error=2, sign=plus
    resources: tmpdir=/tmp

[Fri Oct 14 09:36:58 2022]
Finished job 32.
4 of 21 steps (19%) done
Select jobs to execute...

[Fri Oct 14 09:36:58 2022]
rule getOverlappingPeaksWithError:
    input: LUZ7_t5_remainingPeaks.plus.csv, LUZ7_t5_enrichedPeaks.plus.csv
    output: LUZ7_t5_overlapping_peaks_higher_1.plus.csv
    jobid: 29
    reason: Missing output files: LUZ7_t5_overlapping_peaks_higher_1.plus.csv; Input files updated by another job: LUZ7_t5_enrichedPeaks.plus.csv, LUZ7_t5_remainingPeaks.plus.csv
    wildcards: phage=LUZ7, ident=t5, symb=higher, error=1, sign=plus
    resources: tmpdir=/tmp

[Fri Oct 14 09:36:58 2022]
Finished job 29.
5 of 21 steps (24%) done
Select jobs to execute...

[Fri Oct 14 09:36:58 2022]
rule getOverlappingPeaksWithError:
    input: LUZ7_t5_remainingPeaks.plus.csv, LUZ7_t5_enrichedPeaks.plus.csv
    output: LUZ7_t5_overlapping_peaks_higher_2.plus.csv
    jobid: 30
    reason: Missing output files: LUZ7_t5_overlapping_peaks_higher_2.plus.csv; Input files updated by another job: LUZ7_t5_enrichedPeaks.plus.csv, LUZ7_t5_remainingPeaks.plus.csv
    wildcards: phage=LUZ7, ident=t5, symb=higher, error=2, sign=plus
    resources: tmpdir=/tmp

[Fri Oct 14 09:36:58 2022]
Finished job 30.
6 of 21 steps (29%) done
Removing temporary output LUZ7_t5_remainingPeaks.plus.csv.
Removing temporary output LUZ7_t5_enrichedPeaks.plus.csv.
Select jobs to execute...

[Fri Oct 14 09:36:58 2022]
rule getAllOverlappingPeaks:
    input: LUZ7_t5_overlapping_peaks.plus.csv, LUZ7_t5_overlapping_peaks_higher_1.plus.csv, LUZ7_t5_overlapping_peaks_higher_2.plus.csv, LUZ7_t5_overlapping_peaks_lower_1.plus.csv, LUZ7_t5_overlapping_peaks_lower_2.plus.csv
    output: LUZ7_t5_all_overlapping_peaks.plus.csv
    jobid: 26
    reason: Missing output files: LUZ7_t5_all_overlapping_peaks.plus.csv; Input files updated by another job: LUZ7_t5_overlapping_peaks_lower_1.plus.csv, LUZ7_t5_overlapping_peaks.plus.csv, LUZ7_t5_overlapping_peaks_lower_2.plus.csv, LUZ7_t5_overlapping_peaks_higher_2.plus.csv, LUZ7_t5_overlapping_peaks_higher_1.plus.csv
    wildcards: phage=LUZ7, ident=t5, sign=plus
    resources: tmpdir=/tmp

[Fri Oct 14 09:36:58 2022]
Finished job 26.
7 of 21 steps (33%) done
Removing temporary output LUZ7_t5_overlapping_peaks.plus.csv.
Removing temporary output LUZ7_t5_overlapping_peaks_higher_1.plus.csv.
Removing temporary output LUZ7_t5_overlapping_peaks_higher_2.plus.csv.
Removing temporary output LUZ7_t5_overlapping_peaks_lower_1.plus.csv.
Removing temporary output LUZ7_t5_overlapping_peaks_lower_2.plus.csv.
Select jobs to execute...

[Fri Oct 14 09:36:58 2022]
rule getInformationFromOverlappingPeaks:
    input: LUZ7_peak_calling/LUZ7_enriched_t5.5end.plus.peaks.oracle.narrowPeak.counts.clustered.csv, LUZ7_peak_calling/LUZ7_control_t5.5end.plus.peaks.oracle.narrowPeak.counts.clustered.csv, LUZ7_t5_all_overlapping_peaks.plus.csv
    output: TSS_LUZ7_t5/enr_ratios_LUZ7_t5.plus.csv
    jobid: 3
    reason: Missing output files: TSS_LUZ7_t5/enr_ratios_LUZ7_t5.plus.csv; Input files updated by another job: LUZ7_t5_all_overlapping_peaks.plus.csv
    wildcards: phage=LUZ7, ident=t5, sign=plus
    resources: tmpdir=/tmp

[Fri Oct 14 09:36:59 2022]
Finished job 3.
8 of 21 steps (38%) done
Removing temporary output LUZ7_t5_all_overlapping_peaks.plus.csv.
Select jobs to execute...

[Fri Oct 14 09:36:59 2022]
rule PosPeaksToBedFile:
    input: TSS_LUZ7_t5/enr_ratios_LUZ7_t5.plus.csv
    output: TSS_LUZ7_t5/LUZ7_enriched_t5_peaks.plus.bed, TSS_LUZ7_t5/LUZ7_control_t5_peaks.plus.bed
    jobid: 2
    reason: Missing output files: TSS_LUZ7_t5/LUZ7_enriched_t5_peaks.plus.bed; Input files updated by another job: TSS_LUZ7_t5/enr_ratios_LUZ7_t5.plus.csv; Set of input files has changed since last execution
    wildcards: phage=LUZ7, ident=t5
    resources: tmpdir=/tmp

[Fri Oct 14 09:36:59 2022]
Finished job 2.
9 of 21 steps (43%) done
Removing temporary output TSS_LUZ7_t5/LUZ7_control_t5_peaks.plus.bed.
Select jobs to execute...

[Fri Oct 14 09:36:59 2022]
rule extractSequences:
    input: TSS_LUZ7_t5/LUZ7_enriched_t5_peaks.plus.bed
    output: TSS_LUZ7_t5/TSS_seq_LUZ7_enriched_t5.plus.fa.out
    jobid: 1
    reason: Missing output files: TSS_LUZ7_t5/TSS_seq_LUZ7_enriched_t5.plus.fa.out; Input files updated by another job: TSS_LUZ7_t5/LUZ7_enriched_t5_peaks.plus.bed
    wildcards: phage=LUZ7, ident=t5, cond=enriched, sign=plus
    resources: tmpdir=/tmp

[Fri Oct 14 09:36:59 2022]
Finished job 1.
10 of 21 steps (48%) done
Removing temporary output TSS_LUZ7_t5/LUZ7_enriched_t5_peaks.plus.bed.
Select jobs to execute...

[Fri Oct 14 09:36:59 2022]
rule getPeaks:
    input: LUZ7_peak_calling/LUZ7_enriched_t5.5end.minus.peaks.oracle.narrowPeak.counts.clustered.csv, LUZ7_peak_calling/LUZ7_control_t5.5end.minus.peaks.oracle.narrowPeak.counts.clustered.csv
    output: LUZ7_t5_enrichedPeaks.minus.csv, LUZ7_t5_controlPeaks.minus.csv
    jobid: 48
    reason: Missing output files: LUZ7_t5_controlPeaks.minus.csv, LUZ7_t5_enrichedPeaks.minus.csv
    wildcards: phage=LUZ7, ident=t5, sign=minus
    resources: tmpdir=/tmp

[Fri Oct 14 09:36:59 2022]
Finished job 48.
11 of 21 steps (52%) done
Select jobs to execute...

[Fri Oct 14 09:36:59 2022]
rule splitOverlappingPeaks:
    input: LUZ7_t5_enrichedPeaks.minus.csv, LUZ7_t5_controlPeaks.minus.csv
    output: LUZ7_t5_overlapping_peaks.minus.csv, LUZ7_t5_remainingPeaks.minus.csv
    jobid: 47
    reason: Missing output files: LUZ7_t5_remainingPeaks.minus.csv, LUZ7_t5_overlapping_peaks.minus.csv; Input files updated by another job: LUZ7_t5_controlPeaks.minus.csv, LUZ7_t5_enrichedPeaks.minus.csv
    wildcards: phage=LUZ7, ident=t5, sign=minus
    resources: tmpdir=/tmp

[Fri Oct 14 09:36:59 2022]
Finished job 47.
12 of 21 steps (57%) done
Removing temporary output LUZ7_t5_controlPeaks.minus.csv.
Select jobs to execute...

[Fri Oct 14 09:37:00 2022]
rule getOverlappingPeaksWithError:
    input: LUZ7_t5_remainingPeaks.minus.csv, LUZ7_t5_enrichedPeaks.minus.csv
    output: LUZ7_t5_overlapping_peaks_lower_1.minus.csv
    jobid: 51
    reason: Missing output files: LUZ7_t5_overlapping_peaks_lower_1.minus.csv; Input files updated by another job: LUZ7_t5_remainingPeaks.minus.csv, LUZ7_t5_enrichedPeaks.minus.csv
    wildcards: phage=LUZ7, ident=t5, symb=lower, error=1, sign=minus
    resources: tmpdir=/tmp

[Fri Oct 14 09:37:00 2022]
Finished job 51.
13 of 21 steps (62%) done
Select jobs to execute...

[Fri Oct 14 09:37:00 2022]
rule getOverlappingPeaksWithError:
    input: LUZ7_t5_remainingPeaks.minus.csv, LUZ7_t5_enrichedPeaks.minus.csv
    output: LUZ7_t5_overlapping_peaks_higher_2.minus.csv
    jobid: 50
    reason: Missing output files: LUZ7_t5_overlapping_peaks_higher_2.minus.csv; Input files updated by another job: LUZ7_t5_remainingPeaks.minus.csv, LUZ7_t5_enrichedPeaks.minus.csv
    wildcards: phage=LUZ7, ident=t5, symb=higher, error=2, sign=minus
    resources: tmpdir=/tmp

[Fri Oct 14 09:37:00 2022]
Finished job 50.
14 of 21 steps (67%) done
Select jobs to execute...

[Fri Oct 14 09:37:00 2022]
rule getOverlappingPeaksWithError:
    input: LUZ7_t5_remainingPeaks.minus.csv, LUZ7_t5_enrichedPeaks.minus.csv
    output: LUZ7_t5_overlapping_peaks_lower_2.minus.csv
    jobid: 52
    reason: Missing output files: LUZ7_t5_overlapping_peaks_lower_2.minus.csv; Input files updated by another job: LUZ7_t5_remainingPeaks.minus.csv, LUZ7_t5_enrichedPeaks.minus.csv
    wildcards: phage=LUZ7, ident=t5, symb=lower, error=2, sign=minus
    resources: tmpdir=/tmp

[Fri Oct 14 09:37:00 2022]
Finished job 52.
15 of 21 steps (71%) done
Select jobs to execute...

[Fri Oct 14 09:37:00 2022]
rule getOverlappingPeaksWithError:
    input: LUZ7_t5_remainingPeaks.minus.csv, LUZ7_t5_enrichedPeaks.minus.csv
    output: LUZ7_t5_overlapping_peaks_higher_1.minus.csv
    jobid: 49
    reason: Missing output files: LUZ7_t5_overlapping_peaks_higher_1.minus.csv; Input files updated by another job: LUZ7_t5_remainingPeaks.minus.csv, LUZ7_t5_enrichedPeaks.minus.csv
    wildcards: phage=LUZ7, ident=t5, symb=higher, error=1, sign=minus
    resources: tmpdir=/tmp

[Fri Oct 14 09:37:00 2022]
Finished job 49.
16 of 21 steps (76%) done
Removing temporary output LUZ7_t5_remainingPeaks.minus.csv.
Removing temporary output LUZ7_t5_enrichedPeaks.minus.csv.
Select jobs to execute...

[Fri Oct 14 09:37:00 2022]
rule getAllOverlappingPeaks:
    input: LUZ7_t5_overlapping_peaks.minus.csv, LUZ7_t5_overlapping_peaks_higher_1.minus.csv, LUZ7_t5_overlapping_peaks_higher_2.minus.csv, LUZ7_t5_overlapping_peaks_lower_1.minus.csv, LUZ7_t5_overlapping_peaks_lower_2.minus.csv
    output: LUZ7_t5_all_overlapping_peaks.minus.csv
    jobid: 46
    reason: Missing output files: LUZ7_t5_all_overlapping_peaks.minus.csv; Input files updated by another job: LUZ7_t5_overlapping_peaks_lower_2.minus.csv, LUZ7_t5_overlapping_peaks_higher_2.minus.csv, LUZ7_t5_overlapping_peaks_lower_1.minus.csv, LUZ7_t5_overlapping_peaks_higher_1.minus.csv, LUZ7_t5_overlapping_peaks.minus.csv
    wildcards: phage=LUZ7, ident=t5, sign=minus
    resources: tmpdir=/tmp

[Fri Oct 14 09:37:00 2022]
Finished job 46.
17 of 21 steps (81%) done
Removing temporary output LUZ7_t5_overlapping_peaks.minus.csv.
Removing temporary output LUZ7_t5_overlapping_peaks_higher_1.minus.csv.
Removing temporary output LUZ7_t5_overlapping_peaks_higher_2.minus.csv.
Removing temporary output LUZ7_t5_overlapping_peaks_lower_1.minus.csv.
Removing temporary output LUZ7_t5_overlapping_peaks_lower_2.minus.csv.
Select jobs to execute...

[Fri Oct 14 09:37:00 2022]
rule getInformationFromOverlappingPeaks:
    input: LUZ7_peak_calling/LUZ7_enriched_t5.5end.minus.peaks.oracle.narrowPeak.counts.clustered.csv, LUZ7_peak_calling/LUZ7_control_t5.5end.minus.peaks.oracle.narrowPeak.counts.clustered.csv, LUZ7_t5_all_overlapping_peaks.minus.csv
    output: TSS_LUZ7_t5/enr_ratios_LUZ7_t5.minus.csv
    jobid: 35
    reason: Missing output files: TSS_LUZ7_t5/enr_ratios_LUZ7_t5.minus.csv; Input files updated by another job: LUZ7_t5_all_overlapping_peaks.minus.csv
    wildcards: phage=LUZ7, ident=t5, sign=minus
    resources: tmpdir=/tmp

[Fri Oct 14 09:37:00 2022]
Finished job 35.
18 of 21 steps (86%) done
Removing temporary output LUZ7_t5_all_overlapping_peaks.minus.csv.
Select jobs to execute...

[Fri Oct 14 09:37:00 2022]
rule NegPeaksToBedFile:
    input: TSS_LUZ7_t5/enr_ratios_LUZ7_t5.minus.csv
    output: TSS_LUZ7_t5/LUZ7_enriched_t5_peaks.minus.bed, TSS_LUZ7_t5/LUZ7_control_t5_peaks.minus.bed
    jobid: 34
    reason: Missing output files: TSS_LUZ7_t5/LUZ7_enriched_t5_peaks.minus.bed; Input files updated by another job: TSS_LUZ7_t5/enr_ratios_LUZ7_t5.minus.csv; Set of input files has changed since last execution
    wildcards: phage=LUZ7, ident=t5
    resources: tmpdir=/tmp

[Fri Oct 14 09:37:00 2022]
Finished job 34.
19 of 21 steps (90%) done
Removing temporary output TSS_LUZ7_t5/LUZ7_control_t5_peaks.minus.bed.
Select jobs to execute...

[Fri Oct 14 09:37:00 2022]
rule extractSequences:
    input: TSS_LUZ7_t5/LUZ7_enriched_t5_peaks.minus.bed
    output: TSS_LUZ7_t5/TSS_seq_LUZ7_enriched_t5.minus.fa.out
    jobid: 33
    reason: Missing output files: TSS_LUZ7_t5/TSS_seq_LUZ7_enriched_t5.minus.fa.out; Input files updated by another job: TSS_LUZ7_t5/LUZ7_enriched_t5_peaks.minus.bed
    wildcards: phage=LUZ7, ident=t5, cond=enriched, sign=minus
    resources: tmpdir=/tmp

[Fri Oct 14 09:37:00 2022]
Finished job 33.
20 of 21 steps (95%) done
Removing temporary output TSS_LUZ7_t5/LUZ7_enriched_t5_peaks.minus.bed.
Select jobs to execute...

[Fri Oct 14 09:37:00 2022]
localrule all:
    input: TSS_LUZ7_t5/TSS_seq_LUZ7_enriched_t5.plus.fa.out, TSS_LUZ7_t5/TSS_seq_LUZ7_enriched_t5.minus.fa.out
    jobid: 0
    reason: Input files updated by another job: TSS_LUZ7_t5/TSS_seq_LUZ7_enriched_t5.plus.fa.out, TSS_LUZ7_t5/TSS_seq_LUZ7_enriched_t5.minus.fa.out
    resources: tmpdir=/tmp

[Fri Oct 14 09:37:00 2022]
Finished job 0.
21 of 21 steps (100%) done
Complete log: .snakemake/log/2022-10-14T093657.580288.snakemake.log
