Building DAG of jobs...
Using shell: /usr/bin/bash
Provided cores: 4
Rules claiming more threads will be scaled down.
Conda environments: ignored
Job stats:
job             count    min threads    max threads
------------  -------  -------------  -------------
PosEffRatios        1              1              1
total               1              1              1

Select jobs to execute...

[Fri Oct 14 13:50:48 2022]
rule PosEffRatios:
    input: LUZ7_peak_calling/LUZ7_enriched_t5.3end.plus.peaks.oracle.narrowPeak.counts.clustered.csv, LUZ7_genome.txt, BAM_files_LUZ7/LUZ7_enriched_t5.sorted.bam
    output: TTS_LUZ7_t5/eff_ratios_LUZ7_t5.plus.drop.coverage
    jobid: 0
    reason: Missing output files: TTS_LUZ7_t5/eff_ratios_LUZ7_t5.plus.drop.coverage
    wildcards: phage=LUZ7, ident=t5
    resources: tmpdir=/tmp

[Fri Oct 14 13:54:56 2022]
Finished job 0.
1 of 1 steps (100%) done
Complete log: .snakemake/log/2022-10-14T135047.769008.snakemake.log
