Building DAG of jobs...
Using shell: /usr/bin/bash
Provided cores: 1 (use --cores to define parallelism)
Rules claiming more threads will be scaled down.
Conda environments: ignored
Job stats:
job                            count    min threads    max threads
---------------------------  -------  -------------  -------------
createNotebook                     1              1              1
getRandomSequencesFromFasta        1              1              1
total                              2              1              1

Select jobs to execute...

[Wed Nov 16 11:39:33 2022]
rule getRandomSequencesFromFasta:
    output: TSS_LUZ7_t5/random_seq_LUZ7_t5.fa.out
    jobid: 21
    reason: Code has changed since last execution
    wildcards: TxS=TSS, phage=LUZ7, ident=t5
    resources: tmpdir=/tmp

[Wed Nov 16 11:39:34 2022]
Finished job 21.
1 of 2 steps (50%) done
Select jobs to execute...

[Wed Nov 16 11:39:34 2022]
rule createNotebook:
    input: TSS_LUZ7_t5/TSS_seq_LUZ7_enriched_t5.plus.fa.out, TSS_LUZ7_t5/random_seq_LUZ7_t5.fa.out
    output: TSS_LUZ7_t5/structural_properties/LUZ7_t5_curvature.plus.csv, TSS_LUZ7_t5/structural_properties/LUZ7_t5_stability.plus.csv, TSS_LUZ7_t5/structural_properties/LUZ7_t5_bendability.plus.csv, TSS_LUZ7_t5/structural_properties/random_seq_LUZ7_t5_curvature.plus.csv, TSS_LUZ7_t5/structural_properties/random_seq_LUZ7_t5_stability.plus.csv, TSS_LUZ7_t5/structural_properties/random_seq_LUZ7_t5_bendability.plus.csv
    log: logs/notebooks/LUZ7_t5.plus.ipynb
    jobid: 0
    reason: Input files updated by another job: TSS_LUZ7_t5/random_seq_LUZ7_t5.fa.out
    wildcards: phage=LUZ7, ident=t5, sign=plus
    resources: tmpdir=/tmp

[Wed Nov 16 11:41:02 2022]
Finished job 0.
2 of 2 steps (100%) done
Complete log: .snakemake/log/2022-11-16T113933.159525.snakemake.log
