Building DAG of jobs...
Using shell: /usr/bin/bash
Provided cores: 1 (use --cores to define parallelism)
Rules claiming more threads will be scaled down.
Conda environments: ignored
Job stats:
job                                   count    min threads    max threads
----------------------------------  -------  -------------  -------------
all                                       1              1              1
getInformationFromOverlappingPeaks        1              1              1
total                                     2              1              1

Select jobs to execute...

[Wed Oct 12 14:38:58 2022]
rule getInformationFromOverlappingPeaks:
    input: LUZ7_peak_calling/LUZ7_enriched_t5.5end.plus.peaks.oracle.narrowPeak.counts.clustered.csv, LUZ7_peak_calling/LUZ7_control_t5.5end.plus.peaks.oracle.narrowPeak.counts.clustered.csv, LUZ7_t5_all_overlapping_peaks.plus.csv
    output: TSS_LUZ7_t5/enrRatios_LUZ7_t5.plus.csv
    jobid: 1
    reason: Missing output files: TSS_LUZ7_t5/enrRatios_LUZ7_t5.plus.csv
    wildcards: phage=LUZ7, ident=t5, sign=plus
    resources: tmpdir=/tmp

[Wed Oct 12 14:38:58 2022]
Error in rule getInformationFromOverlappingPeaks:
    jobid: 1
    output: TSS_LUZ7_t5/enrRatios_LUZ7_t5.plus.csv
    shell:
        

        commonEnriched=$(join -1 2 -2 15 <(sort LUZ7_t5_all_overlapping_peaks.plus.csv) <(sort LUZ7_peak_calling/LUZ7_enriched_t5.5end.plus.peaks.oracle.narrowPeak.counts.clustered.csv))
        commonControl=$(join -1 1 -2 15 <(sort LUZ7_t5_all_overlapping_peaks.plus.csv) <(sort LUZ7_peak_calling/LUZ7_control_t5.5end.plus.peaks.oracle.narrowPeak.counts.clustered.csv))
        paste -d ' ' <(echo "$commonEnriched") <(echo "$commonControl") |        awk '{print $1, $2, $3, $4, $5, $6, $7, $8, $9, $10, $11, $12, $13, $14, $7/$14}' |        sort -g -k 2,2 | awk -v t=1 -F " " '$15 > t {print }' > TSS_LUZ7_t5/enrRatios_LUZ7_t5.plus.csv
        
        (one of the commands exited with non-zero exit code; note that snakemake uses bash strict mode!)

Removing output files of failed job getInformationFromOverlappingPeaks since they might be corrupted:
TSS_LUZ7_t5/enrRatios_LUZ7_t5.plus.csv
Shutting down, this might take some time.
Exiting because a job execution failed. Look above for error message
Complete log: .snakemake/log/2022-10-12T143858.245507.snakemake.log
