Building DAG of jobs...
Using shell: /usr/bin/bash
Provided cores: 1 (use --cores to define parallelism)
Rules claiming more threads will be scaled down.
Conda environments: ignored
Job stats:
job                                   count    min threads    max threads
----------------------------------  -------  -------------  -------------
all                                       1              1              1
getInformationFromOverlappingPeaks        1              1              1
total                                     2              1              1

Select jobs to execute...

[Wed Oct 12 15:07:24 2022]
rule getInformationFromOverlappingPeaks:
    input: LUZ7_peak_calling/LUZ7_enriched_t5.5end.plus.peaks.oracle.narrowPeak.counts.clustered.csv, LUZ7_peak_calling/LUZ7_control_t5.5end.plus.peaks.oracle.narrowPeak.counts.clustered.csv, LUZ7_t5_all_overlapping_peaks.plus.csv
    output: TSS_LUZ7_t5/enrRatios_LUZ7_t5.plus.csv
    jobid: 1
    reason: Missing output files: TSS_LUZ7_t5/enrRatios_LUZ7_t5.plus.csv
    wildcards: phage=LUZ7, ident=t5, sign=plus
    resources: tmpdir=/tmp

[Wed Oct 12 15:07:24 2022]
Error in rule getInformationFromOverlappingPeaks:
    jobid: 1
    output: TSS_LUZ7_t5/enrRatios_LUZ7_t5.plus.csv
    shell:
        
        commonEnriched=$(awk '{ print $2 }' LUZ7_t5_all_overlapping_peaks.plus.csv | awk '{print $2, $3, $14, $5, $17, $18}' LUZ7_peak_calling/LUZ7_enriched_t5.5end.plus.peaks.oracle.narrowPeak.counts.clustered.csv)
        echo "$commonEnriched"
        
        (one of the commands exited with non-zero exit code; note that snakemake uses bash strict mode!)

Shutting down, this might take some time.
Exiting because a job execution failed. Look above for error message
Complete log: .snakemake/log/2022-10-12T150724.096204.snakemake.log
