Building DAG of jobs...
Using shell: /usr/bin/bash
Provided cores: 1 (use --cores to define parallelism)
Rules claiming more threads will be scaled down.
Conda environments: ignored
Job stats:
job                                   count    min threads    max threads
----------------------------------  -------  -------------  -------------
PosPeaksToBedFile                         1              1              1
addTotalReadsToCounts                     2              1              1
clipping                                  1              1              1
clusterReads                              2              1              1
combineCovAndPeaks                        2              1              1
createGenomecov                           1              1              1
createNotebook                            1              1              1
cutadapt                                  1              1              1
extractSequencesTSS                       1              1              1
getAllOverlappingPeaks                    1              1              1
getInformationFromOverlappingPeaks        1              1              1
getOverlappingPeaksWithError              4              1              1
getPeaks                                  1              1              1
minimap2                                  1              1              1
samToBam                                  1              1              1
sortBam                                   1              1              1
splitOverlappingPeaks                     1              1              1
termseqPeakCalling                        2              1              1
total                                    25              1              1

Select jobs to execute...

[Sun Nov  6 17:11:36 2022]
rule cutadapt:
    input: pychopper_LUZ7_t5/LUZ7_enriched_t5_full_length_output.fq
    output: LUZ7_enriched_t5_cutadapt.fq
    jobid: 13
    reason: Updated input files: pychopper_LUZ7_t5/LUZ7_enriched_t5_full_length_output.fq
    wildcards: phage=LUZ7, cond=enriched, ident=t5
    resources: tmpdir=/tmp

[Sun Nov  6 17:11:36 2022]
Error in rule cutadapt:
    jobid: 13
    output: LUZ7_enriched_t5_cutadapt.fq
    shell:
        
            temp=$(cutadapt -a A{10} -e 1 -j 0 pychopper_LUZ7_t5/LUZ7_enriched_t5_full_length_output.fq)
            cutadapt -g TTTCTGTTGGTGCTGATATTGCTGGG -e 1 -j 0 -o LUZ7_enriched_t5_cutadapt.fq <(echo "$temp")
        
        (one of the commands exited with non-zero exit code; note that snakemake uses bash strict mode!)

Removing output files of failed job cutadapt since they might be corrupted:
LUZ7_enriched_t5_cutadapt.fq
Shutting down, this might take some time.
Exiting because a job execution failed. Look above for error message
Complete log: .snakemake/log/2022-11-06T171135.866992.snakemake.log
