Building DAG of jobs...
Using shell: /usr/bin/bash
Provided cores: 1 (use --cores to define parallelism)
Rules claiming more threads will be scaled down.
Conda environments: ignored
Job stats:
job                      count    min threads    max threads
---------------------  -------  -------------  -------------
addTotalReadsToCounts        2              1              1
all                          1              1              1
clusterReads                 2              1              1
combineCovAndPeaks           2              1              1
createGenomecov              2              1              1
getEnrichmentRatios          1              1              1
termseqPeakCalling           2              1              1
total                       12              1              1

Select jobs to execute...

[Thu Oct  6 00:28:15 2022]
rule createGenomecov:
    input: BAM_files_LUZ7/LUZ7_control_t5.sorted.bam
    output: LUZ7_peak_calling/LUZ7_control_t5.5end.plus.bedgraph
    jobid: 18
    reason: Missing output files: LUZ7_peak_calling/LUZ7_control_t5.5end.plus.bedgraph
    wildcards: phage=LUZ7, prefix=LUZ7_control_t5, num=5, sign=plus
    resources: tmpdir=/tmp

[Thu Oct  6 00:28:15 2022]
Finished job 18.
1 of 12 steps (8%) done
Select jobs to execute...

[Thu Oct  6 00:28:15 2022]
rule termseqPeakCalling:
    input: LUZ7_peak_calling/LUZ7_control_t5.5end.plus.bedgraph
    output: LUZ7_peak_calling/LUZ7_control_t5.5end.plus.peaks
    jobid: 17
    reason: Missing output files: LUZ7_peak_calling/LUZ7_control_t5.5end.plus.peaks; Input files updated by another job: LUZ7_peak_calling/LUZ7_control_t5.5end.plus.bedgraph
    wildcards: phage=LUZ7, prefix=LUZ7_control_t5, num=5, sign=plus
    resources: tmpdir=/tmp

[Thu Oct  6 00:28:18 2022]
Finished job 17.
2 of 12 steps (17%) done
Select jobs to execute...

[Thu Oct  6 00:28:18 2022]
rule combineCovAndPeaks:
    input: LUZ7_peak_calling/LUZ7_control_t5.5end.plus.peaks, LUZ7_peak_calling/LUZ7_control_t5.5end.plus.bedgraph
    output: LUZ7_peak_calling/LUZ7_control_t5.5end.plus.peaks.oracle.narrowPeak.counts
    jobid: 16
    reason: Missing output files: LUZ7_peak_calling/LUZ7_control_t5.5end.plus.peaks.oracle.narrowPeak.counts; Input files updated by another job: LUZ7_peak_calling/LUZ7_control_t5.5end.plus.peaks, LUZ7_peak_calling/LUZ7_control_t5.5end.plus.bedgraph
    wildcards: phage=LUZ7, prefix=LUZ7_control_t5, num=5, sign=plus
    resources: tmpdir=/tmp

[Thu Oct  6 00:28:18 2022]
Finished job 16.
3 of 12 steps (25%) done
Select jobs to execute...

[Thu Oct  6 00:28:18 2022]
rule addTotalReadsToCounts:
    input: LUZ7_peak_calling/LUZ7_control_t5.5end.plus.peaks.oracle.narrowPeak.counts, BAM_files_LUZ7/LUZ7_control_t5.sorted.bam
    output: LUZ7_peak_calling/LUZ7_control_t5.5end.plus.peaks.oracle.narrowPeak.counts.withTR
    jobid: 15
    reason: Missing output files: LUZ7_peak_calling/LUZ7_control_t5.5end.plus.peaks.oracle.narrowPeak.counts.withTR; Input files updated by another job: LUZ7_peak_calling/LUZ7_control_t5.5end.plus.peaks.oracle.narrowPeak.counts
    wildcards: phage=LUZ7, prefix=LUZ7_control_t5, num=5, sign=plus
    resources: tmpdir=/tmp

[Thu Oct  6 00:28:19 2022]
Finished job 15.
4 of 12 steps (33%) done
Select jobs to execute...

[Thu Oct  6 00:28:19 2022]
rule clusterReads:
    input: LUZ7_peak_calling/LUZ7_control_t5.5end.plus.peaks.oracle.narrowPeak.counts.withTR
    output: LUZ7_peak_calling/LUZ7_control_t5.5end.plus.peaks.oracle.narrowPeak.counts.clustered.csv
    jobid: 14
    reason: Missing output files: LUZ7_peak_calling/LUZ7_control_t5.5end.plus.peaks.oracle.narrowPeak.counts.clustered.csv; Input files updated by another job: LUZ7_peak_calling/LUZ7_control_t5.5end.plus.peaks.oracle.narrowPeak.counts.withTR
    wildcards: phage=LUZ7, prefix=LUZ7_control_t5, num=5, sign=plus
    resources: tmpdir=/tmp

[Thu Oct  6 00:28:20 2022]
Finished job 14.
5 of 12 steps (42%) done
Select jobs to execute...

[Thu Oct  6 00:28:20 2022]
rule createGenomecov:
    input: BAM_files_LUZ7/LUZ7_enriched_t5.sorted.bam
    output: LUZ7_peak_calling/LUZ7_enriched_t5.5end.plus.bedgraph
    jobid: 6
    reason: Missing output files: LUZ7_peak_calling/LUZ7_enriched_t5.5end.plus.bedgraph
    wildcards: phage=LUZ7, prefix=LUZ7_enriched_t5, num=5, sign=plus
    resources: tmpdir=/tmp

[Thu Oct  6 00:28:25 2022]
Finished job 6.
6 of 12 steps (50%) done
Select jobs to execute...

[Thu Oct  6 00:28:25 2022]
rule termseqPeakCalling:
    input: LUZ7_peak_calling/LUZ7_enriched_t5.5end.plus.bedgraph
    output: LUZ7_peak_calling/LUZ7_enriched_t5.5end.plus.peaks
    jobid: 5
    reason: Missing output files: LUZ7_peak_calling/LUZ7_enriched_t5.5end.plus.peaks; Input files updated by another job: LUZ7_peak_calling/LUZ7_enriched_t5.5end.plus.bedgraph
    wildcards: phage=LUZ7, prefix=LUZ7_enriched_t5, num=5, sign=plus
    resources: tmpdir=/tmp

[Thu Oct  6 00:28:28 2022]
Finished job 5.
7 of 12 steps (58%) done
Select jobs to execute...

[Thu Oct  6 00:28:28 2022]
rule combineCovAndPeaks:
    input: LUZ7_peak_calling/LUZ7_enriched_t5.5end.plus.peaks, LUZ7_peak_calling/LUZ7_enriched_t5.5end.plus.bedgraph
    output: LUZ7_peak_calling/LUZ7_enriched_t5.5end.plus.peaks.oracle.narrowPeak.counts
    jobid: 4
    reason: Missing output files: LUZ7_peak_calling/LUZ7_enriched_t5.5end.plus.peaks.oracle.narrowPeak.counts; Input files updated by another job: LUZ7_peak_calling/LUZ7_enriched_t5.5end.plus.peaks, LUZ7_peak_calling/LUZ7_enriched_t5.5end.plus.bedgraph
    wildcards: phage=LUZ7, prefix=LUZ7_enriched_t5, num=5, sign=plus
    resources: tmpdir=/tmp

[Thu Oct  6 00:28:28 2022]
Finished job 4.
8 of 12 steps (67%) done
Select jobs to execute...

[Thu Oct  6 00:28:28 2022]
rule addTotalReadsToCounts:
    input: LUZ7_peak_calling/LUZ7_enriched_t5.5end.plus.peaks.oracle.narrowPeak.counts, BAM_files_LUZ7/LUZ7_enriched_t5.sorted.bam
    output: LUZ7_peak_calling/LUZ7_enriched_t5.5end.plus.peaks.oracle.narrowPeak.counts.withTR
    jobid: 3
    reason: Missing output files: LUZ7_peak_calling/LUZ7_enriched_t5.5end.plus.peaks.oracle.narrowPeak.counts.withTR; Input files updated by another job: LUZ7_peak_calling/LUZ7_enriched_t5.5end.plus.peaks.oracle.narrowPeak.counts
    wildcards: phage=LUZ7, prefix=LUZ7_enriched_t5, num=5, sign=plus
    resources: tmpdir=/tmp

[Thu Oct  6 00:28:32 2022]
Finished job 3.
9 of 12 steps (75%) done
Select jobs to execute...

[Thu Oct  6 00:28:32 2022]
rule clusterReads:
    input: LUZ7_peak_calling/LUZ7_enriched_t5.5end.plus.peaks.oracle.narrowPeak.counts.withTR
    output: LUZ7_peak_calling/LUZ7_enriched_t5.5end.plus.peaks.oracle.narrowPeak.counts.clustered.csv
    jobid: 2
    reason: Missing output files: LUZ7_peak_calling/LUZ7_enriched_t5.5end.plus.peaks.oracle.narrowPeak.counts.clustered.csv; Input files updated by another job: LUZ7_peak_calling/LUZ7_enriched_t5.5end.plus.peaks.oracle.narrowPeak.counts.withTR
    wildcards: phage=LUZ7, prefix=LUZ7_enriched_t5, num=5, sign=plus
    resources: tmpdir=/tmp

[Thu Oct  6 00:28:33 2022]
Finished job 2.
10 of 12 steps (83%) done
Select jobs to execute...

[Thu Oct  6 00:28:33 2022]
rule getEnrichmentRatios:
    input: LUZ7_peak_calling/LUZ7_enriched_t5.5end.plus.peaks.oracle.narrowPeak.counts.clustered.csv, LUZ7_peak_calling/LUZ7_control_t5.5end.plus.peaks.oracle.narrowPeak.counts.clustered.csv
    output: TSS_LUZ7_t5/enrRatios_LUZ7_t5.plus.csv
    jobid: 1
    reason: Missing output files: TSS_LUZ7_t5/enrRatios_LUZ7_t5.plus.csv; Input files updated by another job: LUZ7_peak_calling/LUZ7_enriched_t5.5end.plus.peaks.oracle.narrowPeak.counts.clustered.csv, LUZ7_peak_calling/LUZ7_control_t5.5end.plus.peaks.oracle.narrowPeak.counts.clustered.csv
    wildcards: phage=LUZ7, ident=t5, sign=plus
    resources: tmpdir=/tmp

Waiting at most 5 seconds for missing files.
MissingOutputException in rule getEnrichmentRatios in line 1 of /mnt/c/Users/danis/Desktop/Thesis/pipeline_snakemake/workflow/rules/annotateTSS.smk:
Job Missing files after 5 seconds. This might be due to filesystem latency. If that is the case, consider to increase the wait time with --latency-wait:
TSS_LUZ7_t5/enrRatios_LUZ7_t5.plus.csv completed successfully, but some output files are missing. 1
Shutting down, this might take some time.
Exiting because a job execution failed. Look above for error message
Complete log: .snakemake/log/2022-10-06T002815.031128.snakemake.log
