Building DAG of jobs...
Using shell: /usr/bin/bash
Provided cores: 1 (use --cores to define parallelism)
Rules claiming more threads will be scaled down.
Conda environments: ignored
Job stats:
job                    count    min threads    max threads
-------------------  -------  -------------  -------------
createNotebook             1              1              1
extractSequencesTSS        1              1              1
total                      2              1              1

Select jobs to execute...

[Wed Nov  9 20:20:37 2022]
rule extractSequencesTSS:
    input: TSS_PhiKZ_one/PhiKZ_enriched_one_peaks.minus.bed
    output: TSS_PhiKZ_one/TSS_seq_PhiKZ_enriched_one.minus.fa.out
    jobid: 1
    reason: Updated input files: TSS_PhiKZ_one/PhiKZ_enriched_one_peaks.minus.bed
    wildcards: phage=PhiKZ, ident=one, cond=enriched, sign=minus
    resources: tmpdir=/tmp

[Wed Nov  9 20:20:38 2022]
Finished job 1.
1 of 2 steps (50%) done
Select jobs to execute...

[Wed Nov  9 20:20:38 2022]
rule createNotebook:
    input: TSS_PhiKZ_one/TSS_seq_PhiKZ_enriched_one.minus.fa.out
    output: TSS_PhiKZ_one/structural_properties/PhiKZ_one_curvature.minus.png, TSS_PhiKZ_one/structural_properties/PhiKZ_one_curvature.minus.csv, TSS_PhiKZ_one/structural_properties/PhiKZ_one_stability.minus.png, TSS_PhiKZ_one/structural_properties/PhiKZ_one_stability.minus.csv, TSS_PhiKZ_one/structural_properties/PhiKZ_one_bendability.minus.png, TSS_PhiKZ_one/structural_properties/PhiKZ_one_bendability.minus.csv
    log: logs/notebooks/PhiKZ_one.minus.ipynb
    jobid: 0
    reason: Input files updated by another job: TSS_PhiKZ_one/TSS_seq_PhiKZ_enriched_one.minus.fa.out
    wildcards: phage=PhiKZ, ident=one, sign=minus
    resources: tmpdir=/tmp

[Wed Nov  9 20:20:51 2022]
Finished job 0.
2 of 2 steps (100%) done
Complete log: .snakemake/log/2022-11-09T202037.481252.snakemake.log
