Building DAG of jobs...
Using shell: /usr/bin/bash
Provided cores: 1 (use --cores to define parallelism)
Rules claiming more threads will be scaled down.
Conda environments: ignored
Job stats:
job                    count    min threads    max threads
-------------------  -------  -------------  -------------
all                        1              1              1
getEnrichmentRatios        1              1              1
total                      2              1              1

Select jobs to execute...

[Wed Oct 12 09:21:29 2022]
rule getEnrichmentRatios:
    input: LUZ7_peak_calling/LUZ7_enriched_t5.5end.plus.peaks.oracle.narrowPeak.counts.clustered.csv, LUZ7_peak_calling/LUZ7_control_t5.5end.plus.peaks.oracle.narrowPeak.counts.clustered.csv
    output: TSS_LUZ7_t5/enrRatios_LUZ7_t5.plus.csv
    jobid: 1
    reason: Missing output files: TSS_LUZ7_t5/enrRatios_LUZ7_t5.plus.csv
    wildcards: phage=LUZ7, ident=t5, sign=plus
    resources: tmpdir=/tmp

RuleException in rule getEnrichmentRatios in line 1 of /mnt/c/Users/danis/Desktop/Thesis/pipeline_snakemake/workflow/rules/annotateTSS.smk:
NameError: The name 'print \\$14' is unknown in this context. Please make sure that you defined that variable. Also note that braces not used for variable access have to be escaped by repeating them, i.e. {{print $1}}, when formatting the following:

        ePeaks=$(awk -F ',' '{print \$14}' {input[0]}| awk 'NR>1')
        cPeaks=$(awk -F ',' '{print \$14}' {input[1]}| awk 'NR>1')
        commonPeaks=$(grep -Fx -f <(echo "$ePeaks") <(echo "$cPeaks"))
        
