Building DAG of jobs...
Using shell: /usr/bin/bash
Provided cores: 1 (use --cores to define parallelism)
Rules claiming more threads will be scaled down.
Conda environments: ignored
Job stats:
job                      count    min threads    max threads
---------------------  -------  -------------  -------------
addTotalReadsToCounts        2              1              1
all                          1              1              1
clusterReads                 2              1              1
combineCovAndPeaks           2              1              1
createGenomecov              2              1              1
termseqPeakCalling           2              1              1
total                       11              1              1

Select jobs to execute...

[Wed Oct  5 23:44:05 2022]
rule createGenomecov:
    input: BAM_files_LUZ7/t5_enriched-LUZ7.sorted.bam
    output: LUZ7_peak_calling/t5_enriched-LUZ7.5end.plus.bedgraph
    jobid: 5
    reason: Missing output files: LUZ7_peak_calling/t5_enriched-LUZ7.5end.plus.bedgraph
    wildcards: phage=LUZ7, prefix=t5_enriched-LUZ7, num=5, sign=plus
    resources: tmpdir=/tmp

[Wed Oct  5 23:44:11 2022]
Finished job 5.
1 of 11 steps (9%) done
Select jobs to execute...

[Wed Oct  5 23:44:11 2022]
rule termseqPeakCalling:
    input: LUZ7_peak_calling/t5_enriched-LUZ7.5end.plus.bedgraph
    output: LUZ7_peak_calling/t5_enriched-LUZ7.5end.plus.peaks
    jobid: 4
    reason: Missing output files: LUZ7_peak_calling/t5_enriched-LUZ7.5end.plus.peaks; Input files updated by another job: LUZ7_peak_calling/t5_enriched-LUZ7.5end.plus.bedgraph
    wildcards: phage=LUZ7, prefix=t5_enriched-LUZ7, num=5, sign=plus
    resources: tmpdir=/tmp

[Wed Oct  5 23:44:20 2022]
Finished job 4.
2 of 11 steps (18%) done
Select jobs to execute...

[Wed Oct  5 23:44:20 2022]
rule combineCovAndPeaks:
    input: LUZ7_peak_calling/t5_enriched-LUZ7.5end.plus.peaks, LUZ7_peak_calling/t5_enriched-LUZ7.5end.plus.bedgraph
    output: LUZ7_peak_calling/t5_enriched-LUZ7.5end.plus.peaks.oracle.narrowPeak.counts
    jobid: 3
    reason: Missing output files: LUZ7_peak_calling/t5_enriched-LUZ7.5end.plus.peaks.oracle.narrowPeak.counts; Input files updated by another job: LUZ7_peak_calling/t5_enriched-LUZ7.5end.plus.bedgraph, LUZ7_peak_calling/t5_enriched-LUZ7.5end.plus.peaks
    wildcards: phage=LUZ7, prefix=t5_enriched-LUZ7, num=5, sign=plus
    resources: tmpdir=/tmp

[Wed Oct  5 23:44:21 2022]
Finished job 3.
3 of 11 steps (27%) done
Select jobs to execute...

[Wed Oct  5 23:44:21 2022]
rule addTotalReadsToCounts:
    input: LUZ7_peak_calling/t5_enriched-LUZ7.5end.plus.peaks.oracle.narrowPeak.counts, BAM_files_LUZ7/t5_enriched-LUZ7.sorted.bam
    output: LUZ7_peak_calling/t5_enriched-LUZ7.5end.plus.peaks.oracle.narrowPeak.counts.withTR
    jobid: 2
    reason: Missing output files: LUZ7_peak_calling/t5_enriched-LUZ7.5end.plus.peaks.oracle.narrowPeak.counts.withTR; Input files updated by another job: LUZ7_peak_calling/t5_enriched-LUZ7.5end.plus.peaks.oracle.narrowPeak.counts
    wildcards: phage=LUZ7, prefix=t5_enriched-LUZ7, num=5, sign=plus
    resources: tmpdir=/tmp

[Wed Oct  5 23:44:25 2022]
Finished job 2.
4 of 11 steps (36%) done
Select jobs to execute...

[Wed Oct  5 23:44:25 2022]
rule clusterReads:
    input: LUZ7_peak_calling/t5_enriched-LUZ7.5end.plus.peaks.oracle.narrowPeak.counts.withTR
    output: LUZ7_peak_calling/t5_enriched-LUZ7.5end.plus.peaks.oracle.narrowPeak.counts.clustered.csv
    jobid: 1
    reason: Missing output files: LUZ7_peak_calling/t5_enriched-LUZ7.5end.plus.peaks.oracle.narrowPeak.counts.clustered.csv; Input files updated by another job: LUZ7_peak_calling/t5_enriched-LUZ7.5end.plus.peaks.oracle.narrowPeak.counts.withTR; Code has changed since last execution
    wildcards: phage=LUZ7, prefix=t5_enriched-LUZ7, num=5, sign=plus
    resources: tmpdir=/tmp

[Wed Oct  5 23:44:26 2022]
Finished job 1.
5 of 11 steps (45%) done
Select jobs to execute...

[Wed Oct  5 23:44:26 2022]
rule createGenomecov:
    input: BAM_files_LUZ7/t5_enriched-LUZ7.sorted.bam
    output: LUZ7_peak_calling/t5_enriched-LUZ7.3end.minus.bedgraph
    jobid: 10
    reason: Missing output files: LUZ7_peak_calling/t5_enriched-LUZ7.3end.minus.bedgraph
    wildcards: phage=LUZ7, prefix=t5_enriched-LUZ7, num=3, sign=minus
    resources: tmpdir=/tmp

[Wed Oct  5 23:44:31 2022]
Finished job 10.
6 of 11 steps (55%) done
Select jobs to execute...

[Wed Oct  5 23:44:31 2022]
rule termseqPeakCalling:
    input: LUZ7_peak_calling/t5_enriched-LUZ7.3end.minus.bedgraph
    output: LUZ7_peak_calling/t5_enriched-LUZ7.3end.minus.peaks
    jobid: 9
    reason: Missing output files: LUZ7_peak_calling/t5_enriched-LUZ7.3end.minus.peaks; Input files updated by another job: LUZ7_peak_calling/t5_enriched-LUZ7.3end.minus.bedgraph
    wildcards: phage=LUZ7, prefix=t5_enriched-LUZ7, num=3, sign=minus
    resources: tmpdir=/tmp

[Wed Oct  5 23:44:33 2022]
Finished job 9.
7 of 11 steps (64%) done
Select jobs to execute...

[Wed Oct  5 23:44:33 2022]
rule combineCovAndPeaks:
    input: LUZ7_peak_calling/t5_enriched-LUZ7.3end.minus.peaks, LUZ7_peak_calling/t5_enriched-LUZ7.3end.minus.bedgraph
    output: LUZ7_peak_calling/t5_enriched-LUZ7.3end.minus.peaks.oracle.narrowPeak.counts
    jobid: 8
    reason: Missing output files: LUZ7_peak_calling/t5_enriched-LUZ7.3end.minus.peaks.oracle.narrowPeak.counts; Input files updated by another job: LUZ7_peak_calling/t5_enriched-LUZ7.3end.minus.bedgraph, LUZ7_peak_calling/t5_enriched-LUZ7.3end.minus.peaks
    wildcards: phage=LUZ7, prefix=t5_enriched-LUZ7, num=3, sign=minus
    resources: tmpdir=/tmp

[Wed Oct  5 23:44:33 2022]
Finished job 8.
8 of 11 steps (73%) done
Select jobs to execute...

[Wed Oct  5 23:44:33 2022]
rule addTotalReadsToCounts:
    input: LUZ7_peak_calling/t5_enriched-LUZ7.3end.minus.peaks.oracle.narrowPeak.counts, BAM_files_LUZ7/t5_enriched-LUZ7.sorted.bam
    output: LUZ7_peak_calling/t5_enriched-LUZ7.3end.minus.peaks.oracle.narrowPeak.counts.withTR
    jobid: 7
    reason: Missing output files: LUZ7_peak_calling/t5_enriched-LUZ7.3end.minus.peaks.oracle.narrowPeak.counts.withTR; Input files updated by another job: LUZ7_peak_calling/t5_enriched-LUZ7.3end.minus.peaks.oracle.narrowPeak.counts
    wildcards: phage=LUZ7, prefix=t5_enriched-LUZ7, num=3, sign=minus
    resources: tmpdir=/tmp

[Wed Oct  5 23:44:37 2022]
Finished job 7.
9 of 11 steps (82%) done
Select jobs to execute...

[Wed Oct  5 23:44:37 2022]
rule clusterReads:
    input: LUZ7_peak_calling/t5_enriched-LUZ7.3end.minus.peaks.oracle.narrowPeak.counts.withTR
    output: LUZ7_peak_calling/t5_enriched-LUZ7.3end.minus.peaks.oracle.narrowPeak.counts.clustered.csv
    jobid: 6
    reason: Missing output files: LUZ7_peak_calling/t5_enriched-LUZ7.3end.minus.peaks.oracle.narrowPeak.counts.clustered.csv; Input files updated by another job: LUZ7_peak_calling/t5_enriched-LUZ7.3end.minus.peaks.oracle.narrowPeak.counts.withTR
    wildcards: phage=LUZ7, prefix=t5_enriched-LUZ7, num=3, sign=minus
    resources: tmpdir=/tmp

[Wed Oct  5 23:44:38 2022]
Finished job 6.
10 of 11 steps (91%) done
Select jobs to execute...

[Wed Oct  5 23:44:38 2022]
localrule all:
    input: LUZ7_peak_calling/t5_enriched-LUZ7.5end.plus.peaks.oracle.narrowPeak.counts.clustered.csv, LUZ7_peak_calling/t5_enriched-LUZ7.3end.minus.peaks.oracle.narrowPeak.counts.clustered.csv
    jobid: 0
    reason: Input files updated by another job: LUZ7_peak_calling/t5_enriched-LUZ7.5end.plus.peaks.oracle.narrowPeak.counts.clustered.csv, LUZ7_peak_calling/t5_enriched-LUZ7.3end.minus.peaks.oracle.narrowPeak.counts.clustered.csv
    resources: tmpdir=/tmp

[Wed Oct  5 23:44:38 2022]
Finished job 0.
11 of 11 steps (100%) done
Complete log: .snakemake/log/2022-10-05T234405.347609.snakemake.log
