Building DAG of jobs...
Using shell: /usr/bin/bash
Provided cores: 1 (use --cores to define parallelism)
Rules claiming more threads will be scaled down.
Job stats:
job                count    min threads    max threads
---------------  -------  -------------  -------------
all                    1              1              1
createGenomecov        1              1              1
test                   1              1              1
total                  3              1              1

Select jobs to execute...

[Sat Oct  1 23:34:16 2022]
rule test:
    output: BAM_files_LUZ7_peak_calling/t5_enriched-LUZ7.5.plus.bedgraphLUZ7/t5_enriched-LUZ7.sorted.bam
    jobid: 2
    reason: Missing output files: BAM_files_LUZ7_peak_calling/t5_enriched-LUZ7.5.plus.bedgraphLUZ7/t5_enriched-LUZ7.sorted.bam
    wildcards: phage=LUZ7_peak_calling/t5_enriched-LUZ7.5.plus.bedgraphLUZ7, prefix=t5_enriched-LUZ7
    resources: tmpdir=/tmp

[Sat Oct  1 23:34:17 2022]
Finished job 2.
1 of 3 steps (33%) done
Select jobs to execute...

[Sat Oct  1 23:34:17 2022]
rule createGenomecov:
    input: BAM_files_LUZ7_peak_calling/t5_enriched-LUZ7.5.plus.bedgraphLUZ7/t5_enriched-LUZ7.sorted.bam
    output: LUZ7_peak_calling/t5_enriched-LUZ7.5.plus.bedgraphLUZ7_peak_calling/t5_enriched-LUZ7.5.plus.bedgraph, LUZ7_peak_calling/t5_enriched-LUZ7.5.plus.bedgraphLUZ7_peak_calling/t5_enriched-LUZ7.5.minus.bedgraph
    jobid: 1
    reason: Missing output files: LUZ7_peak_calling/t5_enriched-LUZ7.5.plus.bedgraphLUZ7_peak_calling/t5_enriched-LUZ7.5.minus.bedgraph; Input files updated by another job: BAM_files_LUZ7_peak_calling/t5_enriched-LUZ7.5.plus.bedgraphLUZ7/t5_enriched-LUZ7.sorted.bam
    wildcards: phage=LUZ7_peak_calling/t5_enriched-LUZ7.5.plus.bedgraphLUZ7, prefix=t5_enriched-LUZ7
    resources: tmpdir=/tmp

RuleException in rule createGenomecov in line 1 of /mnt/c/Users/danis/Desktop/Thesis/pipeline_snakemake/workflow/rules/determineTranscriptionBoundries.smk:
NameError: The name 'plus' is unknown in this context. Please make sure that you defined that variable. Also note that braces not used for variable access have to be escaped by repeating them, i.e. {{print $1}}, when formatting the following:

        bedtools genomecov             -ibam {input}             -bga             -5             -strand + > {plus}

            bedtools genomecov             -ibam {input}             -bga             -5             -strand - > {minus}
            
