Building DAG of jobs...
Using shell: /usr/bin/bash
Provided cores: 1 (use --cores to define parallelism)
Rules claiming more threads will be scaled down.
Conda environments: ignored
Job stats:
job         count    min threads    max threads
--------  -------  -------------  -------------
minimap2        1              1              1
total           1              1              1

Select jobs to execute...

[Tue Oct  4 23:45:48 2022]
rule minimap2:
    input: LUZ7_enriched_t5_cutadapt.fq
    output: LUZ7_enriched_t5_minimap.sam
    jobid: 0
    reason: Missing output files: LUZ7_enriched_t5_minimap.sam
    wildcards: phage=LUZ7, cond=enriched, ident=t5
    resources: tmpdir=/tmp

[Tue Oct  4 23:45:48 2022]
Error in rule minimap2:
    jobid: 0
    output: LUZ7_enriched_t5_minimap.sam
    shell:
        
        minimap2 -ax map-ont -k14 -t 8 LUZ7.fasta LUZ7_enriched_t5_cutadapt.fq > LUZ7_enriched_t5_minimap.sam"
        
        (one of the commands exited with non-zero exit code; note that snakemake uses bash strict mode!)

Shutting down, this might take some time.
Exiting because a job execution failed. Look above for error message
Complete log: .snakemake/log/2022-10-04T234548.504987.snakemake.log
