Building DAG of jobs...
Using shell: /usr/bin/bash
Provided cores: 1 (use --cores to define parallelism)
Rules claiming more threads will be scaled down.
Conda environments: ignored
Job stats:
job               count    min threads    max threads
--------------  -------  -------------  -------------
createNotebook        1              1              1
total                 1              1              1

Select jobs to execute...

[Sun Nov 27 20:57:33 2022]
rule createNotebook:
    input: TSS_LUZ7_t10/TSS_seq_LUZ7_enriched_t10.plus.fa.out, TSS_LUZ7_t10/random_seq_LUZ7_t10.fa.out
    output: TSS_LUZ7_t10/structural_properties/LUZ7_t10_curvature.plus.csv, TSS_LUZ7_t10/structural_properties/LUZ7_t10_stability.plus.csv, TSS_LUZ7_t10/structural_properties/LUZ7_t10_bendability.plus.csv, TSS_LUZ7_t10/structural_properties/random_seq_LUZ7_t10_curvature.plus.csv, TSS_LUZ7_t10/structural_properties/random_seq_LUZ7_t10_stability.plus.csv, TSS_LUZ7_t10/structural_properties/random_seq_LUZ7_t10_bendability.plus.csv
    log: logs/notebooks/LUZ7_t10.plus.ipynb
    jobid: 0
    reason: Missing output files: TSS_LUZ7_t10/structural_properties/LUZ7_t10_curvature.plus.csv
    wildcards: phage=LUZ7, ident=t10, sign=plus
    resources: tmpdir=/tmp

[Sun Nov 27 20:59:53 2022]
Finished job 0.
1 of 1 steps (100%) done
Complete log: .snakemake/log/2022-11-27T205732.360985.snakemake.log
