Building DAG of jobs...
Using shell: /usr/bin/bash
Provided cores: 1 (use --cores to define parallelism)
Rules claiming more threads will be scaled down.
Conda environments: ignored
Job stats:
job                    count    min threads    max threads
-------------------  -------  -------------  -------------
PosPeaksToBedFile          1              1              1
createNotebook             1              1              1
extractSequencesTSS        1              1              1
total                      3              1              1

Select jobs to execute...

[Sun Nov  6 18:01:18 2022]
rule PosPeaksToBedFile:
    input: TSS_PhiKZ_one/enr_ratios_PhiKZ_one.plus.csv
    output: TSS_PhiKZ_one/PhiKZ_enriched_one_peaks.plus.bed, TSS_PhiKZ_one/PhiKZ_control_one_peaks.plus.bed
    jobid: 2
    reason: Missing output files: TSS_PhiKZ_one/PhiKZ_enriched_one_peaks.plus.bed
    wildcards: phage=PhiKZ, ident=one
    resources: tmpdir=/tmp

[Sun Nov  6 18:01:18 2022]
Finished job 2.
1 of 3 steps (33%) done
Removing temporary output TSS_PhiKZ_one/PhiKZ_control_one_peaks.plus.bed.
Select jobs to execute...

[Sun Nov  6 18:01:18 2022]
rule extractSequencesTSS:
    input: TSS_PhiKZ_one/PhiKZ_enriched_one_peaks.plus.bed
    output: TSS_PhiKZ_one/TSS_seq_PhiKZ_enriched_one.plus.fa.out
    jobid: 1
    reason: Input files updated by another job: TSS_PhiKZ_one/PhiKZ_enriched_one_peaks.plus.bed; Params have changed since last execution
    wildcards: phage=PhiKZ, ident=one, cond=enriched, sign=plus
    resources: tmpdir=/tmp

[Sun Nov  6 18:01:18 2022]
Finished job 1.
2 of 3 steps (67%) done
Removing temporary output TSS_PhiKZ_one/PhiKZ_enriched_one_peaks.plus.bed.
Select jobs to execute...

[Sun Nov  6 18:01:18 2022]
rule createNotebook:
    input: TSS_PhiKZ_one/TSS_seq_PhiKZ_enriched_one.plus.fa.out
    output: TSS_PhiKZ_one/structural_properties/PhiKZ_one_curvature.plus.png, TSS_PhiKZ_one/structural_properties/PhiKZ_one_curvature.plus.csv, TSS_PhiKZ_one/structural_properties/PhiKZ_one_stability.plus.png, TSS_PhiKZ_one/structural_properties/PhiKZ_one_stability.plus.csv, TSS_PhiKZ_one/structural_properties/PhiKZ_one_bendability.plus.png, TSS_PhiKZ_one/structural_properties/PhiKZ_one_bendability.plus.csv
    log: logs/notebooks/PhiKZ_one.plus.ipynb
    jobid: 0
    reason: Input files updated by another job: TSS_PhiKZ_one/TSS_seq_PhiKZ_enriched_one.plus.fa.out
    wildcards: phage=PhiKZ, ident=one, sign=plus
    resources: tmpdir=/tmp

[Sun Nov  6 18:01:44 2022]
Finished job 0.
3 of 3 steps (100%) done
Complete log: .snakemake/log/2022-11-06T180117.603291.snakemake.log
