Building DAG of jobs...
Using shell: /usr/bin/bash
Provided cores: 1 (use --cores to define parallelism)
Rules claiming more threads will be scaled down.
Conda environments: ignored
Job stats:
job                     count    min threads    max threads
--------------------  -------  -------------  -------------
NegCoverageDropToBed        1              1              1
NegEffRatios                1              1              1
PosCoverageDropToBed        1              1              1
PosEffRatios                1              1              1
all                         1              1              1
extractSequencesTTS         2              1              1
total                       7              1              1

Select jobs to execute...

[Fri Oct 14 14:26:34 2022]
rule NegEffRatios:
    input: LUZ7_peak_calling/LUZ7_enriched_t5.3end.minus.peaks.oracle.narrowPeak.counts.clustered.csv, LUZ7_genome.txt, BAM_files_LUZ7/LUZ7_enriched_t5.sorted.bam
    output: TTS_LUZ7_t5/eff_ratios_LUZ7_t5.minus.drop.coverage
    jobid: 64
    reason: Missing output files: TTS_LUZ7_t5/eff_ratios_LUZ7_t5.minus.drop.coverage; Params have changed since last execution
    wildcards: phage=LUZ7, ident=t5
    resources: tmpdir=/tmp

[Fri Oct 14 14:26:50 2022]
Finished job 64.
1 of 7 steps (14%) done
Select jobs to execute...

[Fri Oct 14 14:26:50 2022]
rule NegCoverageDropToBed:
    input: TTS_LUZ7_t5/eff_ratios_LUZ7_t5.minus.drop.coverage
    output: TTS_LUZ7_t5/TTS_LUZ7_t5.minus.bed
    jobid: 63
    reason: Missing output files: TTS_LUZ7_t5/TTS_LUZ7_t5.minus.bed; Input files updated by another job: TTS_LUZ7_t5/eff_ratios_LUZ7_t5.minus.drop.coverage
    wildcards: phage=LUZ7, ident=t5
    resources: tmpdir=/tmp

[Fri Oct 14 14:26:50 2022]
Finished job 63.
2 of 7 steps (29%) done
Select jobs to execute...

[Fri Oct 14 14:26:50 2022]
rule PosEffRatios:
    input: LUZ7_peak_calling/LUZ7_enriched_t5.3end.plus.peaks.oracle.narrowPeak.counts.clustered.csv, LUZ7_genome.txt, BAM_files_LUZ7/LUZ7_enriched_t5.sorted.bam
    output: TTS_LUZ7_t5/eff_ratios_LUZ7_t5.plus.drop.coverage
    jobid: 55
    reason: Missing output files: TTS_LUZ7_t5/eff_ratios_LUZ7_t5.plus.drop.coverage; Params have changed since last execution
    wildcards: phage=LUZ7, ident=t5
    resources: tmpdir=/tmp

[Fri Oct 14 14:29:09 2022]
Finished job 55.
3 of 7 steps (43%) done
Select jobs to execute...

[Fri Oct 14 14:29:10 2022]
rule PosCoverageDropToBed:
    input: TTS_LUZ7_t5/eff_ratios_LUZ7_t5.plus.drop.coverage
    output: TTS_LUZ7_t5/TTS_LUZ7_t5.plus.bed
    jobid: 54
    reason: Missing output files: TTS_LUZ7_t5/TTS_LUZ7_t5.plus.bed; Input files updated by another job: TTS_LUZ7_t5/eff_ratios_LUZ7_t5.plus.drop.coverage
    wildcards: phage=LUZ7, ident=t5
    resources: tmpdir=/tmp

[Fri Oct 14 14:29:10 2022]
Finished job 54.
4 of 7 steps (57%) done
Select jobs to execute...

[Fri Oct 14 14:29:10 2022]
rule extractSequencesTTS:
    input: TTS_LUZ7_t5/TTS_LUZ7_t5.plus.bed
    output: TTS_LUZ7_t5/TTS_seq_LUZ7_t5.plus.fa.out
    jobid: 53
    reason: Missing output files: TTS_LUZ7_t5/TTS_seq_LUZ7_t5.plus.fa.out; Input files updated by another job: TTS_LUZ7_t5/TTS_LUZ7_t5.plus.bed
    wildcards: phage=LUZ7, ident=t5, sign=plus
    resources: tmpdir=/tmp

[Fri Oct 14 14:29:10 2022]
Finished job 53.
5 of 7 steps (71%) done
Select jobs to execute...

[Fri Oct 14 14:29:10 2022]
rule extractSequencesTTS:
    input: TTS_LUZ7_t5/TTS_LUZ7_t5.minus.bed
    output: TTS_LUZ7_t5/TTS_seq_LUZ7_t5.minus.fa.out
    jobid: 62
    reason: Missing output files: TTS_LUZ7_t5/TTS_seq_LUZ7_t5.minus.fa.out; Input files updated by another job: TTS_LUZ7_t5/TTS_LUZ7_t5.minus.bed
    wildcards: phage=LUZ7, ident=t5, sign=minus
    resources: tmpdir=/tmp

[Fri Oct 14 14:29:10 2022]
Finished job 62.
6 of 7 steps (86%) done
Select jobs to execute...

[Fri Oct 14 14:29:10 2022]
localrule all:
    input: TSS_LUZ7_t5/TSS_seq_LUZ7_enriched_t5.plus.fa.out, TSS_LUZ7_t5/TSS_seq_LUZ7_enriched_t5.minus.fa.out, TTS_LUZ7_t5/TTS_seq_LUZ7_t5.plus.fa.out, TTS_LUZ7_t5/TTS_seq_LUZ7_t5.minus.fa.out
    jobid: 0
    reason: Input files updated by another job: TTS_LUZ7_t5/TTS_seq_LUZ7_t5.minus.fa.out, TTS_LUZ7_t5/TTS_seq_LUZ7_t5.plus.fa.out
    resources: tmpdir=/tmp

[Fri Oct 14 14:29:10 2022]
Finished job 0.
7 of 7 steps (100%) done
Complete log: .snakemake/log/2022-10-14T142634.411768.snakemake.log
