Building DAG of jobs...
Using shell: /usr/bin/bash
Provided cores: 1 (use --cores to define parallelism)
Rules claiming more threads will be scaled down.
Conda environments: ignored
Job stats:
job                      count    min threads    max threads
---------------------  -------  -------------  -------------
addTotalReadsToCounts        2              1              1
all                          1              1              1
clipping                     2              1              1
clusterReads                 2              1              1
combineCovAndPeaks           2              1              1
createGenomecov              2              1              1
getEnrichmentRatios          1              1              1
minimap2                     1              1              1
samToBam                     2              1              1
sortBam                      2              1              1
termseqPeakCalling           2              1              1
total                       19              1              1

Select jobs to execute...

[Thu Oct  6 00:04:10 2022]
rule clipping:
    input: LUZ7_enriched_t5_minimap.sam, LUZ7.fasta.fai
    output: LUZ7_enriched_t5_clipped.sam
    jobid: 9
    reason: Missing output files: LUZ7_enriched_t5_clipped.sam; Updated input files: LUZ7_enriched_t5_minimap.sam
    wildcards: phage=LUZ7, cond=enriched, ident=t5
    resources: tmpdir=/tmp

[Thu Oct  6 00:04:11 2022]
Finished job 9.
1 of 19 steps (5%) done
Select jobs to execute...

[Thu Oct  6 00:04:11 2022]
rule samToBam:
    input: LUZ7_enriched_t5_clipped.sam
    output: LUZ7_enriched_t5.bam
    jobid: 8
    reason: Missing output files: LUZ7_enriched_t5.bam; Input files updated by another job: LUZ7_enriched_t5_clipped.sam
    wildcards: phage=LUZ7, cond=enriched, ident=t5
    resources: tmpdir=/tmp

[Thu Oct  6 00:04:12 2022]
Finished job 8.
2 of 19 steps (11%) done
Removing temporary output LUZ7_enriched_t5_clipped.sam.
Select jobs to execute...

[Thu Oct  6 00:04:12 2022]
rule sortBam:
    input: LUZ7_enriched_t5.bam
    output: BAM_files_LUZ7/LUZ7_enriched_t5.sorted.bam
    jobid: 7
    reason: Input files updated by another job: LUZ7_enriched_t5.bam
    wildcards: phage=LUZ7, cond=enriched, ident=t5
    resources: tmpdir=/tmp

[Thu Oct  6 00:04:13 2022]
Finished job 7.
3 of 19 steps (16%) done
Removing temporary output LUZ7_enriched_t5.bam.
Select jobs to execute...

[Thu Oct  6 00:04:13 2022]
rule minimap2:
    input: LUZ7_control_t5_cutadapt.fq
    output: LUZ7_control_t5_minimap.sam
    jobid: 22
    reason: Missing output files: LUZ7_control_t5_minimap.sam; Updated input files: LUZ7_control_t5_cutadapt.fq
    wildcards: phage=LUZ7, cond=control, ident=t5
    resources: tmpdir=/tmp

[Thu Oct  6 00:04:15 2022]
Finished job 22.
4 of 19 steps (21%) done
Select jobs to execute...

[Thu Oct  6 00:04:15 2022]
rule clipping:
    input: LUZ7_control_t5_minimap.sam, LUZ7.fasta.fai
    output: LUZ7_control_t5_clipped.sam
    jobid: 21
    reason: Missing output files: LUZ7_control_t5_clipped.sam; Input files updated by another job: LUZ7_control_t5_minimap.sam
    wildcards: phage=LUZ7, cond=control, ident=t5
    resources: tmpdir=/tmp

[Thu Oct  6 00:04:16 2022]
Finished job 21.
5 of 19 steps (26%) done
Select jobs to execute...

[Thu Oct  6 00:04:16 2022]
rule samToBam:
    input: LUZ7_control_t5_clipped.sam
    output: LUZ7_control_t5.bam
    jobid: 20
    reason: Missing output files: LUZ7_control_t5.bam; Input files updated by another job: LUZ7_control_t5_clipped.sam
    wildcards: phage=LUZ7, cond=control, ident=t5
    resources: tmpdir=/tmp

[Thu Oct  6 00:04:17 2022]
Finished job 20.
6 of 19 steps (32%) done
Removing temporary output LUZ7_control_t5_clipped.sam.
Select jobs to execute...

[Thu Oct  6 00:04:17 2022]
rule sortBam:
    input: LUZ7_control_t5.bam
    output: BAM_files_LUZ7/LUZ7_control_t5.sorted.bam
    jobid: 19
    reason: Input files updated by another job: LUZ7_control_t5.bam
    wildcards: phage=LUZ7, cond=control, ident=t5
    resources: tmpdir=/tmp

[Thu Oct  6 00:04:18 2022]
Finished job 19.
7 of 19 steps (37%) done
Removing temporary output LUZ7_control_t5.bam.
Select jobs to execute...

[Thu Oct  6 00:04:18 2022]
rule createGenomecov:
    input: BAM_files_LUZ7/LUZ7_enriched_t5.sorted.bam
    output: LUZ7_peak_calling/LUZ7_enriched_t5.5end.plus.bedgraph
    jobid: 6
    reason: Missing output files: LUZ7_peak_calling/LUZ7_enriched_t5.5end.plus.bedgraph; Input files updated by another job: BAM_files_LUZ7/LUZ7_enriched_t5.sorted.bam
    wildcards: phage=LUZ7, prefix=LUZ7_enriched_t5, num=5, sign=plus
    resources: tmpdir=/tmp

[Thu Oct  6 00:04:18 2022]
Finished job 6.
8 of 19 steps (42%) done
Select jobs to execute...

[Thu Oct  6 00:04:18 2022]
rule termseqPeakCalling:
    input: LUZ7_peak_calling/LUZ7_enriched_t5.5end.plus.bedgraph
    output: LUZ7_peak_calling/LUZ7_enriched_t5.5end.plus.peaks
    jobid: 5
    reason: Missing output files: LUZ7_peak_calling/LUZ7_enriched_t5.5end.plus.peaks; Input files updated by another job: LUZ7_peak_calling/LUZ7_enriched_t5.5end.plus.bedgraph
    wildcards: phage=LUZ7, prefix=LUZ7_enriched_t5, num=5, sign=plus
    resources: tmpdir=/tmp

[Thu Oct  6 00:04:21 2022]
Finished job 5.
9 of 19 steps (47%) done
Select jobs to execute...

[Thu Oct  6 00:04:21 2022]
rule combineCovAndPeaks:
    input: LUZ7_peak_calling/LUZ7_enriched_t5.5end.plus.peaks, LUZ7_peak_calling/LUZ7_enriched_t5.5end.plus.bedgraph
    output: LUZ7_peak_calling/LUZ7_enriched_t5.5end.plus.peaks.oracle.narrowPeak.counts
    jobid: 4
    reason: Missing output files: LUZ7_peak_calling/LUZ7_enriched_t5.5end.plus.peaks.oracle.narrowPeak.counts; Input files updated by another job: LUZ7_peak_calling/LUZ7_enriched_t5.5end.plus.peaks, LUZ7_peak_calling/LUZ7_enriched_t5.5end.plus.bedgraph
    wildcards: phage=LUZ7, prefix=LUZ7_enriched_t5, num=5, sign=plus
    resources: tmpdir=/tmp

[Thu Oct  6 00:04:21 2022]
Finished job 4.
10 of 19 steps (53%) done
Select jobs to execute...

[Thu Oct  6 00:04:21 2022]
rule addTotalReadsToCounts:
    input: LUZ7_peak_calling/LUZ7_enriched_t5.5end.plus.peaks.oracle.narrowPeak.counts, BAM_files_LUZ7/LUZ7_enriched_t5.sorted.bam
    output: LUZ7_peak_calling/LUZ7_enriched_t5.5end.plus.peaks.oracle.narrowPeak.counts.withTR
    jobid: 3
    reason: Missing output files: LUZ7_peak_calling/LUZ7_enriched_t5.5end.plus.peaks.oracle.narrowPeak.counts.withTR; Input files updated by another job: LUZ7_peak_calling/LUZ7_enriched_t5.5end.plus.peaks.oracle.narrowPeak.counts, BAM_files_LUZ7/LUZ7_enriched_t5.sorted.bam
    wildcards: phage=LUZ7, prefix=LUZ7_enriched_t5, num=5, sign=plus
    resources: tmpdir=/tmp

[Thu Oct  6 00:04:22 2022]
Finished job 3.
11 of 19 steps (58%) done
Select jobs to execute...

[Thu Oct  6 00:04:22 2022]
rule clusterReads:
    input: LUZ7_peak_calling/LUZ7_enriched_t5.5end.plus.peaks.oracle.narrowPeak.counts.withTR
    output: LUZ7_peak_calling/LUZ7_enriched_t5.5end.plus.peaks.oracle.narrowPeak.counts.clustered.csv
    jobid: 2
    reason: Missing output files: LUZ7_peak_calling/LUZ7_enriched_t5.5end.plus.peaks.oracle.narrowPeak.counts.clustered.csv; Input files updated by another job: LUZ7_peak_calling/LUZ7_enriched_t5.5end.plus.peaks.oracle.narrowPeak.counts.withTR
    wildcards: phage=LUZ7, prefix=LUZ7_enriched_t5, num=5, sign=plus
    resources: tmpdir=/tmp

[Thu Oct  6 00:04:23 2022]
Finished job 2.
12 of 19 steps (63%) done
Select jobs to execute...

[Thu Oct  6 00:04:23 2022]
rule createGenomecov:
    input: BAM_files_LUZ7/LUZ7_control_t5.sorted.bam
    output: LUZ7_peak_calling/LUZ7_control_t5.5end.plus.bedgraph
    jobid: 18
    reason: Missing output files: LUZ7_peak_calling/LUZ7_control_t5.5end.plus.bedgraph; Input files updated by another job: BAM_files_LUZ7/LUZ7_control_t5.sorted.bam
    wildcards: phage=LUZ7, prefix=LUZ7_control_t5, num=5, sign=plus
    resources: tmpdir=/tmp

[Thu Oct  6 00:04:23 2022]
Finished job 18.
13 of 19 steps (68%) done
Select jobs to execute...

[Thu Oct  6 00:04:23 2022]
rule termseqPeakCalling:
    input: LUZ7_peak_calling/LUZ7_control_t5.5end.plus.bedgraph
    output: LUZ7_peak_calling/LUZ7_control_t5.5end.plus.peaks
    jobid: 17
    reason: Missing output files: LUZ7_peak_calling/LUZ7_control_t5.5end.plus.peaks; Input files updated by another job: LUZ7_peak_calling/LUZ7_control_t5.5end.plus.bedgraph
    wildcards: phage=LUZ7, prefix=LUZ7_control_t5, num=5, sign=plus
    resources: tmpdir=/tmp

[Thu Oct  6 00:04:25 2022]
Finished job 17.
14 of 19 steps (74%) done
Select jobs to execute...

[Thu Oct  6 00:04:25 2022]
rule combineCovAndPeaks:
    input: LUZ7_peak_calling/LUZ7_control_t5.5end.plus.peaks, LUZ7_peak_calling/LUZ7_control_t5.5end.plus.bedgraph
    output: LUZ7_peak_calling/LUZ7_control_t5.5end.plus.peaks.oracle.narrowPeak.counts
    jobid: 16
    reason: Missing output files: LUZ7_peak_calling/LUZ7_control_t5.5end.plus.peaks.oracle.narrowPeak.counts; Input files updated by another job: LUZ7_peak_calling/LUZ7_control_t5.5end.plus.bedgraph, LUZ7_peak_calling/LUZ7_control_t5.5end.plus.peaks
    wildcards: phage=LUZ7, prefix=LUZ7_control_t5, num=5, sign=plus
    resources: tmpdir=/tmp

[Thu Oct  6 00:04:25 2022]
Finished job 16.
15 of 19 steps (79%) done
Select jobs to execute...

[Thu Oct  6 00:04:25 2022]
rule addTotalReadsToCounts:
    input: LUZ7_peak_calling/LUZ7_control_t5.5end.plus.peaks.oracle.narrowPeak.counts, BAM_files_LUZ7/LUZ7_control_t5.sorted.bam
    output: LUZ7_peak_calling/LUZ7_control_t5.5end.plus.peaks.oracle.narrowPeak.counts.withTR
    jobid: 15
    reason: Missing output files: LUZ7_peak_calling/LUZ7_control_t5.5end.plus.peaks.oracle.narrowPeak.counts.withTR; Input files updated by another job: LUZ7_peak_calling/LUZ7_control_t5.5end.plus.peaks.oracle.narrowPeak.counts, BAM_files_LUZ7/LUZ7_control_t5.sorted.bam
    wildcards: phage=LUZ7, prefix=LUZ7_control_t5, num=5, sign=plus
    resources: tmpdir=/tmp

[Thu Oct  6 00:04:26 2022]
Finished job 15.
16 of 19 steps (84%) done
Select jobs to execute...

[Thu Oct  6 00:04:26 2022]
rule clusterReads:
    input: LUZ7_peak_calling/LUZ7_control_t5.5end.plus.peaks.oracle.narrowPeak.counts.withTR
    output: LUZ7_peak_calling/LUZ7_control_t5.5end.plus.peaks.oracle.narrowPeak.counts.clustered.csv
    jobid: 14
    reason: Missing output files: LUZ7_peak_calling/LUZ7_control_t5.5end.plus.peaks.oracle.narrowPeak.counts.clustered.csv; Input files updated by another job: LUZ7_peak_calling/LUZ7_control_t5.5end.plus.peaks.oracle.narrowPeak.counts.withTR
    wildcards: phage=LUZ7, prefix=LUZ7_control_t5, num=5, sign=plus
    resources: tmpdir=/tmp

[Thu Oct  6 00:04:27 2022]
Finished job 14.
17 of 19 steps (89%) done
Select jobs to execute...

[Thu Oct  6 00:04:27 2022]
rule getEnrichmentRatios:
    input: LUZ7_peak_calling/LUZ7_enriched_t5.5end.plus.peaks.oracle.narrowPeak.counts.clustered.csv, LUZ7_peak_calling/LUZ7_control_t5.5end.plus.peaks.oracle.narrowPeak.counts.clustered.csv
    output: TSS_LUZ7_t5/enrRatios_LUZ7_t5.plus.csv
    jobid: 1
    reason: Missing output files: TSS_LUZ7_t5/enrRatios_LUZ7_t5.plus.csv; Input files updated by another job: LUZ7_peak_calling/LUZ7_control_t5.5end.plus.peaks.oracle.narrowPeak.counts.clustered.csv, LUZ7_peak_calling/LUZ7_enriched_t5.5end.plus.peaks.oracle.narrowPeak.counts.clustered.csv
    wildcards: phage=LUZ7, ident=t5, sign=plus
    resources: tmpdir=/tmp

RuleException in rule getEnrichmentRatios in line 1 of /mnt/c/Users/danis/Desktop/Thesis/pipeline_snakemake/workflow/rules/annotateTSS.smk:
NameError: The name 'print $14' is unknown in this context. Please make sure that you defined that variable. Also note that braces not used for variable access have to be escaped by repeating them, i.e. {{print $1}}, when formatting the following:

        ePeaks=$(awk -F ',' '{print $14}' {input.enriched}| awk 'NR>1')
        cPeaks=$(awk -F ',' '{print $14}' {input.control}| awk 'NR>1')
        commonPeaks=$(grep -Fx -f <(echo "$ePeaks") <(echo "$cPeaks"))
        AllPeaks=$(paste -d ' ' <(echo "$commonPeaks") <(echo "$commonPeaks"))
        remainingPeaks=$(grep -Fxv -f <(echo "$commonPeaks") <(echo "$cPeaks"))
        for i in $(seq 1 {params.error})
        do
            cPeaksPlus=$(awk -v e="$i" -F ',' '{print $1+e}' <(echo "$remainingPeaks"))
            commonPeaksPlus=$(grep -Fx -f <(echo "$ePeaks") <(echo "$cPeaksPlus"))
            if [[ -n $commonPeaksPlus ]]
            then
                originalPlus=$(awk -v e=$i -F ',' '{print $1-e}' <(echo "$commonPeaksPlus"))
                #echo "$originalPlus"
                remainingPeaks=$(grep -Fxv -f <(echo "$originalPlus") <(echo "$remainingPeaks"))
                AllPeaksPlus=$(paste -d ' ' <(echo "$originalPlus") <(echo "$commonPeaksPlus"))
                AllPeaks=$(cat <(echo "$AllPeaks") <(echo "$AllPeaksPlus"))
            fi
            
            cPeaksMinus=$(awk -v e="$i" -F ',' '{print $1-e}' <(echo "$remainingPeaks"))
            commonPeaksMinus=$(grep -Fx -f <(echo "$ePeaks") <(echo "$cPeaksMinus"))
            if [[ -n $commonPeaksMinus ]]
            then
                originalMinus=$(awk -v e=$i -F ',' '{print $1+e}' <(echo "$commonPeaksMinus"))
                remainingPeaks=$(grep -Fxv -f <(echo "$originalMinus") <(echo "$remainingPeaks"))
                AllPeaksMinus=$(paste -d ' ' <(echo "$originalMinus") <(echo "$commonPeaksMinus"))
                AllPeaks=$(cat <(echo "$AllPeaks") <(echo "$AllPeaksMinus"))
            fi
        done
        commonEnriched=$(awk '{ print $2 }' <(echo "$AllPeaks") |        xargs -I {} awk -F "," '$14 == {} {print $1, $2, $3, $14, $5, $17, $18}' {input.enriched})
        commonControl=$(awk '{ print $1 }' <(echo "$AllPeaks") |        xargs -I {} awk -F "," '$14 == {} {print $1, $2, $3, $14, $5, $17, $18}' {input.control})
        NControlPeaks=$(echo "$commonControl" | wc -l)
        NEnrichedPeaks=$(echo "$commonEnriched" | wc -l)
        minNPeaks=$(( $NControlPeaks > $NEnrichedPeaks ? $NControlPeaks : $NEnrichedPeaks ))
        
        #check if both have any peaks
        if [[ $minNPeaks > 1 ]]
        then
            #put information in one output.
            paste -d ' ' <(echo "$commonEnriched") <(echo "$commonControl") |            awk '{print $1, $2, $3, $4, $5, $6, $7, $8, $9, $10, $11, $12, $13, $14, $7/$14}' |            sort -g -k 2,2 | awk -v t=$Threshold -F " " '$15 > t {print }' > {output}
        fi
        
