Building DAG of jobs...
Using shell: /usr/bin/bash
Provided cores: 1 (use --cores to define parallelism)
Rules claiming more threads will be scaled down.
Conda environments: ignored
Job stats:
job           count    min threads    max threads
----------  -------  -------------  -------------
clipping          1              1              1
fastaIndex        1              1              1
total             2              1              1

Select jobs to execute...

[Wed Oct  5 00:24:48 2022]
rule fastaIndex:
    output: LUZ7.fasta.fai
    jobid: 4
    reason: Missing output files: LUZ7.fasta.fai
    resources: tmpdir=/tmp

[Wed Oct  5 00:24:48 2022]
Finished job 4.
1 of 2 steps (50%) done
Select jobs to execute...

[Wed Oct  5 00:24:48 2022]
rule clipping:
    input: LUZ7_enriched_t5_minimap.sam, LUZ7.fasta.fai
    output: LUZ7_enriched_t5_clipped.sam
    jobid: 0
    reason: Missing output files: LUZ7_enriched_t5_clipped.sam; Input files updated by another job: LUZ7.fasta.fai
    wildcards: phage=LUZ7, cond=enriched, ident=t5
    resources: tmpdir=/tmp

[Wed Oct  5 00:24:48 2022]
Error in rule clipping:
    jobid: 0
    output: LUZ7_enriched_t5_clipped.sam
    shell:
        
        samclip --max 10 --ref  LUZ7.fasta < LUZ7_enriched_t5_minimap.sam > LUZ7_enriched_t5_clipped.sam
        
        (one of the commands exited with non-zero exit code; note that snakemake uses bash strict mode!)

Removing output files of failed job clipping since they might be corrupted:
LUZ7_enriched_t5_clipped.sam
Shutting down, this might take some time.
Exiting because a job execution failed. Look above for error message
Complete log: .snakemake/log/2022-10-05T002447.790684.snakemake.log
