Building DAG of jobs...
Using shell: /usr/bin/bash
Provided cores: 1 (use --cores to define parallelism)
Rules claiming more threads will be scaled down.
Conda environments: ignored
Job stats:
job                                   count    min threads    max threads
----------------------------------  -------  -------------  -------------
NegPeaksToBedFile                         1              1              1
addTotalReadsToCounts                     2              1              1
clusterReads                              2              1              1
combineCovAndPeaks                        2              1              1
createGenomecov                           2              1              1
createNotebook                            1              1              1
extractSequencesTSS                       1              1              1
getAllOverlappingPeaks                    1              1              1
getInformationFromOverlappingPeaks        1              1              1
getOverlappingPeaksWithError             10              1              1
getPeaks                                  1              1              1
splitOverlappingPeaks                     1              1              1
termseqPeakCalling                        2              1              1
total                                    27              1              1

Select jobs to execute...

[Wed Nov  9 16:36:58 2022]
rule createGenomecov:
    input: BAM_files_PhiKZ/PhiKZ_enriched_one.sorted.bam
    output: PhiKZ_peak_calling/PhiKZ_enriched_one.5end.minus.bedgraph
    jobid: 8
    reason: Missing output files: PhiKZ_peak_calling/PhiKZ_enriched_one.5end.minus.bedgraph
    wildcards: phage=PhiKZ, cond=enriched, ident=one, num=5, sign=minus
    resources: tmpdir=/tmp

[Wed Nov  9 16:36:59 2022]
Finished job 8.
1 of 27 steps (4%) done
Select jobs to execute...

[Wed Nov  9 16:36:59 2022]
rule termseqPeakCalling:
    input: PhiKZ_peak_calling/PhiKZ_enriched_one.5end.minus.bedgraph
    output: PhiKZ_peak_calling/PhiKZ_enriched_one.5end.minus.peaks
    jobid: 7
    reason: Missing output files: PhiKZ_peak_calling/PhiKZ_enriched_one.5end.minus.peaks; Input files updated by another job: PhiKZ_peak_calling/PhiKZ_enriched_one.5end.minus.bedgraph
    wildcards: phage=PhiKZ, prefix=PhiKZ_enriched_one, num=5, sign=minus
    resources: tmpdir=/tmp

[Wed Nov  9 16:37:08 2022]
Finished job 7.
2 of 27 steps (7%) done
Select jobs to execute...

[Wed Nov  9 16:37:08 2022]
rule createGenomecov:
    input: BAM_files_PhiKZ/PhiKZ_control_one.sorted.bam
    output: PhiKZ_peak_calling/PhiKZ_control_one.5end.minus.bedgraph
    jobid: 13
    reason: Missing output files: PhiKZ_peak_calling/PhiKZ_control_one.5end.minus.bedgraph
    wildcards: phage=PhiKZ, cond=control, ident=one, num=5, sign=minus
    resources: tmpdir=/tmp

[Wed Nov  9 16:37:08 2022]
Finished job 13.
3 of 27 steps (11%) done
Select jobs to execute...

[Wed Nov  9 16:37:08 2022]
rule termseqPeakCalling:
    input: PhiKZ_peak_calling/PhiKZ_control_one.5end.minus.bedgraph
    output: PhiKZ_peak_calling/PhiKZ_control_one.5end.minus.peaks
    jobid: 12
    reason: Missing output files: PhiKZ_peak_calling/PhiKZ_control_one.5end.minus.peaks; Input files updated by another job: PhiKZ_peak_calling/PhiKZ_control_one.5end.minus.bedgraph
    wildcards: phage=PhiKZ, prefix=PhiKZ_control_one, num=5, sign=minus
    resources: tmpdir=/tmp

[Wed Nov  9 16:37:12 2022]
Finished job 12.
4 of 27 steps (15%) done
Select jobs to execute...

[Wed Nov  9 16:37:12 2022]
rule combineCovAndPeaks:
    input: PhiKZ_peak_calling/PhiKZ_control_one.5end.minus.peaks, PhiKZ_peak_calling/PhiKZ_control_one.5end.minus.bedgraph
    output: PhiKZ_peak_calling/PhiKZ_control_one.5end.minus.peaks.oracle.narrowPeak.counts
    jobid: 11
    reason: Missing output files: PhiKZ_peak_calling/PhiKZ_control_one.5end.minus.peaks.oracle.narrowPeak.counts; Input files updated by another job: PhiKZ_peak_calling/PhiKZ_control_one.5end.minus.bedgraph, PhiKZ_peak_calling/PhiKZ_control_one.5end.minus.peaks
    wildcards: phage=PhiKZ, prefix=PhiKZ_control_one, num=5, sign=minus
    resources: tmpdir=/tmp

[Wed Nov  9 16:37:12 2022]
Finished job 11.
5 of 27 steps (19%) done
Select jobs to execute...

[Wed Nov  9 16:37:12 2022]
rule addTotalReadsToCounts:
    input: PhiKZ_peak_calling/PhiKZ_control_one.5end.minus.peaks.oracle.narrowPeak.counts, BAM_files_PhiKZ/PhiKZ_control_one.sorted.bam
    output: PhiKZ_peak_calling/PhiKZ_control_one.5end.minus.peaks.oracle.narrowPeak.counts.withTR
    jobid: 10
    reason: Missing output files: PhiKZ_peak_calling/PhiKZ_control_one.5end.minus.peaks.oracle.narrowPeak.counts.withTR; Input files updated by another job: PhiKZ_peak_calling/PhiKZ_control_one.5end.minus.peaks.oracle.narrowPeak.counts
    wildcards: phage=PhiKZ, prefix=PhiKZ_control_one, num=5, sign=minus
    resources: tmpdir=/tmp

[Wed Nov  9 16:37:12 2022]
Finished job 10.
6 of 27 steps (22%) done
Select jobs to execute...

[Wed Nov  9 16:37:12 2022]
rule clusterReads:
    input: PhiKZ_peak_calling/PhiKZ_control_one.5end.minus.peaks.oracle.narrowPeak.counts.withTR
    output: PhiKZ_peak_calling/PhiKZ_control_one.5end.minus.peaks.oracle.narrowPeak.counts.clustered.csv
    jobid: 9
    reason: Missing output files: PhiKZ_peak_calling/PhiKZ_control_one.5end.minus.peaks.oracle.narrowPeak.counts.clustered.csv; Input files updated by another job: PhiKZ_peak_calling/PhiKZ_control_one.5end.minus.peaks.oracle.narrowPeak.counts.withTR; Params have changed since last execution
    wildcards: phage=PhiKZ, prefix=PhiKZ_control_one, num=5, sign=minus
    resources: tmpdir=/tmp

[Wed Nov  9 16:37:15 2022]
Finished job 9.
7 of 27 steps (26%) done
Select jobs to execute...

[Wed Nov  9 16:37:15 2022]
rule combineCovAndPeaks:
    input: PhiKZ_peak_calling/PhiKZ_enriched_one.5end.minus.peaks, PhiKZ_peak_calling/PhiKZ_enriched_one.5end.minus.bedgraph
    output: PhiKZ_peak_calling/PhiKZ_enriched_one.5end.minus.peaks.oracle.narrowPeak.counts
    jobid: 6
    reason: Missing output files: PhiKZ_peak_calling/PhiKZ_enriched_one.5end.minus.peaks.oracle.narrowPeak.counts; Input files updated by another job: PhiKZ_peak_calling/PhiKZ_enriched_one.5end.minus.peaks, PhiKZ_peak_calling/PhiKZ_enriched_one.5end.minus.bedgraph
    wildcards: phage=PhiKZ, prefix=PhiKZ_enriched_one, num=5, sign=minus
    resources: tmpdir=/tmp

[Wed Nov  9 16:37:15 2022]
Finished job 6.
8 of 27 steps (30%) done
Select jobs to execute...

[Wed Nov  9 16:37:15 2022]
rule addTotalReadsToCounts:
    input: PhiKZ_peak_calling/PhiKZ_enriched_one.5end.minus.peaks.oracle.narrowPeak.counts, BAM_files_PhiKZ/PhiKZ_enriched_one.sorted.bam
    output: PhiKZ_peak_calling/PhiKZ_enriched_one.5end.minus.peaks.oracle.narrowPeak.counts.withTR
    jobid: 5
    reason: Missing output files: PhiKZ_peak_calling/PhiKZ_enriched_one.5end.minus.peaks.oracle.narrowPeak.counts.withTR; Input files updated by another job: PhiKZ_peak_calling/PhiKZ_enriched_one.5end.minus.peaks.oracle.narrowPeak.counts
    wildcards: phage=PhiKZ, prefix=PhiKZ_enriched_one, num=5, sign=minus
    resources: tmpdir=/tmp

[Wed Nov  9 16:37:16 2022]
Finished job 5.
9 of 27 steps (33%) done
Select jobs to execute...

[Wed Nov  9 16:37:16 2022]
rule clusterReads:
    input: PhiKZ_peak_calling/PhiKZ_enriched_one.5end.minus.peaks.oracle.narrowPeak.counts.withTR
    output: PhiKZ_peak_calling/PhiKZ_enriched_one.5end.minus.peaks.oracle.narrowPeak.counts.clustered.csv
    jobid: 4
    reason: Missing output files: PhiKZ_peak_calling/PhiKZ_enriched_one.5end.minus.peaks.oracle.narrowPeak.counts.clustered.csv; Input files updated by another job: PhiKZ_peak_calling/PhiKZ_enriched_one.5end.minus.peaks.oracle.narrowPeak.counts.withTR; Params have changed since last execution
    wildcards: phage=PhiKZ, prefix=PhiKZ_enriched_one, num=5, sign=minus
    resources: tmpdir=/tmp

[Wed Nov  9 16:37:17 2022]
Finished job 4.
10 of 27 steps (37%) done
Select jobs to execute...

[Wed Nov  9 16:37:17 2022]
rule getPeaks:
    input: PhiKZ_peak_calling/PhiKZ_enriched_one.5end.minus.peaks.oracle.narrowPeak.counts.clustered.csv, PhiKZ_peak_calling/PhiKZ_control_one.5end.minus.peaks.oracle.narrowPeak.counts.clustered.csv
    output: PhiKZ_one_enrichedPeaks.minus.csv, PhiKZ_one_controlPeaks.minus.csv
    jobid: 16
    reason: Missing output files: PhiKZ_one_controlPeaks.minus.csv, PhiKZ_one_enrichedPeaks.minus.csv; Input files updated by another job: PhiKZ_peak_calling/PhiKZ_control_one.5end.minus.peaks.oracle.narrowPeak.counts.clustered.csv, PhiKZ_peak_calling/PhiKZ_enriched_one.5end.minus.peaks.oracle.narrowPeak.counts.clustered.csv
    wildcards: phage=PhiKZ, ident=one, sign=minus
    resources: tmpdir=/tmp

[Wed Nov  9 16:37:17 2022]
Finished job 16.
11 of 27 steps (41%) done
Select jobs to execute...

[Wed Nov  9 16:37:17 2022]
rule splitOverlappingPeaks:
    input: PhiKZ_one_enrichedPeaks.minus.csv, PhiKZ_one_controlPeaks.minus.csv
    output: PhiKZ_one_overlapping_peaks.minus.csv, PhiKZ_one_remainingPeaks.minus.csv
    jobid: 15
    reason: Missing output files: PhiKZ_one_overlapping_peaks.minus.csv, PhiKZ_one_remainingPeaks.minus.csv; Input files updated by another job: PhiKZ_one_controlPeaks.minus.csv, PhiKZ_one_enrichedPeaks.minus.csv
    wildcards: phage=PhiKZ, ident=one, sign=minus
    resources: tmpdir=/tmp

[Wed Nov  9 16:37:17 2022]
Finished job 15.
12 of 27 steps (44%) done
Removing temporary output PhiKZ_one_controlPeaks.minus.csv.
Select jobs to execute...

[Wed Nov  9 16:37:17 2022]
rule getOverlappingPeaksWithError:
    input: PhiKZ_one_remainingPeaks.minus.csv, PhiKZ_one_enrichedPeaks.minus.csv
    output: PhiKZ_one_overlapping_peaks_lower_1.minus.csv
    jobid: 22
    reason: Missing output files: PhiKZ_one_overlapping_peaks_lower_1.minus.csv; Input files updated by another job: PhiKZ_one_remainingPeaks.minus.csv, PhiKZ_one_enrichedPeaks.minus.csv
    wildcards: phage=PhiKZ, ident=one, symb=lower, error=1, sign=minus
    resources: tmpdir=/tmp

[Wed Nov  9 16:37:17 2022]
Finished job 22.
13 of 27 steps (48%) done
Select jobs to execute...

[Wed Nov  9 16:37:18 2022]
rule getOverlappingPeaksWithError:
    input: PhiKZ_one_remainingPeaks.minus.csv, PhiKZ_one_enrichedPeaks.minus.csv
    output: PhiKZ_one_overlapping_peaks_higher_4.minus.csv
    jobid: 20
    reason: Missing output files: PhiKZ_one_overlapping_peaks_higher_4.minus.csv; Input files updated by another job: PhiKZ_one_remainingPeaks.minus.csv, PhiKZ_one_enrichedPeaks.minus.csv
    wildcards: phage=PhiKZ, ident=one, symb=higher, error=4, sign=minus
    resources: tmpdir=/tmp

[Wed Nov  9 16:37:18 2022]
Finished job 20.
14 of 27 steps (52%) done
Select jobs to execute...

[Wed Nov  9 16:37:18 2022]
rule getOverlappingPeaksWithError:
    input: PhiKZ_one_remainingPeaks.minus.csv, PhiKZ_one_enrichedPeaks.minus.csv
    output: PhiKZ_one_overlapping_peaks_higher_2.minus.csv
    jobid: 18
    reason: Missing output files: PhiKZ_one_overlapping_peaks_higher_2.minus.csv; Input files updated by another job: PhiKZ_one_remainingPeaks.minus.csv, PhiKZ_one_enrichedPeaks.minus.csv
    wildcards: phage=PhiKZ, ident=one, symb=higher, error=2, sign=minus
    resources: tmpdir=/tmp

[Wed Nov  9 16:37:18 2022]
Finished job 18.
15 of 27 steps (56%) done
Select jobs to execute...

[Wed Nov  9 16:37:18 2022]
rule getOverlappingPeaksWithError:
    input: PhiKZ_one_remainingPeaks.minus.csv, PhiKZ_one_enrichedPeaks.minus.csv
    output: PhiKZ_one_overlapping_peaks_lower_4.minus.csv
    jobid: 25
    reason: Missing output files: PhiKZ_one_overlapping_peaks_lower_4.minus.csv; Input files updated by another job: PhiKZ_one_remainingPeaks.minus.csv, PhiKZ_one_enrichedPeaks.minus.csv
    wildcards: phage=PhiKZ, ident=one, symb=lower, error=4, sign=minus
    resources: tmpdir=/tmp

[Wed Nov  9 16:37:18 2022]
Finished job 25.
16 of 27 steps (59%) done
Select jobs to execute...

[Wed Nov  9 16:37:18 2022]
rule getOverlappingPeaksWithError:
    input: PhiKZ_one_remainingPeaks.minus.csv, PhiKZ_one_enrichedPeaks.minus.csv
    output: PhiKZ_one_overlapping_peaks_lower_2.minus.csv
    jobid: 23
    reason: Missing output files: PhiKZ_one_overlapping_peaks_lower_2.minus.csv; Input files updated by another job: PhiKZ_one_remainingPeaks.minus.csv, PhiKZ_one_enrichedPeaks.minus.csv
    wildcards: phage=PhiKZ, ident=one, symb=lower, error=2, sign=minus
    resources: tmpdir=/tmp

[Wed Nov  9 16:37:18 2022]
Finished job 23.
17 of 27 steps (63%) done
Select jobs to execute...

[Wed Nov  9 16:37:18 2022]
rule getOverlappingPeaksWithError:
    input: PhiKZ_one_remainingPeaks.minus.csv, PhiKZ_one_enrichedPeaks.minus.csv
    output: PhiKZ_one_overlapping_peaks_higher_5.minus.csv
    jobid: 21
    reason: Missing output files: PhiKZ_one_overlapping_peaks_higher_5.minus.csv; Input files updated by another job: PhiKZ_one_remainingPeaks.minus.csv, PhiKZ_one_enrichedPeaks.minus.csv
    wildcards: phage=PhiKZ, ident=one, symb=higher, error=5, sign=minus
    resources: tmpdir=/tmp

[Wed Nov  9 16:37:18 2022]
Finished job 21.
18 of 27 steps (67%) done
Select jobs to execute...

[Wed Nov  9 16:37:18 2022]
rule getOverlappingPeaksWithError:
    input: PhiKZ_one_remainingPeaks.minus.csv, PhiKZ_one_enrichedPeaks.minus.csv
    output: PhiKZ_one_overlapping_peaks_higher_3.minus.csv
    jobid: 19
    reason: Missing output files: PhiKZ_one_overlapping_peaks_higher_3.minus.csv; Input files updated by another job: PhiKZ_one_remainingPeaks.minus.csv, PhiKZ_one_enrichedPeaks.minus.csv
    wildcards: phage=PhiKZ, ident=one, symb=higher, error=3, sign=minus
    resources: tmpdir=/tmp

[Wed Nov  9 16:37:18 2022]
Finished job 19.
19 of 27 steps (70%) done
Select jobs to execute...

[Wed Nov  9 16:37:18 2022]
rule getOverlappingPeaksWithError:
    input: PhiKZ_one_remainingPeaks.minus.csv, PhiKZ_one_enrichedPeaks.minus.csv
    output: PhiKZ_one_overlapping_peaks_lower_5.minus.csv
    jobid: 26
    reason: Missing output files: PhiKZ_one_overlapping_peaks_lower_5.minus.csv; Input files updated by another job: PhiKZ_one_remainingPeaks.minus.csv, PhiKZ_one_enrichedPeaks.minus.csv
    wildcards: phage=PhiKZ, ident=one, symb=lower, error=5, sign=minus
    resources: tmpdir=/tmp

[Wed Nov  9 16:37:19 2022]
Finished job 26.
20 of 27 steps (74%) done
Select jobs to execute...

[Wed Nov  9 16:37:19 2022]
rule getOverlappingPeaksWithError:
    input: PhiKZ_one_remainingPeaks.minus.csv, PhiKZ_one_enrichedPeaks.minus.csv
    output: PhiKZ_one_overlapping_peaks_lower_3.minus.csv
    jobid: 24
    reason: Missing output files: PhiKZ_one_overlapping_peaks_lower_3.minus.csv; Input files updated by another job: PhiKZ_one_remainingPeaks.minus.csv, PhiKZ_one_enrichedPeaks.minus.csv
    wildcards: phage=PhiKZ, ident=one, symb=lower, error=3, sign=minus
    resources: tmpdir=/tmp

[Wed Nov  9 16:37:19 2022]
Finished job 24.
21 of 27 steps (78%) done
Select jobs to execute...

[Wed Nov  9 16:37:19 2022]
rule getOverlappingPeaksWithError:
    input: PhiKZ_one_remainingPeaks.minus.csv, PhiKZ_one_enrichedPeaks.minus.csv
    output: PhiKZ_one_overlapping_peaks_higher_1.minus.csv
    jobid: 17
    reason: Missing output files: PhiKZ_one_overlapping_peaks_higher_1.minus.csv; Input files updated by another job: PhiKZ_one_remainingPeaks.minus.csv, PhiKZ_one_enrichedPeaks.minus.csv
    wildcards: phage=PhiKZ, ident=one, symb=higher, error=1, sign=minus
    resources: tmpdir=/tmp

[Wed Nov  9 16:37:19 2022]
Finished job 17.
22 of 27 steps (81%) done
Removing temporary output PhiKZ_one_remainingPeaks.minus.csv.
Removing temporary output PhiKZ_one_enrichedPeaks.minus.csv.
Select jobs to execute...

[Wed Nov  9 16:37:19 2022]
rule getAllOverlappingPeaks:
    input: PhiKZ_one_overlapping_peaks.minus.csv, PhiKZ_one_overlapping_peaks_higher_1.minus.csv, PhiKZ_one_overlapping_peaks_higher_2.minus.csv, PhiKZ_one_overlapping_peaks_higher_3.minus.csv, PhiKZ_one_overlapping_peaks_higher_4.minus.csv, PhiKZ_one_overlapping_peaks_higher_5.minus.csv, PhiKZ_one_overlapping_peaks_lower_1.minus.csv, PhiKZ_one_overlapping_peaks_lower_2.minus.csv, PhiKZ_one_overlapping_peaks_lower_3.minus.csv, PhiKZ_one_overlapping_peaks_lower_4.minus.csv, PhiKZ_one_overlapping_peaks_lower_5.minus.csv
    output: PhiKZ_one_all_overlapping_peaks.minus.csv
    jobid: 14
    reason: Missing output files: PhiKZ_one_all_overlapping_peaks.minus.csv; Input files updated by another job: PhiKZ_one_overlapping_peaks_lower_3.minus.csv, PhiKZ_one_overlapping_peaks_higher_3.minus.csv, PhiKZ_one_overlapping_peaks_higher_1.minus.csv, PhiKZ_one_overlapping_peaks_lower_2.minus.csv, PhiKZ_one_overlapping_peaks_higher_5.minus.csv, PhiKZ_one_overlapping_peaks_lower_1.minus.csv, PhiKZ_one_overlapping_peaks_higher_2.minus.csv, PhiKZ_one_overlapping_peaks_lower_4.minus.csv, PhiKZ_one_overlapping_peaks_lower_5.minus.csv, PhiKZ_one_overlapping_peaks_higher_4.minus.csv, PhiKZ_one_overlapping_peaks.minus.csv
    wildcards: phage=PhiKZ, ident=one, sign=minus
    resources: tmpdir=/tmp

[Wed Nov  9 16:37:19 2022]
Finished job 14.
23 of 27 steps (85%) done
Removing temporary output PhiKZ_one_overlapping_peaks.minus.csv.
Removing temporary output PhiKZ_one_overlapping_peaks_higher_1.minus.csv.
Removing temporary output PhiKZ_one_overlapping_peaks_higher_2.minus.csv.
Removing temporary output PhiKZ_one_overlapping_peaks_higher_3.minus.csv.
Removing temporary output PhiKZ_one_overlapping_peaks_higher_4.minus.csv.
Removing temporary output PhiKZ_one_overlapping_peaks_higher_5.minus.csv.
Removing temporary output PhiKZ_one_overlapping_peaks_lower_1.minus.csv.
Removing temporary output PhiKZ_one_overlapping_peaks_lower_2.minus.csv.
Removing temporary output PhiKZ_one_overlapping_peaks_lower_3.minus.csv.
Removing temporary output PhiKZ_one_overlapping_peaks_lower_4.minus.csv.
Removing temporary output PhiKZ_one_overlapping_peaks_lower_5.minus.csv.
Select jobs to execute...

[Wed Nov  9 16:37:19 2022]
rule getInformationFromOverlappingPeaks:
    input: PhiKZ_peak_calling/PhiKZ_enriched_one.5end.minus.peaks.oracle.narrowPeak.counts.clustered.csv, PhiKZ_peak_calling/PhiKZ_control_one.5end.minus.peaks.oracle.narrowPeak.counts.clustered.csv, PhiKZ_one_all_overlapping_peaks.minus.csv
    output: TSS_PhiKZ_one/enr_ratios_PhiKZ_one.minus.csv
    jobid: 3
    reason: Missing output files: TSS_PhiKZ_one/enr_ratios_PhiKZ_one.minus.csv; Input files updated by another job: PhiKZ_one_all_overlapping_peaks.minus.csv, PhiKZ_peak_calling/PhiKZ_control_one.5end.minus.peaks.oracle.narrowPeak.counts.clustered.csv, PhiKZ_peak_calling/PhiKZ_enriched_one.5end.minus.peaks.oracle.narrowPeak.counts.clustered.csv
    wildcards: phage=PhiKZ, ident=one, sign=minus
    resources: tmpdir=/tmp

[Wed Nov  9 16:37:20 2022]
Finished job 3.
24 of 27 steps (89%) done
Removing temporary output PhiKZ_one_all_overlapping_peaks.minus.csv.
Select jobs to execute...

[Wed Nov  9 16:37:20 2022]
rule NegPeaksToBedFile:
    input: TSS_PhiKZ_one/enr_ratios_PhiKZ_one.minus.csv
    output: TSS_PhiKZ_one/PhiKZ_enriched_one_peaks.minus.bed, TSS_PhiKZ_one/PhiKZ_control_one_peaks.minus.bed
    jobid: 2
    reason: Missing output files: TSS_PhiKZ_one/PhiKZ_enriched_one_peaks.minus.bed; Input files updated by another job: TSS_PhiKZ_one/enr_ratios_PhiKZ_one.minus.csv
    wildcards: phage=PhiKZ, ident=one
    resources: tmpdir=/tmp

[Wed Nov  9 16:37:21 2022]
Finished job 2.
25 of 27 steps (93%) done
Select jobs to execute...

[Wed Nov  9 16:37:21 2022]
rule extractSequencesTSS:
    input: TSS_PhiKZ_one/PhiKZ_enriched_one_peaks.minus.bed
    output: TSS_PhiKZ_one/TSS_seq_PhiKZ_enriched_one.minus.fa.out
    jobid: 1
    reason: Missing output files: TSS_PhiKZ_one/TSS_seq_PhiKZ_enriched_one.minus.fa.out; Input files updated by another job: TSS_PhiKZ_one/PhiKZ_enriched_one_peaks.minus.bed
    wildcards: phage=PhiKZ, ident=one, cond=enriched, sign=minus
    resources: tmpdir=/tmp

[Wed Nov  9 16:37:21 2022]
Finished job 1.
26 of 27 steps (96%) done
Select jobs to execute...

[Wed Nov  9 16:37:21 2022]
rule createNotebook:
    input: TSS_PhiKZ_one/TSS_seq_PhiKZ_enriched_one.minus.fa.out
    output: TSS_PhiKZ_one/structural_properties/PhiKZ_one_curvature.minus.png, TSS_PhiKZ_one/structural_properties/PhiKZ_one_curvature.minus.csv, TSS_PhiKZ_one/structural_properties/PhiKZ_one_stability.minus.png, TSS_PhiKZ_one/structural_properties/PhiKZ_one_stability.minus.csv, TSS_PhiKZ_one/structural_properties/PhiKZ_one_bendability.minus.png, TSS_PhiKZ_one/structural_properties/PhiKZ_one_bendability.minus.csv
    log: logs/notebooks/PhiKZ_one.minus.ipynb
    jobid: 0
    reason: Input files updated by another job: TSS_PhiKZ_one/TSS_seq_PhiKZ_enriched_one.minus.fa.out
    wildcards: phage=PhiKZ, ident=one, sign=minus
    resources: tmpdir=/tmp

[Wed Nov  9 16:37:48 2022]
Finished job 0.
27 of 27 steps (100%) done
Complete log: .snakemake/log/2022-11-09T163657.937971.snakemake.log
