Building DAG of jobs...
Using shell: /usr/bin/bash
Provided cores: 1 (use --cores to define parallelism)
Rules claiming more threads will be scaled down.
Conda environments: ignored
Job stats:
job                   count    min threads    max threads
------------------  -------  -------------  -------------
clip_filter_to_bam        1              1              1
total                     1              1              1

Select jobs to execute...

[Wed Oct  5 01:02:32 2022]
rule clip_filter_to_bam:
    input: LUZ7_enriched_t5_minimap.sam, LUZ7.fasta.fai
    output: LUZ7_enriched_t5.sorted.bam
    jobid: 0
    reason: Missing output files: LUZ7_enriched_t5.sorted.bam
    wildcards: phage=LUZ7, cond=enriched, ident=t5
    resources: tmpdir=/tmp

[Wed Oct  5 01:02:36 2022]
Error in rule clip_filter_to_bam:
    jobid: 0
    output: LUZ7_enriched_t5.sorted.bam
    shell:
        
        clipSAM=$(samclip --max 10 --ref  LUZ7.fasta < LUZ7_enriched_t5_minimap.sam)
        clippedBAM=$(samtools view -q 30 -S -b <(echo "$clipSAM"))
        samtools sort <(echo "$clipBAM") -o  LUZ7_enriched_t5.sorted.bam
        samtools index LUZ7_enriched_t5.sorted.bam
        
        (one of the commands exited with non-zero exit code; note that snakemake uses bash strict mode!)

Shutting down, this might take some time.
Exiting because a job execution failed. Look above for error message
Complete log: .snakemake/log/2022-10-05T010231.704367.snakemake.log
