Building DAG of jobs...
Using shell: /usr/bin/bash
Provided cores: 1 (use --cores to define parallelism)
Rules claiming more threads will be scaled down.
Conda environments: ignored
Job stats:
job               count    min threads    max threads
--------------  -------  -------------  -------------
createNotebook        1              1              1
total                 1              1              1

Select jobs to execute...

[Thu Nov 10 12:32:19 2022]
rule createNotebook:
    input: TSS_LUZ7_t5/TSS_seq_LUZ7_enriched_t5.plus.fa.out
    output: TSS_LUZ7_t5/structural_properties/LUZ7_t5_curvature.plus.png, TSS_LUZ7_t5/structural_properties/LUZ7_t5_curvature.plus.csv, TSS_LUZ7_t5/structural_properties/LUZ7_t5_stability.plus.png, TSS_LUZ7_t5/structural_properties/LUZ7_t5_stability.plus.csv, TSS_LUZ7_t5/structural_properties/LUZ7_t5_bendability.plus.png, TSS_LUZ7_t5/structural_properties/LUZ7_t5_bendability.plus.csv
    log: logs/notebooks/LUZ7_t5.plus.ipynb
    jobid: 0
    reason: Missing output files: TSS_LUZ7_t5/structural_properties/LUZ7_t5_curvature.plus.png
    wildcards: phage=LUZ7, ident=t5, sign=plus
    resources: tmpdir=/tmp

[Thu Nov 10 12:32:26 2022]
Error in rule createNotebook:
    jobid: 0
    output: TSS_LUZ7_t5/structural_properties/LUZ7_t5_curvature.plus.png, TSS_LUZ7_t5/structural_properties/LUZ7_t5_curvature.plus.csv, TSS_LUZ7_t5/structural_properties/LUZ7_t5_stability.plus.png, TSS_LUZ7_t5/structural_properties/LUZ7_t5_stability.plus.csv, TSS_LUZ7_t5/structural_properties/LUZ7_t5_bendability.plus.png, TSS_LUZ7_t5/structural_properties/LUZ7_t5_bendability.plus.csv
    log: logs/notebooks/LUZ7_t5.plus.ipynb (check log file(s) for error message)

RuleException:
CalledProcessErrorin line 13 of /mnt/c/Users/danis/Desktop/Thesis/pipeline_snakemake/workflow/rules/notebookStructuralProperties.smk:
Command 'set -euo pipefail;  jupyter-nbconvert --log-level ERROR --execute --output /mnt/c/Users/danis/Desktop/Thesis/pipeline_snakemake/logs/notebooks/LUZ7_t5.plus.ipynb --to notebook --ExecutePreprocessor.timeout=-1 /mnt/c/Users/danis/Desktop/Thesis/pipeline_snakemake/.snakemake/scripts/tmpcfxaj9uq.structuralProperties.py.ipynb' returned non-zero exit status 1.
  File "/mnt/c/Users/danis/Desktop/Thesis/pipeline_snakemake/workflow/rules/notebookStructuralProperties.smk", line 13, in __rule_createNotebook
  File "/home/yostrich/anaconda3/envs/snakemake/lib/python3.10/concurrent/futures/thread.py", line 58, in run
Shutting down, this might take some time.
Exiting because a job execution failed. Look above for error message
Complete log: .snakemake/log/2022-11-10T123219.016008.snakemake.log
