Building DAG of jobs...
Using shell: /usr/bin/bash
Provided cores: 1 (use --cores to define parallelism)
Rules claiming more threads will be scaled down.
Conda environments: ignored
Job stats:
job          count    min threads    max threads
---------  -------  -------------  -------------
clipping         1              1              1
cutadapt         1              1              1
minimap2         1              1              1
pychopper        1              1              1
samToBam         1              1              1
sortBam          1              1              1
total            6              1              1

Select jobs to execute...

[Fri Oct 14 10:03:49 2022]
rule pychopper:
    output: pychopper_LUZ71_t5/LUZ71_enriched_t5_full_length_output.fq, pychopper_LUZ71_t5/LUZ71_control_t5_full_length_output.fq
    jobid: 5
    reason: Missing output files: pychopper_LUZ71_t5/LUZ71_enriched_t5_full_length_output.fq
    resources: tmpdir=/tmp

Terminating processes on user request, this might take some time.
[Fri Oct 14 10:07:42 2022]
Error in rule pychopper:
    jobid: 5
    output: pychopper_LUZ71_t5/LUZ71_enriched_t5_full_length_output.fq, pychopper_LUZ71_t5/LUZ71_control_t5_full_length_output.fq
    shell:
        
        pychopper -r pychopper_LUZ71_t5/LUZ71_enriched_t5_report.pdf testData/LUZ7_enriched.fastq pychopper_LUZ71_t5/LUZ71_enriched_t5_full_length_output.fq

        pychopper -r pychopper_LUZ71_t5/LUZ71_control_t5_report.pdf testData/LUZ7_control.fastq pychopper_LUZ71_t5/LUZ71_control_t5_full_length_output.fq
        
        (one of the commands exited with non-zero exit code; note that snakemake uses bash strict mode!)

Complete log: .snakemake/log/2022-10-14T100349.033598.snakemake.log
