Building DAG of jobs...
Using shell: /usr/bin/bash
Provided cores: 1 (use --cores to define parallelism)
Rules claiming more threads will be scaled down.
Conda environments: ignored
Job stats:
job                                   count    min threads    max threads
----------------------------------  -------  -------------  -------------
all                                       1              1              1
getAllOverlappingPeaks                    1              1              1
getInformationFromOverlappingPeaks        1              1              1
getOverlappingPeaksWithError              4              1              1
total                                     7              1              1

Select jobs to execute...

[Wed Oct 12 13:43:38 2022]
rule getOverlappingPeaksWithError:
    input: LUZ7_t5_remainingPeaks.plus.csv, LUZ7_t5_enrichedPeaks.plus.csv
    output: LUZ7_t5_overlapping_peaks_lower_2.plus.csv
    jobid: 30
    reason: Missing output files: LUZ7_t5_overlapping_peaks_lower_2.plus.csv
    wildcards: phage=LUZ7, ident=t5, symb=lower, error=2, sign=plus
    resources: tmpdir=/tmp

RuleException in rule getOverlappingPeaksWithError in line 23 of /mnt/c/Users/danis/Desktop/Thesis/pipeline_snakemake/workflow/rules/annotateTSS.smk:
ValueError: unexpected '{' in field name, when formatting the following:

        errorPeaks=$(awk -F ',' '{{print $1{params.symb}{wildcards.error}}}' {input[0]})
        test=$(grep -Fx -f {input[1]} <(echo "$errorPeaks") || true)
        awk -F ',' '{if (NR > 1) {print $1,$1{params.invSymb}{wildcards.error}}}' <(echo "$test") > {output}
        
